<?xml version="1.0" encoding="utf-8"?><testsuites name="pytest tests"><testsuite name="pytest" errors="0" failures="0" skipped="0" tests="14" time="2.143" timestamp="2026-05-03T11:01:37.475265+00:00" hostname="agent-env-258f9f30-d445-4e1e-ac0d-fbcfecaf2431"><testcase classname="tests.test_connector_autoupdate.TestUpdateCheck" name="test_update_check_returns_filename_field" time="0.240" /><testcase classname="tests.test_connector_autoupdate.TestUpdateCheck" name="test_update_check_full_payload" time="0.000" /><testcase classname="tests.test_connector_autoupdate.TestUpdateCheck" name="test_update_check_latest_version" time="0.000" /><testcase classname="tests.test_connector_autoupdate.TestUpdateCheck" name="test_download_url_consistency" time="0.000" /><testcase classname="tests.test_connector_autoupdate.TestUpdateCheck" name="test_update_check_invalid_api_key" time="0.102" /><testcase classname="tests.test_connector_autoupdate.TestDownload" name="test_download_with_api_key" time="0.165" /><testcase classname="tests.test_connector_autoupdate.TestDownload" name="test_download_with_admin_jwt" time="0.303" /><testcase classname="tests.test_connector_autoupdate.TestDownload" name="test_download_with_admin_jwt_query_param" time="0.152" /><testcase classname="tests.test_connector_autoupdate.TestDownload" name="test_download_non_existing_file_404" time="0.105" /><testcase classname="tests.test_connector_autoupdate.TestDownload" name="test_download_no_auth_401" time="0.115" /><testcase classname="tests.test_connector_autoupdate.TestHeartbeatForceUpdate" name="test_heartbeat_force_update_returns_filename" time="0.451" /><testcase classname="tests.test_connector_autoupdate.TestUpdateInfo" name="test_update_info_admin" time="0.098" /><testcase classname="tests.test_connector_autoupdate.TestPublicDownload" name="test_public_download_latest_no_auth" time="0.152" /><testcase classname="tests.test_connector_autoupdate.TestNoActiveUpdate" name="test_no_active_update_response" time="0.186" /></testsuite></testsuites>