<?xml version="1.0" encoding="utf-8"?><testsuites name="pytest tests"><testsuite name="pytest" errors="0" failures="0" skipped="0" tests="6" time="7.325" timestamp="2026-07-24T08:21:49.984795+00:00" hostname="agent-env-f838a385-c5fa-47be-b41c-d46466af6620"><testcase classname="backend.tests.test_datto_recovery_alerts" name="test_no_active_datto_sync_recovery_via_api" time="0.414" /><testcase classname="backend.tests.test_datto_recovery_alerts" name="test_no_test_alert_leftovers" time="0.133" /><testcase classname="backend.tests.test_datto_recovery_alerts" name="test_vital_only_no_recovery_noise" time="0.166" /><testcase classname="backend.tests.test_datto_recovery_alerts" name="test_recovery_transition_persists_resolved_only" time="3.183" /><testcase classname="backend.tests.test_datto_recovery_alerts" name="test_api_returns_active_alerts_correctly" time="0.133" /><testcase classname="backend.tests.test_datto_recovery_alerts" name="test_genuine_stale_creates_active_alert" time="3.155" /></testsuite></testsuites>