<?xml version="1.0" encoding="utf-8"?><testsuites name="pytest tests"><testsuite name="pytest" errors="0" failures="0" skipped="0" tests="7" time="1.307" timestamp="2026-07-24T11:20:12.614874+00:00" hostname="agent-env-f838a385-c5fa-47be-b41c-d46466af6620"><testcase classname="backend.tests.test_datto_evidence.TestDattoAsEvidence" name="test_1_datto_online_promotes_offline_to_online_via_uid" time="0.435" /><testcase classname="backend.tests.test_datto_evidence.TestDattoAsEvidence" name="test_2_datto_online_promotes_via_ip_when_no_uid" time="0.111" /><testcase classname="backend.tests.test_datto_evidence.TestDattoAsEvidence" name="test_3_datto_online_promotes_via_mac" time="0.143" /><testcase classname="backend.tests.test_datto_evidence.TestDattoAsEvidence" name="test_4_datto_offline_does_not_promote" time="0.118" /><testcase classname="backend.tests.test_datto_evidence.TestDattoAsEvidence" name="test_5_datto_stale_heartbeat_does_not_promote" time="0.145" /><testcase classname="backend.tests.test_datto_evidence.TestDattoAsEvidence" name="test_6_regression_no_datto_no_l2_stays_offline" time="0.111" /><testcase classname="backend.tests.test_datto_evidence.TestDattoAsEvidence" name="test_7_regression_reachable_via_ping_stays_online" time="0.108" /></testsuite></testsuites>