<?xml version="1.0" encoding="utf-8"?><testsuites name="pytest tests"><testsuite name="pytest" errors="0" failures="0" skipped="0" tests="7" time="31.591" timestamp="2026-08-17T13:33:03.240546+00:00" hostname="agent-env-f838a385-c5fa-47be-b41c-d46466af6620"><testcase classname="tests.test_hornetsecurity_poll_500_iter116.TestHornetsecurityGlobal" name="test_global_config_present" time="0.506" /><testcase classname="tests.test_hornetsecurity_poll_500_iter116.TestHornetsecurityGlobal" name="test_test_endpoint_never_500" time="15.399" /><testcase classname="tests.test_hornetsecurity_poll_500_iter116.TestHornetsecurityGlobal" name="test_poll_endpoint_never_500" time="15.080" /><testcase classname="tests.test_hornetsecurity_poll_500_iter116.TestHornetsecurityGlobal" name="test_poll_second_call_rate_limited_not_500" time="0.087" /><testcase classname="tests.test_hornetsecurity_poll_500_iter116.TestHornetsecurityGlobal" name="test_tenants_endpoint" time="0.097" /><testcase classname="tests.test_hornetsecurity_poll_500_iter116.TestHornetsecurityGlobal" name="test_no_mongo_objectid_leak_in_tenants" time="0.088" /><testcase classname="tests.test_hornetsecurity_poll_500_iter116.TestHornetsecurityGlobal" name="test_unauthenticated_poll_rejected" time="0.272" /></testsuite></testsuites>