<?xml version="1.0" encoding="utf-8"?><testsuites name="pytest tests"><testsuite name="pytest" errors="0" failures="0" skipped="0" tests="10" time="1.454" timestamp="2026-07-28T16:20:34.775191+00:00" hostname="agent-env-f838a385-c5fa-47be-b41c-d46466af6620"><testcase classname="tests.test_info_card_multitenant_iter96.TestInfoCardMultiTenant" name="test_info_card_scoped_client_x" time="0.452" /><testcase classname="tests.test_info_card_multitenant_iter96.TestInfoCardMultiTenant" name="test_info_card_scoped_client_y" time="0.081" /><testcase classname="tests.test_info_card_multitenant_iter96.TestInfoCardMultiTenant" name="test_info_card_no_collision" time="0.086" /><testcase classname="tests.test_info_card_multitenant_iter96.TestInfoCardMultiTenant" name="test_info_card_404_wrong_client" time="0.082" /><testcase classname="tests.test_info_card_multitenant_iter96.TestInfoCardMultiTenant" name="test_info_card_404_ip_unique_wrong_client" time="0.087" /><testcase classname="tests.test_info_card_multitenant_iter96.TestInfoCardMultiTenant" name="test_info_card_backward_compat_no_client_id" time="0.097" /><testcase classname="tests.test_info_card_multitenant_iter96.TestInfoCardMultiTenant" name="test_info_card_requires_auth" time="0.180" /><testcase classname="tests.test_info_card_multitenant_iter96.TestInfoCardMultiTenant" name="test_info_card_no_mongo_objectid" time="0.081" /><testcase classname="tests.test_info_card_multitenant_iter96.TestDevicesListScoped" name="test_devices_list_scoped_x" time="0.085" /><testcase classname="tests.test_info_card_multitenant_iter96.TestDevicesListScoped" name="test_devices_list_scoped_y" time="0.085" /></testsuite></testsuites>