<?xml version="1.0" encoding="utf-8"?><testsuites name="pytest tests"><testsuite name="pytest" errors="0" failures="0" skipped="0" tests="5" time="1.006" timestamp="2026-05-26T18:49:29.269842+00:00" hostname="agent-env-367dfdda-b37f-4bd8-84f0-64015405244c"><testcase classname="backend.tests.test_alerts_clear_all_iter83" name="test_clear_all_requires_auth" time="0.125" /><testcase classname="backend.tests.test_alerts_clear_all_iter83" name="test_clear_all_invalid_scope" time="0.325" /><testcase classname="backend.tests.test_alerts_clear_all_iter83" name="test_clear_all_active_scope_responds_200" time="0.124" /><testcase classname="backend.tests.test_alerts_clear_all_iter83" name="test_clear_all_seed_and_delete" time="0.246" /><testcase classname="backend.tests.test_alerts_clear_all_iter83" name="test_clear_all_resolved_scope_zero" time="0.135" /></testsuite></testsuites>