<?xml version="1.0" encoding="utf-8"?><testsuites name="pytest tests"><testsuite name="pytest" errors="0" failures="0" skipped="0" tests="19" time="4.011" timestamp="2026-05-27T17:29:00.707805+00:00" hostname="agent-env-367dfdda-b37f-4bd8-84f0-64015405244c"><testcase classname="backend.tests.test_external_monitor_iter84.TestNonRegression" name="test_targets_list" time="0.435" /><testcase classname="backend.tests.test_external_monitor_iter84.TestNonRegression" name="test_status_all" time="0.126" /><testcase classname="backend.tests.test_external_monitor_iter84.TestNonRegression" name="test_test_connection_minimal" time="0.110" /><testcase classname="backend.tests.test_external_monitor_iter84.TestInsights" name="test_insights_structure" time="0.293" /><testcase classname="backend.tests.test_external_monitor_iter84.TestInsights" name="test_insights_uptime_bounds" time="0.162" /><testcase classname="backend.tests.test_external_monitor_iter84.TestInsights" name="test_insights_flat_history_bug_fix" time="0.170" /><testcase classname="backend.tests.test_external_monitor_iter84.TestGeoIP" name="test_geoip_google_dns" time="0.121" /><testcase classname="backend.tests.test_external_monitor_iter84.TestGeoIP" name="test_geoip_cache_second_call" time="0.421" /><testcase classname="backend.tests.test_external_monitor_iter84.TestDnsHealth" name="test_dns_health_structure" time="0.162" /><testcase classname="backend.tests.test_external_monitor_iter84.TestDnsHealth" name="test_dns_health_public_resolvers_healthy" time="0.158" /><testcase classname="backend.tests.test_external_monitor_iter84.TestDnsHealth" name="test_dns_health_404_unknown_target" time="0.175" /><testcase classname="backend.tests.test_external_monitor_iter84.TestPublicIPHistory" name="test_public_ip_history_structure" time="0.129" /><testcase classname="backend.tests.test_external_monitor_iter84.TestPublicIPHistory" name="test_public_ip_history_limit" time="0.122" /><testcase classname="backend.tests.test_external_monitor_iter84.TestSpeedtest" name="test_speedtest_trigger_503_no_agent" time="0.119" /><testcase classname="backend.tests.test_external_monitor_iter84.TestSpeedtest" name="test_speedtest_history_structure" time="0.119" /><testcase classname="backend.tests.test_external_monitor_iter84.TestSpeedtest" name="test_speedtest_result_manual_submit" time="0.753" /><testcase classname="backend.tests.test_external_monitor_iter84.TestSpeedtest" name="test_speedtest_result_missing_cmd_id" time="0.119" /><testcase classname="backend.tests.test_external_monitor_iter84.TestAuthGuard" name="test_insights_requires_auth" time="0.113" /><testcase classname="backend.tests.test_external_monitor_iter84.TestAuthGuard" name="test_geoip_requires_auth" time="0.108" /></testsuite></testsuites>