<?xml version="1.0" encoding="utf-8"?><testsuites name="pytest tests"><testsuite name="pytest" errors="0" failures="0" skipped="0" tests="15" time="4.922" timestamp="2026-08-19T10:53:04.351426+00:00" hostname="agent-env-344330e7-878f-40bc-ab90-879dd5211fdc"><testcase classname="tests.test_situation_engine_iter122.TestAuthGuard" name="test_device_diagnosis_requires_auth" time="2.347" /><testcase classname="tests.test_situation_engine_iter122.TestAuthGuard" name="test_client_diagnosis_requires_auth" time="0.203" /><testcase classname="tests.test_situation_engine_iter122.TestAuthGuard" name="test_bad_token_rejected" time="0.132" /><testcase classname="tests.test_situation_engine_iter122.TestDeviceDiagnosis" name="test_schema_and_up_device" time="0.570" /><testcase classname="tests.test_situation_engine_iter122.TestDeviceDiagnosis" name="test_no_mongo_objectid_leak" time="0.138" /><testcase classname="tests.test_situation_engine_iter122.TestDeviceDiagnosis" name="test_unknown_device_404" time="0.132" /><testcase classname="tests.test_situation_engine_iter122.TestDeviceDiagnosis" name="test_without_client_id_still_works" time="0.137" /><testcase classname="tests.test_situation_engine_iter122.TestDeviceDiagnosis" name="test_wrong_client_id_isolation" time="0.121" /><testcase classname="tests.test_situation_engine_iter122.TestCrossDomainFusion" name="test_fusion_includes_all_domains_and_picks_security" time="0.145" /><testcase classname="tests.test_situation_engine_iter122.TestCrossDomainFusion" name="test_cleanup_restores_ok" time="0.139" /><testcase classname="tests.test_situation_engine_iter122.TestClientDiagnosis" name="test_schema" time="0.149" /><testcase classname="tests.test_situation_engine_iter122.TestClientDiagnosis" name="test_client_situations_aggregation" time="0.141" /><testcase classname="tests.test_situation_engine_iter122.TestClientDiagnosis" name="test_only_problems_false_includes_ok" time="0.098" /><testcase classname="tests.test_situation_engine_iter122.TestClientDiagnosis" name="test_counts_match_devices_when_all_returned" time="0.153" /><testcase classname="tests.test_situation_engine_iter122.TestClientDiagnosis" name="test_unknown_client_returns_empty" time="0.129" /></testsuite></testsuites>