<?xml version="1.0" encoding="utf-8"?><testsuites name="pytest tests"><testsuite name="pytest" errors="0" failures="0" skipped="0" tests="12" time="2.784" timestamp="2026-07-28T16:32:12.847710+00:00" hostname="agent-env-f838a385-c5fa-47be-b41c-d46466af6620"><testcase classname="tests.test_byip_multitenant_iter97.TestInfoCardScope" name="test_info_card_returns_only_requested_client" time="0.598" /><testcase classname="tests.test_byip_multitenant_iter97.TestInfoCardScope" name="test_info_card_404_for_client_without_ip" time="0.084" /><testcase classname="tests.test_byip_multitenant_iter97.TestInfoCardScope" name="test_info_card_requires_auth" time="0.148" /><testcase classname="tests.test_byip_multitenant_iter97.TestVendorDetailsScope" name="test_vendor_details_scoped_by_client" time="0.154" /><testcase classname="tests.test_byip_multitenant_iter97.TestVendorDetailsScope" name="test_vendor_details_no_leak_for_client_without_ip" time="0.074" /><testcase classname="tests.test_byip_multitenant_iter97.TestVendorDetailsScope" name="test_vendor_details_requires_auth" time="0.116" /><testcase classname="tests.test_byip_multitenant_iter97.TestMetricsHistoryScope" name="test_metrics_cpu_only_requested_client" time="0.081" /><testcase classname="tests.test_byip_multitenant_iter97.TestMetricsHistoryScope" name="test_metrics_cpu_client_y_isolated" time="0.085" /><testcase classname="tests.test_byip_multitenant_iter97.TestMetricsHistoryScope" name="test_metrics_memory_scoped" time="0.074" /><testcase classname="tests.test_byip_multitenant_iter97.TestMetricsHistoryScope" name="test_metrics_empty_for_client_without_data" time="0.810" /><testcase classname="tests.test_byip_multitenant_iter97.TestSingleClientRegression" name="test_all_three_endpoints_ok_for_exclusive_device" time="0.250" /><testcase classname="tests.test_byip_multitenant_iter97.TestSingleClientRegression" name="test_backward_compat_without_client_id" time="0.166" /></testsuite></testsuites>