<?xml version="1.0" encoding="utf-8"?><testsuites name="pytest tests"><testsuite name="pytest" errors="0" failures="0" skipped="0" tests="20" time="22.913" timestamp="2026-08-18T10:38:34.873916+00:00" hostname="agent-env-344330e7-878f-40bc-ab90-879dd5211fdc"><testcase classname="tests.test_blackout_wan_freshness_iter119.TestLivenessResolverUnit" name="test_constants_speed_tuning" time="0.009" /><testcase classname="tests.test_blackout_wan_freshness_iter119.TestLivenessResolverUnit" name="test_agent_stale_set" time="0.006" /><testcase classname="tests.test_blackout_wan_freshness_iter119.TestLivenessResolverUnit" name="test_wan_down_freshness_and_all_targets" time="0.005" /><testcase classname="tests.test_blackout_wan_freshness_iter119.TestLivenessResolverUnit" name="test_blackout_intersection" time="0.005" /><testcase classname="tests.test_blackout_wan_freshness_iter119.TestLivenessResolverUnit" name="test_compute_status_blackout_is_offline_site_blackout" time="0.004" /><testcase classname="tests.test_blackout_wan_freshness_iter119.TestLivenessResolverUnit" name="test_compute_status_agent_down_wan_up_is_stale" time="0.004" /><testcase classname="tests.test_blackout_wan_freshness_iter119.TestLivenessResolverUnit" name="test_compute_status_evidence_does_not_override_blackout" time="0.005" /><testcase classname="tests.test_blackout_wan_freshness_iter119.TestLivenessResolverUnit" name="test_compute_status_regression_live_client_online" time="0.006" /><testcase classname="tests.test_blackout_wan_freshness_iter119.TestLivenessResolverUnit" name="test_wan_recovery_flips_blackout_to_stale" time="0.006" /><testcase classname="tests.test_blackout_wan_freshness_iter119.TestLivenessResolverUnit" name="test_ports_open_counts_as_reachable" time="0.006" /><testcase classname="tests.test_blackout_wan_freshness_iter119.TestRestConsistency" name="test_devices_endpoint_blackout_offline" time="0.627" /><testcase classname="tests.test_blackout_wan_freshness_iter119.TestRestConsistency" name="test_devices_endpoint_agent_down_wan_up_stale" time="0.329" /><testcase classname="tests.test_blackout_wan_freshness_iter119.TestRestConsistency" name="test_devices_endpoint_live_client_online" time="0.160" /><testcase classname="tests.test_blackout_wan_freshness_iter119.TestRestConsistency" name="test_overview_matches_devices_endpoint" time="0.446" /><testcase classname="tests.test_blackout_wan_freshness_iter119.TestRestConsistency" name="test_no_objectid_leak" time="0.173" /><testcase classname="tests.test_blackout_wan_freshness_iter119.TestSiteBlackoutAlert" name="test_site_blackout_alert_emitted_within_2_cycles" time="20.008" /><testcase classname="tests.test_blackout_agent_offline_iter117.TestBlackoutGating" name="test_blackout_device_is_stale_not_online" time="0.467" /><testcase classname="tests.test_blackout_agent_offline_iter117.TestBlackoutGating" name="test_live_client_device_stays_online" time="0.151" /><testcase classname="tests.test_blackout_agent_offline_iter117.TestBlackoutGating" name="test_no_mongo_objectid_leak" time="0.166" /><testcase classname="tests.test_blackout_agent_offline_iter117.TestBlackoutGating" name="test_datto_confirmed_device_stays_online_during_blackout" time="0.176" /></testsuite></testsuites>