<?xml version="1.0" encoding="utf-8"?><testsuites name="pytest tests"><testsuite name="pytest" errors="0" failures="0" skipped="0" tests="14" time="14.293" timestamp="2026-07-24T10:16:46.133927+00:00" hostname="agent-env-f838a385-c5fa-47be-b41c-d46466af6620"><testcase classname="backend.tests.test_datto_recovery_alerts" name="test_no_active_datto_sync_recovery_via_api" time="0.274" /><testcase classname="backend.tests.test_datto_recovery_alerts" name="test_no_test_alert_leftovers" time="0.094" /><testcase classname="backend.tests.test_datto_recovery_alerts" name="test_vital_only_no_recovery_noise" time="0.110" /><testcase classname="backend.tests.test_datto_recovery_alerts" name="test_recovery_transition_persists_resolved_only" time="3.126" /><testcase classname="backend.tests.test_datto_recovery_alerts" name="test_api_returns_active_alerts_correctly" time="0.099" /><testcase classname="backend.tests.test_datto_recovery_alerts" name="test_genuine_stale_creates_active_alert" time="3.187" /><testcase classname="backend.tests.test_positive_recovery_iter94" name="test_no_active_recovery_of_any_type" time="0.266" /><testcase classname="backend.tests.test_positive_recovery_iter94" name="test_no_active_source_ending_with_recovery" time="0.101" /><testcase classname="backend.tests.test_positive_recovery_iter94" name="test_vital_only_no_recovery_noise" time="0.120" /><testcase classname="backend.tests.test_positive_recovery_iter94" name="test_datto_sync_recovery_persists_resolved" time="2.129" /><testcase classname="backend.tests.test_positive_recovery_iter94" name="test_datto_server_recovery_persists_resolved" time="2.122" /><testcase classname="backend.tests.test_positive_recovery_iter94" name="test_emit_recovery_notice_writes_resolved" time="0.120" /><testcase classname="backend.tests.test_positive_recovery_iter94" name="test_connector_recovery_insertion_pattern_is_resolved" time="0.000" /><testcase classname="backend.tests.test_positive_recovery_iter94" name="test_run_now_does_not_close_legitimate_active_alerts" time="2.403" /></testsuite></testsuites>