<?xml version="1.0" encoding="utf-8"?><testsuites name="pytest tests"><testsuite name="pytest" errors="0" failures="0" skipped="1" tests="4" time="0.489" timestamp="2026-08-20T12:27:46.691124+00:00" hostname="agent-env-344330e7-878f-40bc-ab90-879dd5211fdc"><testcase classname="tests.test_external_monitor_helpers_iter126" name="test_helpers_defined_at_module_level" time="0.001" /><testcase classname="tests.test_external_monitor_helpers_iter126" name="test_hop_ip_extracts_ip" time="0.000" /><testcase classname="tests.test_external_monitor_helpers_iter126" name="test_baseline_diff_detects_change" time="0.000" /><testcase classname="tests.test_external_monitor_helpers_iter126" name="test_probe_cycle_callable_exists" time="0.000"><skipped type="pytest.skip" message="probe cycle function name differs">/app/backend/tests/test_external_monitor_helpers_iter126.py:33: probe cycle function name differs</skipped></testcase></testsuite></testsuites>