<?xml version="1.0" encoding="utf-8"?><testsuites name="pytest tests"><testsuite name="pytest" errors="0" failures="0" skipped="0" tests="10" time="1.841" timestamp="2026-04-30T10:08:55.227069+00:00" hostname="agent-env-258f9f30-d445-4e1e-ac0d-fbcfecaf2431"><testcase classname="backend.tests.test_device_delete_and_cleanup.TestDeleteManualDevice" name="test_create_and_delete_manual_device" time="0.710" /><testcase classname="backend.tests.test_device_delete_and_cleanup.TestDeleteFakeId" name="test_delete_fake_id_returns_404" time="0.109" /><testcase classname="backend.tests.test_device_delete_and_cleanup.TestDeletePollSyntheticId" name="test_delete_poll_synthetic_returns_404_if_not_present" time="0.113" /><testcase classname="backend.tests.test_device_delete_and_cleanup.TestDeleteResolvesAlerts" name="test_delete_resolves_open_alerts" time="0.215" /><testcase classname="backend.tests.test_device_delete_and_cleanup.TestCleanupStaleDevices" name="test_cleanup_stale_dry_run" time="0.107" /><testcase classname="backend.tests.test_device_delete_and_cleanup.TestCleanupStaleDevices" name="test_cleanup_stale_fake_client" time="0.110" /><testcase classname="backend.tests.test_device_delete_and_cleanup.TestSyncActiveDevices" name="test_sync_active_dry_run" time="0.112" /><testcase classname="backend.tests.test_device_delete_and_cleanup.TestSyncActiveDevices" name="test_sync_active_invalid_payload" time="0.106" /><testcase classname="backend.tests.test_device_delete_and_cleanup.TestAuthRequired" name="test_delete_requires_auth" time="0.103" /><testcase classname="backend.tests.test_device_delete_and_cleanup.TestAuthRequired" name="test_cleanup_requires_auth" time="0.103" /></testsuite></testsuites>