<?xml version="1.0" encoding="utf-8"?><testsuites name="pytest tests"><testsuite name="pytest" errors="0" failures="0" skipped="0" tests="15" time="20.115" timestamp="2026-08-18T10:04:21.744270+00:00" hostname="agent-env-344330e7-878f-40bc-ab90-879dd5211fdc"><testcase classname="tests.test_zyxel_nebula_iter118.TestZyxelConfig" name="test_get_config_configured_and_masked" time="0.430" /><testcase classname="tests.test_zyxel_nebula_iter118.TestZyxelConfig" name="test_config_requires_auth" time="0.118" /><testcase classname="tests.test_zyxel_nebula_iter118.TestZyxelConfig" name="test_connection_test" time="0.809" /><testcase classname="tests.test_zyxel_nebula_iter118.TestZyxelOrganizations" name="test_list_orgs_cached" time="0.060" /><testcase classname="tests.test_zyxel_nebula_iter118.TestZyxelOrganizations" name="test_list_orgs_refresh" time="0.771" /><testcase classname="tests.test_zyxel_nebula_iter118.TestZyxelOrganizations" name="test_org_sites_and_devices" time="1.463" /><testcase classname="tests.test_zyxel_nebula_iter118.TestZyxelLinksAndDevices" name="test_links_have_device_count" time="0.062" /><testcase classname="tests.test_zyxel_nebula_iter118.TestZyxelLinksAndDevices" name="test_fleet_devices_fields" time="0.060" /><testcase classname="tests.test_zyxel_nebula_iter118.TestZyxelLinksAndDevices" name="test_sync_now" time="7.208" /><testcase classname="tests.test_zyxel_nebula_iter118.TestZyxelLinksAndDevices" name="test_client_devices_for_existing_link" time="0.123" /><testcase classname="tests.test_zyxel_nebula_iter118.TestZyxelLinksAndDevices" name="test_get_link_for_existing_client" time="0.118" /><testcase classname="tests.test_zyxel_nebula_iter118.TestZyxelLinksAndDevices" name="test_put_link_invalid_client_404" time="0.120" /><testcase classname="tests.test_zyxel_nebula_iter118.TestZyxelLinksAndDevices" name="test_put_link_validation_error" time="0.060" /><testcase classname="tests.test_zyxel_nebula_iter118.TestZyxelLinksAndDevices" name="test_create_link_on_other_client_and_sync" time="8.317" /><testcase classname="tests.test_zyxel_nebula_iter118.TestZyxelLinksAndDevices" name="test_delete_temp_link_removes_devices" time="0.306" /></testsuite></testsuites>