<?xml version="1.0" encoding="utf-8"?><testsuites name="pytest tests"><testsuite name="pytest" errors="0" failures="0" skipped="0" tests="13" time="145.432" timestamp="2026-09-12T08:05:03.958558+00:00" hostname="agent-env-344330e7-878f-40bc-ab90-879dd5211fdc"><testcase classname="backend.tests.test_iter153" name="test_kb_list_has_25_builtin" time="0.568" /><testcase classname="backend.tests.test_iter153" name="test_kb_create" time="135.619" /><testcase classname="backend.tests.test_iter153" name="test_kb_search_returns_user_first" time="0.216" /><testcase classname="backend.tests.test_iter153" name="test_kb_update" time="0.120" /><testcase classname="backend.tests.test_iter153" name="test_kb_delete_then_404" time="0.281" /><testcase classname="backend.tests.test_iter153" name="test_feedback_create_and_list" time="0.274" /><testcase classname="backend.tests.test_iter153" name="test_cases_include_ai_feedback" time="0.122" /><testcase classname="backend.tests.test_iter153" name="test_port_memory_settings_default7" time="0.134" /><testcase classname="backend.tests.test_iter153" name="test_port_memory_put_45_reflects_in_switch_ports" time="0.606" /><testcase classname="backend.tests.test_iter153" name="test_port_memory_put_7_restores_habitual" time="0.480" /><testcase classname="backend.tests.test_iter153" name="test_port_memory_put_0_422" time="0.132" /><testcase classname="backend.tests.test_iter153" name="test_port_explain_latest_exists" time="0.171" /><testcase classname="backend.tests.test_iter153" name="test_port_explain_post_once" time="6.635" /></testsuite></testsuites>