<?xml version="1.0" encoding="utf-8"?><testsuites name="pytest tests"><testsuite name="pytest" errors="0" failures="0" skipped="0" tests="8" time="3.334" timestamp="2026-05-18T11:23:22.305015+00:00" hostname="agent-env-367dfdda-b37f-4bd8-84f0-64015405244c"><testcase classname="tests.test_agent_uninstall_tracking" name="test_uninstall_progress_low_at_10s" time="0.417" /><testcase classname="tests.test_agent_uninstall_tracking" name="test_uninstall_progress_mid_at_90s" time="0.159" /><testcase classname="tests.test_agent_uninstall_tracking" name="test_auto_completion_cleans_db_and_writes_audit" time="1.130" /><testcase classname="tests.test_agent_uninstall_tracking" name="test_progress_short_elapsed_not_completed" time="0.118" /><testcase classname="tests.test_agent_uninstall_tracking" name="test_timeout_path_results_in_completion_when_not_live" time="1.121" /><testcase classname="tests.test_agent_uninstall_tracking" name="test_delete_offline_no_tracking" time="0.139" /><testcase classname="tests.test_agent_uninstall_tracking" name="test_ps1_contains_magic_trigger_block" time="0.000" /><testcase classname="tests.test_agent_uninstall_tracking" name="test_uninstall_method_persisted_value" time="0.111" /></testsuite></testsuites>