<?xml version="1.0" encoding="utf-8"?><testsuites name="pytest tests"><testsuite name="pytest" errors="0" failures="0" skipped="0" tests="11" time="1.605" timestamp="2026-05-28T07:54:40.655051+00:00" hostname="agent-env-1a71fa57-5411-49db-bc17-c4edd61a6606"><testcase classname="tests.test_agent_ws_disconnect_race" name="test_replaced_session_skips_disconnect_update" time="0.001" /><testcase classname="tests.test_agent_ws_disconnect_race" name="test_normal_disconnect_marks_disconnected" time="0.001" /><testcase classname="tests.test_agent_ws_disconnect_race" name="test_bridge_stat_tick_records_snmp_and_ping" time="0.001" /><testcase classname="tests.test_agent_ws_disconnect_race" name="test_bridge_stat_tick_ignores_empty_agent_id" time="0.000" /><testcase classname="tests.test_agents_diagnostics_iter86.TestDiagnosticsAuth" name="test_no_token_rejected" time="0.133" /><testcase classname="tests.test_agents_diagnostics_iter86.TestDiagnosticsAuth" name="test_invalid_token_rejected" time="0.139" /><testcase classname="tests.test_agents_diagnostics_iter86.TestDiagnosticsShape" name="test_basic_shape" time="0.296" /><testcase classname="tests.test_agents_diagnostics_iter86.TestDiagnosticsShape" name="test_client_id_filter" time="0.273" /><testcase classname="tests.test_agents_diagnostics_iter86.TestAgentsRegression" name="test_list_agents" time="0.109" /><testcase classname="tests.test_agents_diagnostics_iter86.TestDevicesRegression" name="test_list_devices" time="0.113" /><testcase classname="tests.test_agents_diagnostics_iter86.TestPingPollFilterFix" name="test_two_agents_same_target_upserts_once" time="0.011" /></testsuite></testsuites>