<?xml version="1.0" encoding="utf-8"?><testsuites name="pytest tests"><testsuite name="pytest" errors="0" failures="2" skipped="0" tests="16" time="61.910" timestamp="2026-08-18T10:31:28.900791+00:00" hostname="agent-env-344330e7-878f-40bc-ab90-879dd5211fdc"><testcase classname="tests.test_blackout_wan_freshness_iter119.TestLivenessResolverUnit" name="test_constants_speed_tuning" time="0.010" /><testcase classname="tests.test_blackout_wan_freshness_iter119.TestLivenessResolverUnit" name="test_agent_stale_set" time="0.007" /><testcase classname="tests.test_blackout_wan_freshness_iter119.TestLivenessResolverUnit" name="test_wan_down_freshness_and_all_targets" time="0.005" /><testcase classname="tests.test_blackout_wan_freshness_iter119.TestLivenessResolverUnit" name="test_blackout_intersection" time="0.005" /><testcase classname="tests.test_blackout_wan_freshness_iter119.TestLivenessResolverUnit" name="test_compute_status_blackout_is_offline_site_blackout" time="0.004" /><testcase classname="tests.test_blackout_wan_freshness_iter119.TestLivenessResolverUnit" name="test_compute_status_agent_down_wan_up_is_stale" time="0.004" /><testcase classname="tests.test_blackout_wan_freshness_iter119.TestLivenessResolverUnit" name="test_compute_status_evidence_does_not_override_blackout" time="0.006" /><testcase classname="tests.test_blackout_wan_freshness_iter119.TestLivenessResolverUnit" name="test_compute_status_regression_live_client_online" time="0.004" /><testcase classname="tests.test_blackout_wan_freshness_iter119.TestLivenessResolverUnit" name="test_wan_recovery_flips_blackout_to_stale" time="0.006" /><testcase classname="tests.test_blackout_wan_freshness_iter119.TestLivenessResolverUnit" name="test_ports_open_counts_as_reachable" time="0.005" /><testcase classname="tests.test_blackout_wan_freshness_iter119.TestRestConsistency" name="test_devices_endpoint_blackout_offline" time="0.664"><failure message="AssertionError: atteso offline, ottenuto online: {'id': 'poll_10_201_0_5', 'client_id': 'TEST_QA_BLACKOUT_119', 'client_name': 'TEST_QA TEST_QA_BLACKOUT_119', 'name': 'TEST_QA_PC_OUT_119', 'device_type': 'server', 'ip_address': '10.201.0.5', 'hostname': '', 'location': '', 'status': 'online', 'redfish_enabled': False, 'has_credentials': False, 'last_poll': '2026-08-18T10:31:29.054995+00:00', 'health_status': None, 'source': 'connector-master', 'auto_added': False, 'discovered_via': None, 'discovered_subnet': None, 'vlan_id': None, 'last_seen_at': '2026-08-18T10:31:29.054995+00:00', 'sys_descr': '', 'cpu_usage': None, 'memory_usage': None, 'temperature': None, 'uptime': '', 'connector_hostname': '', 'snmp_community': '', 'snmp_version': '', 'ports': None, 'ping_ms': None, 'web_console_url': None, 'web_console_port': None, 'web_console_scheme': None, 'web_console_title': None, 'http_port': None, 'monitor_type': '', 'profile_key': None, 'vendor': None, 'family': None, 'profile_auto_matched': False, 'alerts_silenced': False, 'alerts_silenced_reason': '', 'is_vital': True, 'is_vital_set_at': '', 'mac': '', 'mac_is_random': False, 'fingerbank_device_name': None, 'fingerbank_score': None, 'connection_type': None, 'connection_source': None, 'connection_via_switch': None, 'connection_via_port': None, 'connection_confidence': None, 'datto_name': '', 'datto_match': '', 'datto_matched_at': '', 'hyperv_state': '', 'hyperv_host': '', 'hyperv_alert_on_off': False, 'virtualization': '', 'hyperv_vm_name': '', 'hyperv_host_hint': '', 'virtualization_auto_matched': False, 'created_at': '2026-08-18T10:31:29.723021+00:00'}&#10;assert 'online' == 'offline'&#10;  &#10;  - offline&#10;  ?  ^^&#10;  + online&#10;  ?  ^">E   AssertionError: atteso offline, ottenuto online: {'id': 'poll_10_201_0_5', 'client_id': 'TEST_QA_BLACKOUT_119', 'client_name': 'TEST_QA TEST_QA_BLACKOUT_119', 'name': 'TEST_QA_PC_OUT_119', 'device_type': 'server', 'ip_address': '10.201.0.5', 'hostname': '', 'location': '', 'status': 'online', 'redfish_enabled': False, 'has_credentials': False, 'last_poll': '2026-08-18T10:31:29.054995+00:00', 'health_status': None, 'source': 'connector-master', 'auto_added': False, 'discovered_via': None, 'discovered_subnet': None, 'vlan_id': None, 'last_seen_at': '2026-08-18T10:31:29.054995+00:00', 'sys_descr': '', 'cpu_usage': None, 'memory_usage': None, 'temperature': None, 'uptime': '', 'connector_hostname': '', 'snmp_community': '', 'snmp_version': '', 'ports': None, 'ping_ms': None, 'web_console_url': None, 'web_console_port': None, 'web_console_scheme': None, 'web_console_title': None, 'http_port': None, 'monitor_type': '', 'profile_key': None, 'vendor': None, 'family': None, 'profile_auto_matched': False, 'alerts_silenced': False, 'alerts_silenced_reason': '', 'is_vital': True, 'is_vital_set_at': '', 'mac': '', 'mac_is_random': False, 'fingerbank_device_name': None, 'fingerbank_score': None, 'connection_type': None, 'connection_source': None, 'connection_via_switch': None, 'connection_via_port': None, 'connection_confidence': None, 'datto_name': '', 'datto_match': '', 'datto_matched_at': '', 'hyperv_state': '', 'hyperv_host': '', 'hyperv_alert_on_off': False, 'virtualization': '', 'hyperv_vm_name': '', 'hyperv_host_hint': '', 'virtualization_auto_matched': False, 'created_at': '2026-08-18T10:31:29.723021+00:00'}
    assert 'online' == 'offline'
      
      - offline
      ?  ^^
      + online
      ?  ^</failure></testcase><testcase classname="tests.test_blackout_wan_freshness_iter119.TestRestConsistency" name="test_devices_endpoint_agent_down_wan_up_stale" time="0.168"><failure message="AssertionError: TEST_QA_MIXED_119: atteso stale, ottenuto online&#10;assert 'online' == 'stale'&#10;  &#10;  - stale&#10;  + online">E   AssertionError: TEST_QA_MIXED_119: atteso stale, ottenuto online
    assert 'online' == 'stale'
      
      - stale
      + online</failure></testcase><testcase classname="tests.test_blackout_wan_freshness_iter119.TestRestConsistency" name="test_devices_endpoint_live_client_online" time="0.172" /><testcase classname="tests.test_blackout_wan_freshness_iter119.TestRestConsistency" name="test_overview_matches_devices_endpoint" time="0.511" /><testcase classname="tests.test_blackout_wan_freshness_iter119.TestRestConsistency" name="test_no_objectid_leak" time="0.161" /><testcase classname="tests.test_blackout_wan_freshness_iter119.TestSiteBlackoutAlert" name="test_site_blackout_alert_emitted_within_2_cycles" time="60.013" /></testsuite></testsuites>