<?xml version="1.0" encoding="utf-8"?><testsuites name="pytest tests"><testsuite name="pytest" errors="0" failures="0" skipped="0" tests="13" time="5.475" timestamp="2026-07-22T16:56:29.538632+00:00" hostname="agent-env-f838a385-c5fa-47be-b41c-d46466af6620"><testcase classname="backend.tests.test_alert_engine_iter89.TestAlertEngineConfig" name="test_get_config_defaults_and_masked" time="0.435" /><testcase classname="backend.tests.test_alert_engine_iter89.TestAlertEngineConfig" name="test_put_config_updates_and_persists" time="0.469" /><testcase classname="backend.tests.test_alert_engine_iter89.TestAlertEngineConfig" name="test_put_config_does_not_overwrite_token_with_mask" time="0.503" /><testcase classname="backend.tests.test_alert_engine_iter89.TestClientOverride" name="test_get_override_default_empty" time="0.143" /><testcase classname="backend.tests.test_alert_engine_iter89.TestClientOverride" name="test_put_override_persists" time="0.258" /><testcase classname="backend.tests.test_alert_engine_iter89.TestRunAndStatus" name="test_run_now" time="0.158" /><testcase classname="backend.tests.test_alert_engine_iter89.TestRunAndStatus" name="test_status" time="0.795" /><testcase classname="backend.tests.test_alert_engine_iter89.TestTelegramNoToken" name="test_telegram_test_no_token" time="0.133" /><testcase classname="backend.tests.test_alert_engine_iter89.TestTelegramNoToken" name="test_telegram_detect_chats_bad_token" time="1.969" /><testcase classname="backend.tests.test_alert_engine_iter89.TestAdminAuth" name="test_put_config_requires_admin" time="0.133" /><testcase classname="backend.tests.test_alert_engine_iter89.TestAdminAuth" name="test_run_now_requires_admin" time="0.138" /><testcase classname="backend.tests.test_alert_engine_iter89.TestRegression" name="test_settings_bootstrap" time="0.141" /><testcase classname="backend.tests.test_alert_engine_iter89.TestRegression" name="test_datto_status" time="0.127" /></testsuite></testsuites>