<?xml version="1.0" encoding="utf-8"?><testsuites name="pytest tests"><testsuite name="pytest" errors="0" failures="1" skipped="0" tests="13" time="1.409" timestamp="2026-08-20T12:24:53.614598+00:00" hostname="agent-env-344330e7-878f-40bc-ab90-879dd5211fdc"><testcase classname="tests.test_auth_2fa_startup_iter126.TestStartup" name="test_api_root_reachable" time="0.285" /><testcase classname="tests.test_auth_2fa_startup_iter126.TestStartup" name="test_openapi_includes_external_monitor" time="0.108"><failure message="AssertionError: openapi unreachable&#10;assert (&lt;Response [500]&gt; is not None and 500 == 200)&#10; +  where 500 = &lt;Response [500]&gt;.status_code">E   AssertionError: openapi unreachable
    assert (&lt;Response [500]&gt; is not None and 500 == 200)
     +  where 500 = &lt;Response [500]&gt;.status_code</failure></testcase><testcase classname="tests.test_auth_2fa_startup_iter126.TestAuthFlow" name="test_login_returns_token_and_requires_2fa" time="0.108" /><testcase classname="tests.test_auth_2fa_startup_iter126.TestAuthFlow" name="test_login_wrong_password_rejected" time="0.117" /><testcase classname="tests.test_auth_2fa_startup_iter126.TestAuthFlow" name="test_verify_2fa_returns_full_token" time="0.072" /><testcase classname="tests.test_auth_2fa_startup_iter126.TestAuthFlow" name="test_verify_2fa_wrong_code_rejected" time="0.187" /><testcase classname="tests.test_auth_2fa_startup_iter126.TestAuthFlow" name="test_refresh_token_present" time="0.000" /><testcase classname="tests.test_auth_2fa_startup_iter126.TestProtectedEndpoints" name="test_clients" time="0.074" /><testcase classname="tests.test_auth_2fa_startup_iter126.TestProtectedEndpoints" name="test_auth_me" time="0.066" /><testcase classname="tests.test_auth_2fa_startup_iter126.TestProtectedEndpoints" name="test_tv_dashboard" time="0.075" /><testcase classname="tests.test_auth_2fa_startup_iter126.TestProtectedEndpoints" name="test_no_mongo_object_id_leak" time="0.065" /><testcase classname="tests.test_auth_2fa_startup_iter126.TestProtectedEndpoints" name="test_protected_without_token_rejected" time="0.123" /><testcase classname="tests.test_auth_2fa_startup_iter126.TestProtectedEndpoints" name="test_external_monitor_targets" time="0.069" /></testsuite></testsuites>