<?xml version="1.0" encoding="utf-8"?><testsuites name="pytest tests"><testsuite name="pytest" errors="0" failures="0" skipped="0" tests="9" time="40.311" timestamp="2026-08-28T12:13:28.979192+00:00" hostname="agent-env-344330e7-878f-40bc-ab90-879dd5211fdc"><testcase classname="tests.test_backup_source_tag_iter135.TestOverviewBackupSource" name="test_overview_clients_backup_source" time="36.801" /><testcase classname="tests.test_backup_source_tag_iter135.TestOverviewBackupSource" name="test_no_mongo_object_id" time="0.449" /><testcase classname="tests.test_backup_source_tag_iter135.TestTvBackupSource" name="test_tv_dashboard_backup_source" time="0.433" /><testcase classname="tests.test_backup_source_tag_iter135.TestMobileBackupSource" name="test_mobile_dashboard_requires_token" time="0.189" /><testcase classname="tests.test_backup_source_tag_iter135.TestMobileBackupSource" name="test_mobile_dashboard_backup_source" time="0.571" /><testcase classname="tests.test_backup_source_tag_iter135.TestMobileBackupSource" name="test_mobile_matches_tv" time="0.899" /><testcase classname="tests.test_backup_source_tag_iter135" name="test_source_parity_overview_vs_tv" time="0.895" /><testcase classname="tests.test_backup_source_tag_iter135" name="test_aggregation_unit_vm_priority" time="0.001" /><testcase classname="tests.test_backup_source_tag_iter135" name="test_aggregation_unit_365_when_no_vm" time="0.000" /></testsuite></testsuites>