<?xml version="1.0" encoding="utf-8"?><testsuites name="pytest tests"><testsuite name="pytest" errors="0" failures="1" skipped="0" tests="8" time="4.015" timestamp="2026-08-18T10:40:21.659172+00:00" hostname="agent-env-344330e7-878f-40bc-ab90-879dd5211fdc"><testcase classname="tests.test_blackout_devices_consistency_iter120.TestDevicesOverride" name="test_blackout_polled_device_offline_site_blackout" time="0.622" /><testcase classname="tests.test_blackout_devices_consistency_iter120.TestDevicesOverride" name="test_blackout_scanner_source_device_not_online" time="0.150"><failure message="AssertionError: pending&#10;assert 'pending' == 'offline'&#10;  &#10;  - offline&#10;  + pending">tests/test_blackout_devices_consistency_iter120.py:219: in test_blackout_scanner_source_device_not_online
    assert d.get("status") == "offline", d.get("status")
E   AssertionError: pending
E   assert 'pending' == 'offline'
E     
E     - offline
E     + pending</failure></testcase><testcase classname="tests.test_blackout_devices_consistency_iter120.TestDevicesOverride" name="test_blackout_never_polled_device_not_online" time="0.172" /><testcase classname="tests.test_blackout_devices_consistency_iter120.TestDevicesOverride" name="test_old_wan_probe_does_not_confirm_blackout" time="0.162" /><testcase classname="tests.test_blackout_devices_consistency_iter120.TestDevicesOverride" name="test_regression_live_agent_device_online" time="0.291" /><testcase classname="tests.test_blackout_devices_consistency_iter120.TestConsistency" name="test_global_list_matches_per_client_list" time="0.757" /><testcase classname="tests.test_blackout_devices_consistency_iter120.TestConsistency" name="test_overview_counts_match_devices_endpoint" time="1.023" /><testcase classname="tests.test_blackout_devices_consistency_iter120.TestConsistency" name="test_blackout_client_has_zero_online_everywhere" time="0.669" /></testsuite></testsuites>