<?xml version="1.0" encoding="utf-8"?><testsuites name="pytest tests"><testsuite name="pytest" errors="0" failures="0" skipped="1" tests="15" time="0.794" timestamp="2026-04-30T07:47:02.684027+00:00" hostname="agent-env-258f9f30-d445-4e1e-ac0d-fbcfecaf2431"><testcase classname="tests.test_silence_and_classifier.TestSilenceEndpoint" name="test_silence_on" time="0.380" /><testcase classname="tests.test_silence_and_classifier.TestSilenceEndpoint" name="test_silence_off_clears_reason" time="0.111" /><testcase classname="tests.test_silence_and_classifier.TestSilenceEndpoint" name="test_silence_404_unknown_device" time="0.128" /><testcase classname="tests.test_silence_and_classifier.TestAutoClassifyEndpoint" name="test_auto_classify_returns_changed_shape" time="0.106" /><testcase classname="tests.test_silence_and_classifier.TestDeviceClassifier" name="test_printer_sys_object_id_hp" time="0.003" /><testcase classname="tests.test_silence_and_classifier.TestDeviceClassifier" name="test_printer_hostname_brother" time="0.000" /><testcase classname="tests.test_silence_and_classifier.TestDeviceClassifier" name="test_printer_sys_descr_hp_laserjet" time="0.000" /><testcase classname="tests.test_silence_and_classifier.TestDeviceClassifier" name="test_switch_cisco_catalyst" time="0.000" /><testcase classname="tests.test_silence_and_classifier.TestDeviceClassifier" name="test_switch_netgear_gs" time="0.000" /><testcase classname="tests.test_silence_and_classifier.TestDeviceClassifier" name="test_none_for_unknown" time="0.000" /><testcase classname="tests.test_silence_and_classifier.TestDeviceClassifier" name="test_switch_beats_printer_on_procurve" time="0.000" /><testcase classname="tests.test_silence_and_classifier.TestAlertFilter" name="test_insert_alert_if_emit_no_device_ip_always_inserts" time="0.001" /><testcase classname="tests.test_silence_and_classifier.TestAlertFilter" name="test_insert_alert_if_emit_skips_when_silenced" time="0.000" /><testcase classname="tests.test_silence_and_classifier.TestAlertFilter" name="test_insert_alert_if_emit_inserts_when_not_silenced" time="0.000" /><testcase classname="tests.test_silence_and_classifier" name="test_all_alert_emitters_import_filter" time="0.000"><skipped type="pytest.skip" message="Module imports require MONGO_URL env; backend process already validates this at startup">/app/backend/tests/test_silence_and_classifier.py:241: Module imports require MONGO_URL env; backend process already validates this at startup</skipped></testcase></testsuite></testsuites>