<?xml version="1.0" encoding="utf-8"?><testsuites name="pytest tests"><testsuite name="pytest" errors="0" failures="0" skipped="0" tests="15" time="1.496" timestamp="2026-07-29T08:45:18.705283+00:00" hostname="agent-env-f838a385-c5fa-47be-b41c-d46466af6620"><testcase classname="tests.test_connectivity_spark_iter98.TestConnectivityReport" name="test_report_24h_seeded_device" time="0.382" /><testcase classname="tests.test_connectivity_spark_iter98.TestConnectivityReport" name="test_report_all_periods[1h-60]" time="0.046" /><testcase classname="tests.test_connectivity_spark_iter98.TestConnectivityReport" name="test_report_all_periods[6h-72]" time="0.047" /><testcase classname="tests.test_connectivity_spark_iter98.TestConnectivityReport" name="test_report_all_periods[24h-96]" time="0.052" /><testcase classname="tests.test_connectivity_spark_iter98.TestConnectivityReport" name="test_report_all_periods[7d-168]" time="0.054" /><testcase classname="tests.test_connectivity_spark_iter98.TestConnectivityReport" name="test_report_all_periods[30d-180]" time="0.052" /><testcase classname="tests.test_connectivity_spark_iter98.TestConnectivityReport" name="test_report_bucket_granularity_differs" time="0.176" /><testcase classname="tests.test_connectivity_spark_iter98.TestConnectivityReport" name="test_report_invalid_period_falls_back_to_24h" time="0.051" /><testcase classname="tests.test_connectivity_spark_iter98.TestConnectivityReport" name="test_report_unknown_ip_returns_empty" time="0.084" /><testcase classname="tests.test_connectivity_spark_iter98.TestConnectivityReport" name="test_report_wrong_client_id_isolates_data" time="0.047" /><testcase classname="tests.test_connectivity_spark_iter98.TestConnectivityReport" name="test_report_requires_auth" time="0.144" /><testcase classname="tests.test_connectivity_spark_iter98.TestConnectivityTest" name="test_run_test_no_live_agent_returns_404" time="0.044" /><testcase classname="tests.test_connectivity_spark_iter98.TestConnectivityTest" name="test_run_test_missing_client_id_returns_400" time="0.085" /><testcase classname="tests.test_connectivity_spark_iter98.TestConnectivityTest" name="test_run_test_empty_body_returns_400" time="0.046" /><testcase classname="tests.test_connectivity_spark_iter98.TestConnectivityTest" name="test_run_test_requires_auth" time="0.103" /></testsuite></testsuites>