<?xml version="1.0" encoding="utf-8"?><testsuites name="pytest tests"><testsuite name="pytest" errors="0" failures="0" skipped="0" tests="22" time="3.819" timestamp="2026-05-27T17:44:26.800624+00:00" hostname="agent-env-367dfdda-b37f-4bd8-84f0-64015405244c"><testcase classname="tests.test_wan_advanced_iter85.TestMultiISP" name="test_multi_isp_structure" time="0.406" /><testcase classname="tests.test_wan_advanced_iter85.TestMultiISP" name="test_multi_isp_unknown_client" time="0.195" /><testcase classname="tests.test_wan_advanced_iter85.TestSaaSReachability" name="test_saas_structure_and_persistence" time="0.384" /><testcase classname="tests.test_wan_advanced_iter85.TestTraceroute" name="test_traceroute_to_cloudflare" time="0.131" /><testcase classname="tests.test_wan_advanced_iter85.TestTraceroute" name="test_traceroute_missing_target_400" time="0.102" /><testcase classname="tests.test_wan_advanced_iter85.TestAlertRules" name="test_get_default_empty" time="0.220" /><testcase classname="tests.test_wan_advanced_iter85.TestAlertRules" name="test_put_and_persist" time="0.234" /><testcase classname="tests.test_wan_advanced_iter85.TestAlertRules" name="test_put_target_id_mismatch" time="0.124" /><testcase classname="tests.test_wan_advanced_iter85.TestAlertRules" name="test_put_unknown_target_404" time="0.103" /><testcase classname="tests.test_wan_advanced_iter85.TestAlertRules" name="test_delete_cleanup" time="0.247" /><testcase classname="tests.test_wan_advanced_iter85.TestHistoryBucket" name="test_bucket_size[1-300]" time="0.116" /><testcase classname="tests.test_wan_advanced_iter85.TestHistoryBucket" name="test_bucket_size[7-3600]" time="0.130" /><testcase classname="tests.test_wan_advanced_iter85.TestHistoryBucket" name="test_bucket_size[30-21600]" time="0.151" /><testcase classname="tests.test_wan_advanced_iter85.TestHistoryBucket" name="test_history_bucket_clamps_days" time="0.171" /><testcase classname="tests.test_wan_advanced_iter85.TestPhase1NonRegression" name="test_insights" time="0.156" /><testcase classname="tests.test_wan_advanced_iter85.TestPhase1NonRegression" name="test_geo_ip" time="0.111" /><testcase classname="tests.test_wan_advanced_iter85.TestPhase1NonRegression" name="test_dns_health" time="0.176" /><testcase classname="tests.test_wan_advanced_iter85.TestPhase1NonRegression" name="test_public_ip_history" time="0.128" /><testcase classname="tests.test_wan_advanced_iter85.TestPhase1NonRegression" name="test_speedtest_trigger_503" time="0.117" /><testcase classname="tests.test_wan_advanced_iter85.TestPhase1NonRegression" name="test_speedtest_history" time="0.109" /><testcase classname="tests.test_wan_advanced_iter85.TestPhase1NonRegression" name="test_speedtest_result_submit" time="0.132" /><testcase classname="tests.test_wan_advanced_iter85.TestRouterRegistration" name="test_wan_advanced_router_mounted" time="0.114" /></testsuite></testsuites>