<?xml version="1.0" encoding="utf-8"?><testsuites name="pytest tests"><testsuite name="pytest" errors="0" failures="1" skipped="0" tests="4" time="3.055" timestamp="2026-08-17T19:30:04.313614+00:00" hostname="agent-env-f838a385-c5fa-47be-b41c-d46466af6620"><testcase classname="tests.test_blackout_agent_offline_iter117.TestBlackoutGating" name="test_blackout_device_is_stale_not_online" time="2.307"><failure message="AssertionError: FALSO ONLINE durante blackout: {'id': 'poll_10_77_0_5', 'client_id': 'TEST_CID_BLACKOUT_117', 'client_name': 'TEST_Blackout Srl', 'name': 'TEST_BLKPC', 'device_type': 'server', 'ip_address': '10.77.0.5', 'hostname': '', 'location': '', 'status': 'online', 'redfish_enabled': False, 'has_credentials': False, 'last_poll': '2026-08-17T19:30:04.450640+00:00', 'health_status': None, 'source': 'connector-master', 'auto_added': False, 'discovered_via': None, 'discovered_subnet': None, 'vlan_id': None, 'last_seen_at': None, 'sys_descr': '', 'cpu_usage': None, 'memory_usage': None, 'temperature': None, 'uptime': '', 'connector_hostname': '', 'snmp_community': '', 'snmp_version': '', 'ports': None, 'ping_ms': None, 'web_console_url': None, 'web_console_port': None, 'web_console_scheme': None, 'web_console_title': None, 'http_port': None, 'monitor_type': '', 'profile_key': None, 'vendor': None, 'family': None, 'profile_auto_matched': False, 'alerts_silenced': False, 'alerts_silenced_reason': '', 'is_vital': None, 'is_vital_set_at': '', 'mac': '', 'mac_is_random': False, 'fingerbank_device_name': None, 'fingerbank_score': None, 'connection_type': None, 'connection_source': None, 'connection_via_switch': None, 'connection_via_port': None, 'connection_confidence': None, 'datto_name': '', 'datto_match': '', 'datto_matched_at': '', 'hyperv_state': '', 'hyperv_host': '', 'hyperv_alert_on_off': False, 'virtualization': '', 'hyperv_vm_name': '', 'hyperv_host_hint': '', 'virtualization_auto_matched': False, 'created_at': '2026-08-17T19:30:06.707077+00:00'}&#10;assert 'online' != 'online'&#10; +  where 'online' = &lt;built-in method get of dict object at 0xf8887498ab80&gt;('status')&#10; +    where &lt;built-in method get of dict object at 0xf8887498ab80&gt; = {'alerts_silenced': False, 'alerts_silenced_reason': '', 'auto_added': False, 'client_id': 'TEST_CID_BLACKOUT_117', ...}.get">self = &lt;test_blackout_agent_offline_iter117.TestBlackoutGating object at 0xf88875eef1d0&gt;
seeded = Database(MongoClient(host=['localhost:27017'], document_class=dict, tz_aware=False, connect=True), 'test_database')
auth_token = 'eyJhbGciOiJIUzI1NiIsInR5cCI6IkpXVCJ9.eyJ1c2VyX2lkIjoiMmVhN2I3M2ItZmFmZC00ZTQ3LTkxNjYtMGU0NTc4OTVjY2MwIiwiZW1haWwiOiJp...NfMmZhIjpmYWxzZSwiZW5yb2xsXzJmYSI6ZmFsc2UsImV4cCI6MTc4NzA4MTQwNi40NzE1MjJ9.X3a9xtcONImKYqTLmVzFQ4_EiohzPK01OQRekefeqB8'

    def test_blackout_device_is_stale_not_online(self, seeded, auth_token):
        devices = _get_devices(auth_token, CID_BLACKOUT)
        target = [d for d in devices if (d.get("ip") or d.get("ip_address")) == IP_BLACKOUT]
        assert target, f"device {IP_BLACKOUT} non trovato: {devices}"
        d = target[0]
&gt;       assert d.get("status") != "online", f"FALSO ONLINE durante blackout: {d}"
E       AssertionError: FALSO ONLINE durante blackout: {'id': 'poll_10_77_0_5', 'client_id': 'TEST_CID_BLACKOUT_117', 'client_name': 'TEST_Blackout Srl', 'name': 'TEST_BLKPC', 'device_type': 'server', 'ip_address': '10.77.0.5', 'hostname': '', 'location': '', 'status': 'online', 'redfish_enabled': False, 'has_credentials': False, 'last_poll': '2026-08-17T19:30:04.450640+00:00', 'health_status': None, 'source': 'connector-master', 'auto_added': False, 'discovered_via': None, 'discovered_subnet': None, 'vlan_id': None, 'last_seen_at': None, 'sys_descr': '', 'cpu_usage': None, 'memory_usage': None, 'temperature': None, 'uptime': '', 'connector_hostname': '', 'snmp_community': '', 'snmp_version': '', 'ports': None, 'ping_ms': None, 'web_console_url': None, 'web_console_port': None, 'web_console_scheme': None, 'web_console_title': None, 'http_port': None, 'monitor_type': '', 'profile_key': None, 'vendor': None, 'family': None, 'profile_auto_matched': False, 'alerts_silenced': False, 'alerts_silenced_reason': '', 'is_vital': None, 'is_vital_set_at': '', 'mac': '', 'mac_is_random': False, 'fingerbank_device_name': None, 'fingerbank_score': None, 'connection_type': None, 'connection_source': None, 'connection_via_switch': None, 'connection_via_port': None, 'connection_confidence': None, 'datto_name': '', 'datto_match': '', 'datto_matched_at': '', 'hyperv_state': '', 'hyperv_host': '', 'hyperv_alert_on_off': False, 'virtualization': '', 'hyperv_vm_name': '', 'hyperv_host_hint': '', 'virtualization_auto_matched': False, 'created_at': '2026-08-17T19:30:06.707077+00:00'}
E       assert 'online' != 'online'
E        +  where 'online' = &lt;built-in method get of dict object at 0xf8887498ab80&gt;('status')
E        +    where &lt;built-in method get of dict object at 0xf8887498ab80&gt; = {'alerts_silenced': False, 'alerts_silenced_reason': '', 'auto_added': False, 'client_id': 'TEST_CID_BLACKOUT_117', ...}.get

tests/test_blackout_agent_offline_iter117.py:137: AssertionError</failure></testcase><testcase classname="tests.test_blackout_agent_offline_iter117.TestBlackoutGating" name="test_live_client_device_stays_online" time="0.163" /><testcase classname="tests.test_blackout_agent_offline_iter117.TestBlackoutGating" name="test_no_mongo_objectid_leak" time="0.171" /><testcase classname="tests.test_blackout_agent_offline_iter117.TestBlackoutGating" name="test_datto_confirmed_device_stays_online_during_blackout" time="0.253" /></testsuite></testsuites>