<?xml version="1.0" encoding="utf-8"?><testsuites name="pytest tests"><testsuite name="pytest" errors="0" failures="0" skipped="0" tests="67" time="9.628" timestamp="2026-05-03T14:56:23.477645+00:00" hostname="agent-env-258f9f30-d445-4e1e-ac0d-fbcfecaf2431"><testcase classname="backend.tests.test_tcp_port_fingerprint.TestNetworkDiscoveryPersistence" name="test_post_with_ip_port_probes_returns_ok_and_persists" time="0.596" /><testcase classname="backend.tests.test_tcp_port_fingerprint.TestDiscoveredEndpointsListeningPorts" name="test_listening_ports_populated_on_endpoints" time="0.122" /><testcase classname="backend.tests.test_tcp_port_fingerprint.TestTopologyNodesListeningPorts" name="test_topology_nodes_have_listening_ports_and_correct_type" time="0.262" /><testcase classname="backend.tests.test_tcp_port_fingerprint.TestGuessEndpointTypeDirect" name="test_guess_endpoint_type_port_fingerprints" time="0.376" /><testcase classname="backend.tests.test_tcp_port_fingerprint.TestLegacyPayloadRegression" name="test_legacy_payload_without_ip_port_probes" time="0.285" /><testcase classname="backend.tests.test_bmc_auto_discovery.TestNetworkDiscoveryBMCPersistence" name="test_network_discovery_with_bmc_returns_ok" time="0.403" /><testcase classname="backend.tests.test_bmc_auto_discovery.TestNetworkDiscoveryBMCPersistence" name="test_bmc_candidates_persisted_in_network_discovery" time="0.001" /><testcase classname="backend.tests.test_bmc_auto_discovery.TestNetworkDiscoveryBMCPersistence" name="test_bmc_candidates_upserted_per_ip" time="0.001" /><testcase classname="backend.tests.test_bmc_auto_discovery.TestNetworkDiscoveryBMCPersistence" name="test_discovered_endpoints_enriched_with_bmc" time="0.001" /><testcase classname="backend.tests.test_bmc_auto_discovery.TestNetworkDiscoveryBMCPersistence" name="test_idempotent_upsert_no_duplicates" time="0.153" /><testcase classname="backend.tests.test_bmc_auto_discovery.TestBMCCandidatesAdminAPI" name="test_list_requires_jwt" time="0.118" /><testcase classname="backend.tests.test_bmc_auto_discovery.TestBMCCandidatesAdminAPI" name="test_list_returns_items_enriched" time="0.115" /><testcase classname="backend.tests.test_bmc_auto_discovery.TestBMCCandidatesAdminAPI" name="test_dismiss_hides_candidate" time="0.229" /><testcase classname="backend.tests.test_bmc_auto_discovery.TestBMCCandidatesAdminAPI" name="test_dismiss_unknown_returns_404" time="0.107" /><testcase classname="backend.tests.test_bmc_auto_discovery.TestBMCCandidatesAdminAPI" name="test_import_creates_device" time="0.142" /><testcase classname="backend.tests.test_bmc_auto_discovery.TestBMCCandidatesAdminAPI" name="test_reimport_returns_already_exists" time="0.111" /><testcase classname="backend.tests.test_bmc_auto_discovery.TestBMCCandidatesAdminAPI" name="test_import_unknown_returns_404" time="0.131" /><testcase classname="backend.tests.test_bmc_auto_discovery.TestGuessEndpointTypeBMC" name="test_bmc_kind_ilo_classifies_as_server" time="0.000" /><testcase classname="backend.tests.test_bmc_auto_discovery.TestGuessEndpointTypeBMC" name="test_bmc_kind_idrac_classifies_as_server" time="0.000" /><testcase classname="backend.tests.test_bmc_auto_discovery.TestGuessEndpointTypeBMC" name="test_bmc_kind_ipmi_classifies_as_server" time="0.000" /><testcase classname="backend.tests.test_bmc_auto_discovery.TestGuessEndpointTypeBMC" name="test_bmc_kind_xcc_classifies_as_server" time="0.000" /><testcase classname="backend.tests.test_bmc_auto_discovery.TestGuessEndpointTypeBMC" name="test_bmc_kind_redfish_generic_classifies_as_server" time="0.000" /><testcase classname="backend.tests.test_bmc_auto_discovery.TestGuessEndpointTypeBMC" name="test_bmc_kind_takes_priority_over_other_signals" time="0.000" /><testcase classname="backend.tests.test_bmc_auto_discovery.TestGuessEndpointTypeBMC" name="test_no_bmc_kind_falls_back_to_v3_6_13_behavior" time="0.000" /><testcase classname="backend.tests.test_bmc_auto_discovery.TestGuessEndpointTypeBMC" name="test_empty_bmc_kind_with_443_only_not_server" time="0.000" /><testcase classname="backend.tests.test_bmc_auto_discovery.TestLegacyPayloadRegression" name="test_legacy_payload_no_bmc_candidates" time="0.122" /><testcase classname="backend.tests.test_bmc_auto_discovery.TestLegacyPayloadRegression" name="test_completely_minimal_payload" time="0.334" /><testcase classname="backend.tests.test_mac_trunk_correlation.TestMacTrunkCorrelation" name="test_mac_fdb_trunk_when_peer_is_managed_switch_with_bidirectional_fdb" time="0.296" /><testcase classname="backend.tests.test_mac_trunk_correlation.TestMacTrunkCorrelation" name="test_mac_managed_when_peer_is_managed_non_switch_nas" time="0.138" /><testcase classname="backend.tests.test_mac_trunk_correlation.TestMacTrunkCorrelation" name="test_lldp_takes_priority_over_mac" time="0.107" /><testcase classname="backend.tests.test_mac_trunk_correlation.TestMacTrunkCorrelation" name="test_mac_oui_for_unmanaged_known_vendor" time="0.112" /><testcase classname="backend.tests.test_mac_trunk_correlation.TestMacTrunkCorrelation" name="test_mac_unknown_for_unmanaged_unknown_oui" time="0.111" /><testcase classname="backend.tests.test_mac_trunk_correlation.TestMacTrunkCorrelation" name="test_response_totals_and_status_ok" time="0.118" /><testcase classname="backend.tests.test_mac_trunk_correlation.TestMacTrunkCorrelation" name="test_no_n_plus_1_query_explosion" time="0.120" /><testcase classname="backend.tests.test_manual_mac_binding.TestMacBindingCreateValidation" name="test_post_missing_name" time="0.275" /><testcase classname="backend.tests.test_manual_mac_binding.TestMacBindingCreateValidation" name="test_post_missing_ip" time="0.105" /><testcase classname="backend.tests.test_manual_mac_binding.TestMacBindingCreateValidation" name="test_post_invalid_mac" time="0.148" /><testcase classname="backend.tests.test_manual_mac_binding.TestMacBindingCreateValidation" name="test_post_invalid_ip" time="0.125" /><testcase classname="backend.tests.test_manual_mac_binding.TestMacBindingCreateAndUpdate" name="test_create_with_also_create_managed_device" time="0.148" /><testcase classname="backend.tests.test_manual_mac_binding.TestMacBindingCreateAndUpdate" name="test_update_same_mac_no_duplicate" time="0.167" /><testcase classname="backend.tests.test_manual_mac_binding.TestMacBindingCreateAndUpdate" name="test_post_lowercase_mac_normalized_to_upper" time="0.235" /><testcase classname="backend.tests.test_manual_mac_binding.TestMacBindingList" name="test_list_all_no_filter" time="0.124" /><testcase classname="backend.tests.test_manual_mac_binding.TestMacBindingList" name="test_list_filtered_by_client_id" time="0.127" /><testcase classname="backend.tests.test_manual_mac_binding.TestMacBindingList" name="test_list_filtered_unknown_client_returns_empty" time="0.104" /><testcase classname="backend.tests.test_manual_mac_binding.TestSwitchPortsManualBindingPriority" name="test_top_level_device_name_and_client_id" time="0.121" /><testcase classname="backend.tests.test_manual_mac_binding.TestSwitchPortsManualBindingPriority" name="test_port_with_manual_binding_match_source_mac_manual" time="0.128" /><testcase classname="backend.tests.test_manual_mac_binding.TestSwitchPortsManualBindingPriority" name="test_lldp_wins_over_manual_binding_on_same_port" time="0.246" /><testcase classname="backend.tests.test_manual_mac_binding.TestSwitchPortsManualBindingPriority" name="test_regression_mac_oui_unchanged_without_binding" time="0.101" /><testcase classname="backend.tests.test_manual_mac_binding.TestSwitchPortsManualBindingPriority" name="test_regression_mac_unknown_unchanged_without_binding" time="0.120" /><testcase classname="backend.tests.test_manual_mac_binding.TestSwitchPortsManualBindingPriority" name="test_regression_mac_managed_unchanged_without_binding" time="0.110" /><testcase classname="backend.tests.test_manual_mac_binding.TestMacBindingDelete" name="test_delete_existing_unsets_endpoint_overrides" time="0.124" /><testcase classname="backend.tests.test_manual_mac_binding.TestMacBindingDelete" name="test_delete_nonexistent_returns_404" time="0.110" /><testcase classname="backend.tests.test_manual_mac_binding.TestMacBindingDelete" name="test_after_delete_port_falls_back_to_default_neighbor" time="0.109" /><testcase classname="backend.tests.test_connector_autoupdate.TestUpdateCheck" name="test_update_check_returns_filename_field" time="0.119" /><testcase classname="backend.tests.test_connector_autoupdate.TestUpdateCheck" name="test_update_check_full_payload" time="0.000" /><testcase classname="backend.tests.test_connector_autoupdate.TestUpdateCheck" name="test_update_check_latest_version" time="0.000" /><testcase classname="backend.tests.test_connector_autoupdate.TestUpdateCheck" name="test_download_url_consistency" time="0.000" /><testcase classname="backend.tests.test_connector_autoupdate.TestUpdateCheck" name="test_update_check_invalid_api_key" time="0.105" /><testcase classname="backend.tests.test_connector_autoupdate.TestDownload" name="test_download_with_api_key" time="0.176" /><testcase classname="backend.tests.test_connector_autoupdate.TestDownload" name="test_download_with_admin_jwt" time="0.421" /><testcase classname="backend.tests.test_connector_autoupdate.TestDownload" name="test_download_with_admin_jwt_query_param" time="0.157" /><testcase classname="backend.tests.test_connector_autoupdate.TestDownload" name="test_download_non_existing_file_404" time="0.135" /><testcase classname="backend.tests.test_connector_autoupdate.TestDownload" name="test_download_no_auth_401" time="0.109" /><testcase classname="backend.tests.test_connector_autoupdate.TestHeartbeatForceUpdate" name="test_heartbeat_force_update_returns_filename" time="0.466" /><testcase classname="backend.tests.test_connector_autoupdate.TestUpdateInfo" name="test_update_info_admin" time="0.102" /><testcase classname="backend.tests.test_connector_autoupdate.TestPublicDownload" name="test_public_download_latest_no_auth" time="0.180" /><testcase classname="backend.tests.test_connector_autoupdate.TestNoActiveUpdate" name="test_no_active_update_response" time="0.148" /></testsuite></testsuites>