<?xml version="1.0" encoding="utf-8"?><testsuites name="pytest tests"><testsuite name="pytest" errors="0" failures="0" skipped="0" tests="5" time="2.614" timestamp="2026-09-09T17:22:51.681894+00:00" hostname="agent-env-344330e7-878f-40bc-ab90-879dd5211fdc"><testcase classname="tests.test_tv_overview_alerts_iter138" name="test_tv_dashboard_public_and_fast" time="0.861" /><testcase classname="tests.test_tv_overview_alerts_iter138" name="test_tv_alert_feed_only_active_and_dedup" time="0.335" /><testcase classname="tests.test_tv_overview_alerts_iter138" name="test_overview_clients_requires_auth_and_cached" time="1.153" /><testcase classname="tests.test_tv_overview_alerts_iter138" name="test_alerts_sort_by_severity" time="0.180" /><testcase classname="tests.test_tv_overview_alerts_iter138" name="test_resolve_recovered_device_alerts_isolated" time="0.019" /></testsuite></testsuites>