<?xml version="1.0" encoding="utf-8"?><testsuites name="pytest tests"><testsuite name="pytest" errors="0" failures="1" skipped="0" tests="29" time="68.805" timestamp="2026-08-18T10:41:58.300052+00:00" hostname="agent-env-344330e7-878f-40bc-ab90-879dd5211fdc"><testcase classname="tests.test_blackout_devices_consistency_iter120.TestDevicesOverride" name="test_blackout_polled_device_offline_site_blackout" time="2.222" /><testcase classname="tests.test_blackout_devices_consistency_iter120.TestDevicesOverride" name="test_blackout_scanner_source_device_not_online" time="0.183" /><testcase classname="tests.test_blackout_devices_consistency_iter120.TestDevicesOverride" name="test_blackout_never_polled_device_not_online" time="0.156" /><testcase classname="tests.test_blackout_devices_consistency_iter120.TestDevicesOverride" name="test_old_wan_probe_does_not_confirm_blackout" time="0.151" /><testcase classname="tests.test_blackout_devices_consistency_iter120.TestDevicesOverride" name="test_regression_live_agent_device_online" time="0.163" /><testcase classname="tests.test_blackout_devices_consistency_iter120.TestConsistency" name="test_global_list_matches_per_client_list" time="0.787" /><testcase classname="tests.test_blackout_devices_consistency_iter120.TestConsistency" name="test_overview_counts_match_devices_endpoint" time="1.048" /><testcase classname="tests.test_blackout_devices_consistency_iter120.TestConsistency" name="test_never_polled_devices_consistent_with_overview" time="0.630"><failure message="AssertionError: DISCREPANZA pagine: /api/devices=['pending', 'pending'] vs overview endpoints={'total': 2, 'online': 0, 'offline': 2, 'stale': 0, 'unknown': 0, 'vital_total': 0, 'vital_online': 0, 'vital_offline': 0, 'vital_stale': 0}&#10;assert 2 == 0&#10; +  where 2 = &lt;built-in method get of dict object at 0xf9f23030d140&gt;('offline', 0)&#10; +    where &lt;built-in method get of dict object at 0xf9f23030d140&gt; = {'offline': 2, 'online': 0, 'stale': 0, 'total': 2, ...}.get&#10; +  and   0 = &lt;built-in method count of list object at 0xf9f230304f40&gt;('offline')&#10; +    where &lt;built-in method count of list object at 0xf9f230304f40&gt; = ['pending', 'pending'].count">E   AssertionError: DISCREPANZA pagine: /api/devices=['pending', 'pending'] vs overview endpoints={'total': 2, 'online': 0, 'offline': 2, 'stale': 0, 'unknown': 0, 'vital_total': 0, 'vital_online': 0, 'vital_offline': 0, 'vital_stale': 0}
    assert 2 == 0
     +  where 2 = &lt;built-in method get of dict object at 0xf9f23030d140&gt;('offline', 0)
     +    where &lt;built-in method get of dict object at 0xf9f23030d140&gt; = {'offline': 2, 'online': 0, 'stale': 0, 'total': 2, ...}.get
     +  and   0 = &lt;built-in method count of list object at 0xf9f230304f40&gt;('offline')
     +    where &lt;built-in method count of list object at 0xf9f230304f40&gt; = ['pending', 'pending'].count</failure></testcase><testcase classname="tests.test_blackout_devices_consistency_iter120.TestConsistency" name="test_blackout_client_has_zero_online_everywhere" time="0.634" /><testcase classname="tests.test_blackout_wan_freshness_iter119.TestLivenessResolverUnit" name="test_constants_speed_tuning" time="0.006" /><testcase classname="tests.test_blackout_wan_freshness_iter119.TestLivenessResolverUnit" name="test_agent_stale_set" time="0.006" /><testcase classname="tests.test_blackout_wan_freshness_iter119.TestLivenessResolverUnit" name="test_wan_down_freshness_and_all_targets" time="0.005" /><testcase classname="tests.test_blackout_wan_freshness_iter119.TestLivenessResolverUnit" name="test_blackout_intersection" time="0.004" /><testcase classname="tests.test_blackout_wan_freshness_iter119.TestLivenessResolverUnit" name="test_compute_status_blackout_is_offline_site_blackout" time="0.004" /><testcase classname="tests.test_blackout_wan_freshness_iter119.TestLivenessResolverUnit" name="test_compute_status_agent_down_wan_up_is_stale" time="0.004" /><testcase classname="tests.test_blackout_wan_freshness_iter119.TestLivenessResolverUnit" name="test_compute_status_evidence_does_not_override_blackout" time="0.005" /><testcase classname="tests.test_blackout_wan_freshness_iter119.TestLivenessResolverUnit" name="test_compute_status_regression_live_client_online" time="0.004" /><testcase classname="tests.test_blackout_wan_freshness_iter119.TestLivenessResolverUnit" name="test_wan_recovery_flips_blackout_to_stale" time="0.005" /><testcase classname="tests.test_blackout_wan_freshness_iter119.TestLivenessResolverUnit" name="test_ports_open_counts_as_reachable" time="0.005" /><testcase classname="tests.test_blackout_wan_freshness_iter119.TestRestConsistency" name="test_devices_endpoint_blackout_offline" time="0.433" /><testcase classname="tests.test_blackout_wan_freshness_iter119.TestRestConsistency" name="test_devices_endpoint_agent_down_wan_up_stale" time="0.330" /><testcase classname="tests.test_blackout_wan_freshness_iter119.TestRestConsistency" name="test_devices_endpoint_live_client_online" time="0.221" /><testcase classname="tests.test_blackout_wan_freshness_iter119.TestRestConsistency" name="test_overview_matches_devices_endpoint" time="0.458" /><testcase classname="tests.test_blackout_wan_freshness_iter119.TestRestConsistency" name="test_no_objectid_leak" time="0.147" /><testcase classname="tests.test_blackout_wan_freshness_iter119.TestSiteBlackoutAlert" name="test_site_blackout_alert_emitted_within_2_cycles" time="60.013" /><testcase classname="tests.test_blackout_agent_offline_iter117.TestBlackoutGating" name="test_blackout_device_is_stale_not_online" time="0.526" /><testcase classname="tests.test_blackout_agent_offline_iter117.TestBlackoutGating" name="test_live_client_device_stays_online" time="0.159" /><testcase classname="tests.test_blackout_agent_offline_iter117.TestBlackoutGating" name="test_no_mongo_objectid_leak" time="0.155" /><testcase classname="tests.test_blackout_agent_offline_iter117.TestBlackoutGating" name="test_datto_confirmed_device_stays_online_during_blackout" time="0.162" /></testsuite></testsuites>