<?xml version="1.0" encoding="utf-8"?><testsuites name="pytest tests"><testsuite name="pytest" errors="0" failures="0" skipped="0" tests="10" time="2.069" timestamp="2026-08-20T12:25:34.761169+00:00" hostname="agent-env-344330e7-878f-40bc-ab90-879dd5211fdc"><testcase classname="tests.test_external_monitor_smoke_iter126" name="test_list_endpoints[/api/external-monitor/targets]" time="0.532" /><testcase classname="tests.test_external_monitor_smoke_iter126" name="test_list_endpoints[/api/external-monitor/alerts]" time="0.134" /><testcase classname="tests.test_external_monitor_smoke_iter126" name="test_target_scoped_endpoints[insights]" time="0.275" /><testcase classname="tests.test_external_monitor_smoke_iter126" name="test_target_scoped_endpoints[dns-health]" time="0.132" /><testcase classname="tests.test_external_monitor_smoke_iter126" name="test_target_scoped_endpoints[public-ip-history]" time="0.141" /><testcase classname="tests.test_external_monitor_smoke_iter126" name="test_target_scoped_endpoints[speedtest/history]" time="0.193" /><testcase classname="tests.test_external_monitor_smoke_iter126" name="test_target_scoped_endpoints[multi-isp]" time="0.167" /><testcase classname="tests.test_external_monitor_smoke_iter126" name="test_target_scoped_endpoints[saas]" time="0.145" /><testcase classname="tests.test_external_monitor_smoke_iter126" name="test_target_scoped_endpoints[alert-rules]" time="0.146" /><testcase classname="tests.test_external_monitor_smoke_iter126" name="test_target_scoped_endpoints[traceroute-baseline]" time="0.142" /></testsuite></testsuites>