<?xml version="1.0" encoding="utf-8"?><testsuites name="pytest tests"><testsuite name="pytest" errors="0" failures="0" skipped="0" tests="10" time="4.398" timestamp="2026-06-23T17:18:59.349060+00:00" hostname="agent-env-228c5247-8373-479c-bbc8-f847f0aa70bb"><testcase classname="backend.tests.test_nagios_features_iter88.TestMonitoringSettings" name="test_get_monitoring_settings" time="0.296" /><testcase classname="backend.tests.test_nagios_features_iter88.TestMonitoringSettings" name="test_post_monitoring_settings" time="0.230" /><testcase classname="backend.tests.test_nagios_features_iter88.TestMaintenanceCRUD" name="test_list_maintenance" time="0.108" /><testcase classname="backend.tests.test_nagios_features_iter88.TestMaintenanceCRUD" name="test_create_and_delete_maintenance" time="0.244" /><testcase classname="backend.tests.test_nagios_features_iter88.TestInfoCardMaintenance" name="test_maintenance_device_card" time="0.106" /><testcase classname="backend.tests.test_nagios_features_iter88.TestInfoCardSoftState" name="test_softstate_card" time="0.104" /><testcase classname="backend.tests.test_nagios_features_iter88.TestInfoCardSoftState" name="test_softstate_override_and_revert" time="0.340" /><testcase classname="backend.tests.test_nagios_features_iter88.TestInfoCardDependency" name="test_unreachable_dependency" time="2.376" /><testcase classname="backend.tests.test_nagios_features_iter88.TestInfoCardDependency" name="test_set_parent_and_revert" time="0.412" /><testcase classname="backend.tests.test_nagios_features_iter88.TestLivenessRegression" name="test_normal_device_card" time="0.121" /></testsuite></testsuites>