<?xml version="1.0" encoding="utf-8"?><testsuites name="pytest tests"><testsuite name="pytest" errors="0" failures="0" skipped="0" tests="14" time="2.110" timestamp="2026-05-16T07:34:42.689140+00:00" hostname="agent-env-367dfdda-b37f-4bd8-84f0-64015405244c"><testcase classname="backend.tests.test_ghost_agents_sysmetrics" name="test_agents_stale_requires_auth" time="0.214" /><testcase classname="backend.tests.test_ghost_agents_sysmetrics" name="test_agents_cleanup_requires_auth" time="0.146" /><testcase classname="backend.tests.test_ghost_agents_sysmetrics" name="test_sysmetrics_overview_requires_auth" time="0.111" /><testcase classname="backend.tests.test_ghost_agents_sysmetrics" name="test_agents_stale_returns_list" time="0.295" /><testcase classname="backend.tests.test_ghost_agents_sysmetrics" name="test_agents_stale_clamps_invalid_days" time="0.141" /><testcase classname="backend.tests.test_ghost_agents_sysmetrics" name="test_cleanup_requires_payload" time="0.108" /><testcase classname="backend.tests.test_ghost_agents_sysmetrics" name="test_cleanup_specific_id_and_audit" time="0.140" /><testcase classname="backend.tests.test_ghost_agents_sysmetrics" name="test_cleanup_all_stale_with_seed" time="0.102" /><testcase classname="backend.tests.test_ghost_agents_sysmetrics" name="test_sysmetrics_latest_404_when_missing" time="0.143" /><testcase classname="backend.tests.test_ghost_agents_sysmetrics" name="test_sysmetrics_history_empty_returns_shape" time="0.128" /><testcase classname="backend.tests.test_ghost_agents_sysmetrics" name="test_sysmetrics_overview_shape" time="0.118" /><testcase classname="backend.tests.test_ghost_agents_sysmetrics" name="test_sysmetrics_overview_with_seed" time="0.114" /><testcase classname="backend.tests.test_ghost_agents_sysmetrics" name="test_legacy_connector_status_reachable" time="0.104" /><testcase classname="backend.tests.test_ghost_agents_sysmetrics" name="test_connectors_ui_route_serves_spa_or_404" time="0.113" /></testsuite></testsuites>