<?xml version="1.0" encoding="utf-8"?><testsuites name="pytest tests"><testsuite name="pytest" errors="0" failures="0" skipped="0" tests="9" time="1.710" timestamp="2026-08-18T11:48:06.609261+00:00" hostname="agent-env-344330e7-878f-40bc-ab90-879dd5211fdc"><testcase classname="tests.test_auth_jwt_persistent_iter121.TestAuthRegression" name="test_me_endpoint" time="0.504" /><testcase classname="tests.test_auth_jwt_persistent_iter121.TestAuthRegression" name="test_protected_clients" time="0.087" /><testcase classname="tests.test_auth_jwt_persistent_iter121.TestAuthRegression" name="test_no_token_rejected" time="0.083" /><testcase classname="tests.test_auth_jwt_persistent_iter121.TestAuthRegression" name="test_bad_token_rejected" time="0.083" /><testcase classname="tests.test_auth_jwt_persistent_iter121.TestAuthRegression" name="test_wrong_password_rejected" time="0.129" /><testcase classname="tests.test_auth_jwt_persistent_iter121.TestRefreshToken" name="test_refresh_returns_valid_access_token" time="0.172" /><testcase classname="tests.test_auth_jwt_persistent_iter121.TestRefreshToken" name="test_refresh_invalid_token" time="0.086" /><testcase classname="tests.test_auth_jwt_persistent_iter121.TestPersistentJwtSecret" name="test_idempotent_and_persisted" time="0.475" /><testcase classname="tests.test_auth_jwt_persistent_iter121.TestPersistentJwtSecret" name="test_env_secret_preferred_in_preview" time="0.002" /></testsuite></testsuites>