<?xml version="1.0" encoding="utf-8"?><testsuites name="pytest tests"><testsuite name="pytest" errors="0" failures="0" skipped="0" tests="11" time="1.320" timestamp="2026-04-30T10:26:02.456266+00:00" hostname="agent-env-258f9f30-d445-4e1e-ac0d-fbcfecaf2431"><testcase classname="backend.tests.test_sync_active_devices" name="test_missing_api_key_returns_401" time="0.296" /><testcase classname="backend.tests.test_sync_active_devices" name="test_invalid_api_key_returns_401" time="0.138" /><testcase classname="backend.tests.test_sync_active_devices" name="test_missing_active_ips_field" time="0.102" /><testcase classname="backend.tests.test_sync_active_devices" name="test_active_ips_not_list" time="0.104" /><testcase classname="backend.tests.test_sync_active_devices" name="test_empty_list_rejected_for_safety" time="0.113" /><testcase classname="backend.tests.test_sync_active_devices" name="test_empty_list_rejected_even_with_dry_run" time="0.109" /><testcase classname="backend.tests.test_sync_active_devices" name="test_dry_run_identifies_candidates_without_deleting" time="0.161" /><testcase classname="backend.tests.test_sync_active_devices" name="test_sync_removes_only_missing_connector_devices" time="0.158" /><testcase classname="backend.tests.test_sync_active_devices" name="test_alerts_auto_resolved_on_device_removal" time="0.001" /><testcase classname="backend.tests.test_sync_active_devices" name="test_connector_ps1_has_sync_block" time="0.001" /><testcase classname="backend.tests.test_sync_active_devices" name="test_version_json_is_3_5_25" time="0.002" /></testsuite></testsuites>