<?xml version="1.0" encoding="utf-8"?><testsuites name="pytest tests"><testsuite name="pytest" errors="0" failures="0" skipped="0" tests="14" time="3.681" timestamp="2026-04-30T14:32:32.776642+00:00" hostname="agent-env-258f9f30-d445-4e1e-ac0d-fbcfecaf2431"><testcase classname="backend.tests.test_hornetsecurity_subgroups.TestTenantList" name="test_tenants_endpoint_returns_sub_groups_count" time="0.325" /><testcase classname="backend.tests.test_hornetsecurity_subgroups.TestTenantList" name="test_tenants_mappings_have_filters_field" time="0.258" /><testcase classname="backend.tests.test_hornetsecurity_subgroups.TestSubGroupsDiscovery" name="test_giambarini_sub_groups" time="0.142" /><testcase classname="backend.tests.test_hornetsecurity_subgroups.TestSubGroupsDiscovery" name="test_sub_groups_admin_only" time="0.155" /><testcase classname="backend.tests.test_hornetsecurity_subgroups.TestSubGroupsDiscovery" name="test_sub_groups_show_mapped_clients" time="0.346" /><testcase classname="backend.tests.test_hornetsecurity_subgroups.TestClientMapping" name="test_set_mapping_with_subgroups_dict" time="0.471" /><testcase classname="backend.tests.test_hornetsecurity_subgroups.TestClientMapping" name="test_get_mapping_returns_tenants_and_filters" time="0.112" /><testcase classname="backend.tests.test_hornetsecurity_subgroups.TestClientMapping" name="test_set_mapping_string_legacy" time="0.252" /><testcase classname="backend.tests.test_hornetsecurity_subgroups.TestClientMapping" name="test_set_mapping_mixed" time="0.159" /><testcase classname="backend.tests.test_hornetsecurity_subgroups.TestStatusFiltered" name="test_status_filtered_by_subgroups" time="0.411" /><testcase classname="backend.tests.test_hornetsecurity_subgroups.TestStatusFiltered" name="test_status_whole_tenant" time="0.311" /><testcase classname="backend.tests.test_hornetsecurity_subgroups.TestStatusFiltered" name="test_alerts_filtered" time="0.255" /><testcase classname="backend.tests.test_hornetsecurity_subgroups.TestBackfill" name="test_backfill_admin_only" time="0.154" /><testcase classname="backend.tests.test_hornetsecurity_subgroups.TestBackfill" name="test_backfill_runs_idempotent" time="0.249" /></testsuite></testsuites>