<?xml version="1.0" encoding="utf-8"?><testsuites name="pytest tests"><testsuite name="pytest" errors="0" failures="1" skipped="1" tests="27" time="4.297" timestamp="2026-08-20T12:31:17.930653+00:00" hostname="agent-env-344330e7-878f-40bc-ab90-879dd5211fdc"><testcase classname="tests.test_auth_2fa_startup_iter126.TestStartup" name="test_api_root_reachable" time="0.229" /><testcase classname="tests.test_auth_2fa_startup_iter126.TestStartup" name="test_openapi_includes_external_monitor" time="0.109"><failure message="AssertionError: openapi unreachable&#10;assert (&lt;Response [500]&gt; is not None and 500 == 200)&#10; +  where 500 = &lt;Response [500]&gt;.status_code">E   AssertionError: openapi unreachable
    assert (&lt;Response [500]&gt; is not None and 500 == 200)
     +  where 500 = &lt;Response [500]&gt;.status_code</failure></testcase><testcase classname="tests.test_auth_2fa_startup_iter126.TestAuthFlow" name="test_login_returns_token_and_requires_2fa" time="0.147" /><testcase classname="tests.test_auth_2fa_startup_iter126.TestAuthFlow" name="test_login_wrong_password_rejected" time="0.135" /><testcase classname="tests.test_auth_2fa_startup_iter126.TestAuthFlow" name="test_verify_2fa_returns_full_token" time="0.075" /><testcase classname="tests.test_auth_2fa_startup_iter126.TestAuthFlow" name="test_verify_2fa_wrong_code_rejected" time="0.177" /><testcase classname="tests.test_auth_2fa_startup_iter126.TestAuthFlow" name="test_refresh_token_present" time="0.000" /><testcase classname="tests.test_auth_2fa_startup_iter126.TestProtectedEndpoints" name="test_clients" time="0.087" /><testcase classname="tests.test_auth_2fa_startup_iter126.TestProtectedEndpoints" name="test_auth_me" time="0.066" /><testcase classname="tests.test_auth_2fa_startup_iter126.TestProtectedEndpoints" name="test_tv_dashboard" time="0.076" /><testcase classname="tests.test_auth_2fa_startup_iter126.TestProtectedEndpoints" name="test_no_mongo_object_id_leak" time="0.066" /><testcase classname="tests.test_auth_2fa_startup_iter126.TestProtectedEndpoints" name="test_protected_without_token_rejected" time="0.164" /><testcase classname="tests.test_auth_2fa_startup_iter126.TestProtectedEndpoints" name="test_external_monitor_targets" time="0.070" /><testcase classname="tests.test_external_monitor_smoke_iter126" name="test_list_endpoints[/api/external-monitor/targets]" time="0.391" /><testcase classname="tests.test_external_monitor_smoke_iter126" name="test_list_endpoints[/api/external-monitor/alerts]" time="0.137" /><testcase classname="tests.test_external_monitor_smoke_iter126" name="test_target_scoped_endpoints[insights]" time="0.354" /><testcase classname="tests.test_external_monitor_smoke_iter126" name="test_target_scoped_endpoints[dns-health]" time="0.136" /><testcase classname="tests.test_external_monitor_smoke_iter126" name="test_target_scoped_endpoints[public-ip-history]" time="0.143" /><testcase classname="tests.test_external_monitor_smoke_iter126" name="test_target_scoped_endpoints[speedtest/history]" time="0.144" /><testcase classname="tests.test_external_monitor_smoke_iter126" name="test_target_scoped_endpoints[multi-isp]" time="0.143" /><testcase classname="tests.test_external_monitor_smoke_iter126" name="test_target_scoped_endpoints[saas]" time="0.135" /><testcase classname="tests.test_external_monitor_smoke_iter126" name="test_target_scoped_endpoints[alert-rules]" time="0.128" /><testcase classname="tests.test_external_monitor_smoke_iter126" name="test_target_scoped_endpoints[traceroute-baseline]" time="0.200" /><testcase classname="tests.test_external_monitor_helpers_iter126" name="test_helpers_defined_at_module_level" time="0.000" /><testcase classname="tests.test_external_monitor_helpers_iter126" name="test_hop_ip_extracts_ip" time="0.000" /><testcase classname="tests.test_external_monitor_helpers_iter126" name="test_baseline_diff_detects_change" time="0.000" /><testcase classname="tests.test_external_monitor_helpers_iter126" name="test_probe_cycle_callable_exists" time="0.000"><skipped type="pytest.skip" message="probe cycle function name differs">/app/backend/tests/test_external_monitor_helpers_iter126.py:33: probe cycle function name differs</skipped></testcase></testsuite></testsuites>