<?xml version="1.0" encoding="utf-8"?><testsuites name="pytest tests"><testsuite name="pytest" errors="0" failures="0" skipped="0" tests="13" time="1.666" timestamp="2026-09-10T17:49:15.012812+00:00" hostname="agent-env-344330e7-878f-40bc-ab90-879dd5211fdc"><testcase classname="tests.test_temp_thresholds_iter142.TestTempTypeKey" name="test_zyxel_usg_to_firewall" time="0.082" /><testcase classname="tests.test_temp_thresholds_iter142.TestTempTypeKey" name="test_access_point_to_ap" time="0.000" /><testcase classname="tests.test_temp_thresholds_iter142.TestTempTypeKey" name="test_generic_hpe_ilo_to_ilo" time="0.000" /><testcase classname="tests.test_temp_thresholds_iter142.TestTempTypeKey" name="test_snmp_switch_to_switch" time="0.000" /><testcase classname="tests.test_temp_thresholds_iter142.TestTempTypeKey" name="test_hyperv_vm_to_hypervisor" time="0.000" /><testcase classname="tests.test_temp_thresholds_iter142.TestTempTypeKey" name="test_endpoint_unknown" time="0.000" /><testcase classname="tests.test_temp_thresholds_iter142.TestTempTypeKey" name="test_generic_unknown" time="0.000" /><testcase classname="tests.test_temp_thresholds_iter142.TestResolveTempThresholds" name="test_client_firewall_from_zyxel_usg" time="0.000" /><testcase classname="tests.test_temp_thresholds_iter142.TestResolveTempThresholds" name="test_client_firewall_from_hint_tuple" time="0.000" /><testcase classname="tests.test_temp_thresholds_iter142.TestResolveTempThresholds" name="test_other_fallback_for_unknown_type" time="0.000" /><testcase classname="tests.test_temp_thresholds_iter142.TestResolveTempThresholds" name="test_device_override_wins" time="0.000" /><testcase classname="tests.test_temp_thresholds_iter142.TestTempDefaultsEndpoint" name="test_defaults_include_all_keys_and_other" time="0.517" /><testcase classname="tests.test_temp_thresholds_iter142.TestTemperatureOverviewResolution" name="test_full_flow" time="0.992" /></testsuite></testsuites>