<?xml version="1.0" encoding="utf-8"?><testsuites name="pytest tests"><testsuite name="pytest" errors="0" failures="0" skipped="0" tests="9" time="1.216" timestamp="2026-08-07T13:48:47.385098+00:00" hostname="agent-env-f838a385-c5fa-47be-b41c-d46466af6620"><testcase classname="tests.test_auth_hardening_iter103.TestAdmin2FAEnrollment" name="test_a_login_requires_2fa_setup" time="0.320" /><testcase classname="tests.test_auth_hardening_iter103.TestAdmin2FAEnrollment" name="test_b_enroll_token_blocked_on_normal_endpoint" time="0.047" /><testcase classname="tests.test_auth_hardening_iter103.TestAdmin2FAEnrollment" name="test_c_setup_2fa_without_password" time="0.066" /><testcase classname="tests.test_auth_hardening_iter103.TestAdmin2FAEnrollment" name="test_d_confirm_2fa_returns_full_session" time="0.056" /><testcase classname="tests.test_auth_hardening_iter103.TestAdmin2FAEnrollment" name="test_e_full_token_accesses_protected_endpoint" time="0.111" /><testcase classname="tests.test_auth_hardening_iter103.TestAdmin2FAEnrollment" name="test_f_login_with_2fa_then_verify" time="0.235" /><testcase classname="tests.test_auth_hardening_iter103.TestAdmin2FAEnrollment" name="test_g_verify_2fa_wrong_code_rejected" time="0.139" /><testcase classname="tests.test_auth_hardening_iter103.TestCustomerPortalLegacyKey" name="test_forged_legacy_key_token_rejected" time="0.049" /><testcase classname="tests.test_auth_hardening_iter103.TestCustomerPortalLegacyKey" name="test_no_token_rejected" time="0.049" /></testsuite></testsuites>