<?xml version="1.0" encoding="utf-8"?><testsuites name="pytest tests"><testsuite name="pytest" errors="0" failures="0" skipped="0" tests="6" time="5.081" timestamp="2026-09-11T21:43:06.257609+00:00" hostname="agent-env-344330e7-878f-40bc-ab90-879dd5211fdc"><testcase classname="tests.test_fusion_iter151" name="test_fusion_device_pc_mario" time="0.540" /><testcase classname="tests.test_fusion_iter151" name="test_fusion_certainty" time="0.379" /><testcase classname="tests.test_fusion_iter151" name="test_alert_engine_run_then_shadow" time="3.341" /><testcase classname="tests.test_fusion_iter151" name="test_fusion_config_toggle" time="0.754" /><testcase classname="tests.test_fusion_iter151" name="test_score_single_source_capped" time="0.001" /><testcase classname="tests.test_fusion_iter151" name="test_score_conflict_capped" time="0.000" /></testsuite></testsuites>