<?xml version="1.0" encoding="utf-8"?><testsuites name="pytest tests"><testsuite name="pytest" errors="0" failures="0" skipped="0" tests="7" time="2.423" timestamp="2026-08-24T10:32:43.214648+00:00" hostname="agent-env-344330e7-878f-40bc-ab90-879dd5211fdc"><testcase classname="tests.test_new_endpoints_iter128.TestSilenceNow" name="test_silence_now_hours" time="1.546" /><testcase classname="tests.test_new_endpoints_iter128.TestSilenceNow" name="test_silence_now_until_tomorrow" time="0.231" /><testcase classname="tests.test_new_endpoints_iter128.TestSilenceNow" name="test_silence_now_requires_auth" time="0.114" /><testcase classname="tests.test_new_endpoints_iter128.TestRogueInvestigate" name="test_investigate_ok" time="0.108" /><testcase classname="tests.test_new_endpoints_iter128.TestRogueInvestigate" name="test_investigate_validation" time="0.104" /><testcase classname="tests.test_new_endpoints_iter128.TestRogueInvestigate" name="test_investigate_requires_auth" time="0.125" /><testcase classname="tests.test_new_endpoints_iter128.TestRogueInvestigate" name="test_rogue_status" time="0.123" /></testsuite></testsuites>