<?xml version="1.0" encoding="utf-8"?><testsuites name="pytest tests"><testsuite name="pytest" errors="0" failures="0" skipped="0" tests="10" time="9.571" timestamp="2026-05-18T11:02:53.037904+00:00" hostname="agent-env-367dfdda-b37f-4bd8-84f0-64015405244c"><testcase classname="tests.test_agent_builds_synthetic_fallback.TestPS1AutoDetectSource" name="test_ps1_file_exists" time="0.000" /><testcase classname="tests.test_agent_builds_synthetic_fallback.TestPS1AutoDetectSource" name="test_ps1_contains_auto_detect_block" time="0.000" /><testcase classname="tests.test_agent_builds_synthetic_fallback.TestPS1AutoDetectSource" name="test_ps1_source_param_default_empty" time="0.000" /><testcase classname="tests.test_agent_builds_synthetic_fallback.TestManifestHappyPath" name="test_manifest_returns_all_known_assets" time="0.884" /><testcase classname="tests.test_agent_builds_synthetic_fallback.TestManifestHappyPath" name="test_manifest_cache_ttl_second_call_fast" time="0.104" /><testcase classname="tests.test_agent_builds_synthetic_fallback.TestPathTraversal" name="test_path_traversal_blocked" time="0.057" /><testcase classname="tests.test_agent_builds_synthetic_fallback.TestUnknownVersionNegative" name="test_unknown_version_returns_5xx_fast" time="0.227" /><testcase classname="tests.test_agent_builds_synthetic_fallback.TestUnknownVersionNegative" name="test_unknown_version_asset_download_eventual_failure" time="0.322" /><testcase classname="tests.test_agent_builds_synthetic_fallback.TestBulkUpdateWithDBOverride" name="test_bulk_update_resolves_via_db_override" time="0.256" /><testcase classname="tests.test_agent_builds_synthetic_fallback.TestSyntheticFallback" name="test_full_fake_token_flow" time="7.572" /></testsuite></testsuites>