<?xml version="1.0" encoding="utf-8"?><testsuites name="pytest tests"><testsuite name="pytest" errors="0" failures="1" skipped="0" tests="5" time="4.292" timestamp="2026-08-20T12:35:27.530751+00:00" hostname="agent-env-344330e7-878f-40bc-ab90-879dd5211fdc"><testcase classname="tests.test_auth_playbook_iter126" name="test_password_hash_algorithm_documented" time="0.085" /><testcase classname="tests.test_auth_playbook_iter126" name="test_cors_allows_credentials_with_explicit_origin" time="0.006" /><testcase classname="tests.test_auth_playbook_iter126" name="test_login_response_shape_and_cookies" time="0.292" /><testcase classname="tests.test_auth_playbook_iter126" name="test_zz_brute_force_lockout_after_repeated_failures" time="3.646"><failure message="AssertionError: no lockout/rate-limit triggered: [401, 401, 401, 401, 401, 401, 401, 401, 401, 401, 401, 401, 401]&#10;assert False&#10; +  where False = any(&lt;generator object test_zz_brute_force_lockout_after_repeated_failures.&lt;locals&gt;.&lt;genexpr&gt; at 0xf8c788ced560&gt;)">E   AssertionError: no lockout/rate-limit triggered: [401, 401, 401, 401, 401, 401, 401, 401, 401, 401, 401, 401, 401]
    assert False
     +  where False = any(&lt;generator object test_zz_brute_force_lockout_after_repeated_failures.&lt;locals&gt;.&lt;genexpr&gt; at 0xf8c788ced560&gt;)</failure></testcase><testcase classname="tests.test_auth_playbook_iter126" name="test_valid_admin_login_works" time="0.202" /></testsuite></testsuites>