<?xml version="1.0" encoding="utf-8"?><testsuites name="pytest tests"><testsuite name="pytest" errors="0" failures="0" skipped="0" tests="10" time="3.089" timestamp="2026-08-19T12:45:44.384188+00:00" hostname="agent-env-344330e7-878f-40bc-ab90-879dd5211fdc"><testcase classname="tests.test_cmdb_entities_iter124.TestAuthProtection" name="test_entities_requires_auth" time="0.470" /><testcase classname="tests.test_cmdb_entities_iter124.TestAuthProtection" name="test_rebuild_requires_auth" time="0.231" /><testcase classname="tests.test_cmdb_entities_iter124.TestAuthProtection" name="test_detail_requires_auth" time="0.140" /><testcase classname="tests.test_cmdb_entities_iter124.TestRebuildAndList" name="test_rebuild_all" time="0.808" /><testcase classname="tests.test_cmdb_entities_iter124.TestRebuildAndList" name="test_rebuild_single_client" time="0.273" /><testcase classname="tests.test_cmdb_entities_iter124.TestRebuildAndList" name="test_list_entities_schema" time="0.073" /><testcase classname="tests.test_cmdb_entities_iter124.TestRebuildAndList" name="test_86bitserver_merge" time="0.065" /><testcase classname="tests.test_cmdb_entities_iter124.TestRebuildAndList" name="test_source_filter" time="0.062" /><testcase classname="tests.test_cmdb_entities_iter124.TestRebuildAndList" name="test_entity_detail_and_404" time="0.189" /><testcase classname="tests.test_cmdb_entities_iter124.TestRebuildAndList" name="test_idempotency" time="0.682" /></testsuite></testsuites>