<?xml version="1.0" encoding="utf-8"?><testsuites name="pytest tests"><testsuite name="pytest" errors="0" failures="0" skipped="0" tests="8" time="3.444" timestamp="2026-07-23T09:09:59.592249+00:00" hostname="agent-env-f838a385-c5fa-47be-b41c-d46466af6620"><testcase classname="backend.tests.test_triage_iter90.TestBulkVital" name="test_missing_ips" time="0.350" /><testcase classname="backend.tests.test_triage_iter90.TestBulkVital" name="test_missing_is_vital" time="0.095" /><testcase classname="backend.tests.test_triage_iter90.TestBulkVital" name="test_missing_client_id" time="0.107" /><testcase classname="backend.tests.test_triage_iter90.TestBulkVital" name="test_set_vital_true_persists" time="0.100" /><testcase classname="backend.tests.test_triage_iter90.TestBulkVital" name="test_set_vital_false_persists" time="0.111" /><testcase classname="backend.tests.test_triage_iter90.TestAlertEngineConfig" name="test_config_has_new_device_keys" time="0.100" /><testcase classname="backend.tests.test_triage_iter90.TestNewDeviceWatchdog" name="test_watchdog_creates_alert" time="1.148" /><testcase classname="backend.tests.test_triage_iter90.TestNewDeviceWatchdog" name="test_watchdog_resolves_alert" time="1.301" /></testsuite></testsuites>