<?xml version="1.0" encoding="utf-8"?><testsuites name="pytest tests"><testsuite name="pytest" errors="0" failures="0" skipped="0" tests="4" time="1.814" timestamp="2026-09-11T22:02:30.215775+00:00" hostname="agent-env-344330e7-878f-40bc-ab90-879dd5211fdc"><testcase classname="tests.test_iter152" name="test_topology_vm_parents" time="0.674" /><testcase classname="tests.test_iter152" name="test_switch_port_attached" time="0.449" /><testcase classname="tests.test_iter152" name="test_fusion_shadow_promotion" time="0.188" /><testcase classname="tests.test_iter152" name="test_fusion_config_auto_promote" time="0.439" /></testsuite></testsuites>