<?xml version="1.0" encoding="utf-8"?><testsuites name="pytest tests"><testsuite name="pytest" errors="0" failures="0" skipped="0" tests="8" time="7.537" timestamp="2026-07-24T10:16:27.957043+00:00" hostname="agent-env-f838a385-c5fa-47be-b41c-d46466af6620"><testcase classname="backend.tests.test_positive_recovery_iter94" name="test_no_active_recovery_of_any_type" time="0.415" /><testcase classname="backend.tests.test_positive_recovery_iter94" name="test_no_active_source_ending_with_recovery" time="0.137" /><testcase classname="backend.tests.test_positive_recovery_iter94" name="test_vital_only_no_recovery_noise" time="0.109" /><testcase classname="backend.tests.test_positive_recovery_iter94" name="test_datto_sync_recovery_persists_resolved" time="2.148" /><testcase classname="backend.tests.test_positive_recovery_iter94" name="test_datto_server_recovery_persists_resolved" time="2.127" /><testcase classname="backend.tests.test_positive_recovery_iter94" name="test_emit_recovery_notice_writes_resolved" time="0.121" /><testcase classname="backend.tests.test_positive_recovery_iter94" name="test_connector_recovery_insertion_pattern_is_resolved" time="0.000" /><testcase classname="backend.tests.test_positive_recovery_iter94" name="test_run_now_does_not_close_legitimate_active_alerts" time="2.337" /></testsuite></testsuites>