<?xml version="1.0" encoding="utf-8"?><testsuites name="pytest tests"><testsuite name="pytest" errors="0" failures="0" skipped="0" tests="4" time="1.022" timestamp="2026-06-23T16:22:13.843911+00:00" hostname="agent-env-228c5247-8373-479c-bbc8-f847f0aa70bb"><testcase classname="backend.tests.test_liveness_unification_iter87.TestLivenessUnification" name="test_devices_list_has_snmp_only_device" time="0.397" /><testcase classname="backend.tests.test_liveness_unification_iter87.TestLivenessUnification" name="test_info_card_snmp_only_device" time="0.153" /><testcase classname="backend.tests.test_liveness_unification_iter87.TestLivenessUnification" name="test_consistency_list_vs_info_card_snmp_only" time="0.269" /><testcase classname="backend.tests.test_liveness_unification_iter87.TestLivenessUnification" name="test_info_card_normal_device" time="0.144" /></testsuite></testsuites>