<?xml version="1.0" encoding="utf-8"?><testsuites name="pytest tests"><testsuite name="pytest" errors="0" failures="0" skipped="0" tests="8" time="1.518" timestamp="2026-08-07T13:05:15.816493+00:00" hostname="agent-env-f838a385-c5fa-47be-b41c-d46466af6620"><testcase classname="tests.test_reports_pdf_iter101.TestReportsList" name="test_list_requires_auth" time="0.310" /><testcase classname="tests.test_reports_pdf_iter101.TestReportsList" name="test_list_returns_clients" time="0.362" /><testcase classname="tests.test_reports_pdf_iter101.TestReportGenerate" name="test_generate_requires_auth" time="0.122" /><testcase classname="tests.test_reports_pdf_iter101.TestReportGenerate" name="test_generate_unknown_client_404" time="0.075" /><testcase classname="tests.test_reports_pdf_iter101.TestReportGenerate" name="test_generate_pdf_valid_multipage_with_sections" time="0.169" /><testcase classname="tests.test_reports_pdf_iter101.TestReportGenerate" name="test_generate_various_periods[7]" time="0.112" /><testcase classname="tests.test_reports_pdf_iter101.TestReportGenerate" name="test_generate_various_periods[90]" time="0.114" /><testcase classname="tests.test_reports_pdf_iter101.TestReportGenerate" name="test_generate_all_clients_no_500" time="0.187" /></testsuite></testsuites>