<?xml version="1.0" encoding="utf-8"?><testsuites name="pytest tests"><testsuite name="pytest" errors="0" failures="0" skipped="0" tests="6" time="12.824" timestamp="2026-05-03T14:57:59.195607+00:00" hostname="agent-env-258f9f30-d445-4e1e-ac0d-fbcfecaf2431"><testcase classname="backend.tests.test_scale_up_v3_6_17.TestSwitchPortsResponse" name="test_switch_ports_includes_device_name_and_client_id" time="0.331" /><testcase classname="backend.tests.test_scale_up_v3_6_17.TestSwitchPortsResponse" name="test_switch_ports_perf_smoke_under_500ms" time="0.770" /><testcase classname="backend.tests.test_scale_up_v3_6_17.TestConnectorUpdateCheckPerf" name="test_update_check_100_calls_under_30s" time="11.581" /><testcase classname="backend.tests.test_scale_up_v3_6_17.TestIndexesCreated" name="test_all_scale_up_indexes_present" time="0.006" /><testcase classname="backend.tests.test_scale_up_v3_6_17.TestIndexesCreated" name="test_mac_device_bindings_mac_is_unique" time="0.003" /><testcase classname="backend.tests.test_scale_up_v3_6_17.TestIndexesCreated" name="test_bmc_candidates_compound_unique" time="0.006" /></testsuite></testsuites>