<?xml version="1.0" encoding="utf-8"?><testsuites name="pytest tests"><testsuite name="pytest" errors="0" failures="0" skipped="0" tests="11" time="15.329" timestamp="2026-09-11T16:00:11.331626+00:00" hostname="agent-env-344330e7-878f-40bc-ab90-879dd5211fdc"><testcase classname="backend.tests.test_kpi_strip_iter145" name="test_kpi_requires_auth" time="0.499" /><testcase classname="backend.tests.test_kpi_strip_iter145" name="test_kpi_structure[24h]" time="12.255" /><testcase classname="backend.tests.test_kpi_strip_iter145" name="test_kpi_structure[7d]" time="0.455" /><testcase classname="backend.tests.test_kpi_strip_iter145" name="test_kpi_structure[30d]" time="0.228" /><testcase classname="backend.tests.test_kpi_strip_iter145" name="test_kpi_invalid_period_falls_back" time="0.220" /><testcase classname="backend.tests.test_kpi_strip_iter145" name="test_opened_series_sum_matches_value" time="0.212" /><testcase classname="backend.tests.test_kpi_strip_iter145" name="test_alerts_breakdown_present" time="0.231" /><testcase classname="backend.tests.test_kpi_strip_iter145" name="test_alerts_value_matches_db" time="0.327" /><testcase classname="backend.tests.test_kpi_strip_iter145" name="test_opened_7d_matches_db" time="0.256" /><testcase classname="backend.tests.test_kpi_strip_iter145" name="test_availability_matches_overview_clients" time="0.352" /><testcase classname="backend.tests.test_kpi_strip_iter145" name="test_record_kpi_snapshot_enables_trend" time="0.209" /></testsuite></testsuites>