<?xml version="1.0" encoding="utf-8"?><testsuites name="pytest tests"><testsuite name="pytest" errors="0" failures="0" skipped="0" tests="4" time="3.996" timestamp="2026-09-10T11:27:36.478014+00:00" hostname="agent-env-344330e7-878f-40bc-ab90-879dd5211fdc"><testcase classname="tests.test_liveness_positive_evidence" name="test_case1_hyperv_running" time="1.789" /><testcase classname="tests.test_liveness_positive_evidence" name="test_case2_hyperv_off" time="0.642" /><testcase classname="tests.test_liveness_positive_evidence" name="test_case3_datto_online" time="0.825" /><testcase classname="tests.test_liveness_positive_evidence" name="test_case4_no_evidence_offline" time="0.672" /></testsuite></testsuites>