<?xml version="1.0" encoding="utf-8"?><testsuites name="pytest tests"><testsuite name="pytest" errors="0" failures="0" skipped="0" tests="23" time="4.482" timestamp="2026-08-06T16:28:44.167170+00:00" hostname="agent-env-f838a385-c5fa-47be-b41c-d46466af6620"><testcase classname="tests.test_osint_iter100.TestStatus" name="test_status_contract" time="0.349" /><testcase classname="tests.test_osint_iter100.TestStatus" name="test_keyless_feeds_success" time="0.094" /><testcase classname="tests.test_osint_iter100.TestStatus" name="test_status_requires_auth" time="0.160" /><testcase classname="tests.test_osint_iter100.TestRefresh" name="test_refresh_forces_feeds" time="1.133" /><testcase classname="tests.test_osint_iter100.TestRefresh" name="test_refresh_requires_auth" time="0.175" /><testcase classname="tests.test_osint_iter100.TestKev" name="test_kev_list" time="0.099" /><testcase classname="tests.test_osint_iter100.TestKev" name="test_kev_search" time="0.110" /><testcase classname="tests.test_osint_iter100.TestKev" name="test_kev_search_no_match" time="0.091" /><testcase classname="tests.test_osint_iter100.TestKev" name="test_kev_limit" time="0.091" /><testcase classname="tests.test_osint_iter100.TestLookup" name="test_private_or_invalid_rejected[192.168.1.1]" time="0.093" /><testcase classname="tests.test_osint_iter100.TestLookup" name="test_private_or_invalid_rejected[127.0.0.1]" time="0.089" /><testcase classname="tests.test_osint_iter100.TestLookup" name="test_private_or_invalid_rejected[10.0.0.5]" time="0.089" /><testcase classname="tests.test_osint_iter100.TestLookup" name="test_private_or_invalid_rejected[169.254.1.1]" time="0.096" /><testcase classname="tests.test_osint_iter100.TestLookup" name="test_private_or_invalid_rejected[not-an-ip]" time="0.090" /><testcase classname="tests.test_osint_iter100.TestLookup" name="test_public_ip_lookup" time="0.126" /><testcase classname="tests.test_osint_iter100.TestLookup" name="test_lookup_requires_auth" time="0.189" /><testcase classname="tests.test_osint_iter100.TestExposure" name="test_exposure_list" time="0.090" /><testcase classname="tests.test_osint_iter100.TestExposure" name="test_exposure_client_filter_isolation" time="0.260" /><testcase classname="tests.test_osint_iter100.TestKeys" name="test_set_get_delete_key" time="0.380" /><testcase classname="tests.test_osint_iter100.TestKeys" name="test_invalid_provider" time="0.172" /><testcase classname="tests.test_osint_iter100.TestKeys" name="test_short_key_rejected" time="0.088" /><testcase classname="tests.test_osint_iter100.TestKeys" name="test_keys_require_auth" time="0.233" /><testcase classname="tests.test_osint_iter100.TestAlertsRegression" name="test_alerts_endpoint_ok" time="0.094" /></testsuite></testsuites>