<?xml version="1.0" encoding="utf-8"?><testsuites name="pytest tests"><testsuite name="pytest" errors="0" failures="0" skipped="0" tests="8" time="1.313" timestamp="2026-03-30T20:24:40.535159+00:00" hostname="agent-env-9e7b2117-a1fb-4373-abe7-a60400334c9c"><testcase classname="backend.tests.test_tv_dashboard.TestTvDashboardAPI" name="test_tv_dashboard_no_auth_required" time="0.219" /><testcase classname="backend.tests.test_tv_dashboard.TestTvDashboardAPI" name="test_tv_dashboard_response_structure" time="0.123" /><testcase classname="backend.tests.test_tv_dashboard.TestTvDashboardAPI" name="test_global_stats_structure" time="0.149" /><testcase classname="backend.tests.test_tv_dashboard.TestTvDashboardAPI" name="test_clients_array_structure" time="0.158" /><testcase classname="backend.tests.test_tv_dashboard.TestTvDashboardAPI" name="test_alerts_array_structure" time="0.174" /><testcase classname="backend.tests.test_tv_dashboard.TestTvDashboardAPI" name="test_low_toner_array_structure" time="0.110" /><testcase classname="backend.tests.test_tv_dashboard.TestTvDashboardAPI" name="test_timestamp_format" time="0.115" /><testcase classname="backend.tests.test_tv_dashboard.TestTvDashboardAPI" name="test_data_consistency" time="0.152" /></testsuite></testsuites>