<?xml version="1.0" encoding="utf-8"?><testsuites name="pytest tests"><testsuite name="pytest" errors="0" failures="0" skipped="0" tests="12" time="1.777" timestamp="2026-04-18T10:42:40.243064+00:00" hostname="agent-env-9e7b2117-a1fb-4373-abe7-a60400334c9c"><testcase classname="backend.tests.test_vault_client_id.TestVaultCredentialsClientId" name="test_01_create_credential_with_client_id" time="0.386" /><testcase classname="backend.tests.test_vault_client_id.TestVaultCredentialsClientId" name="test_02_create_credential_without_client_id" time="0.142" /><testcase classname="backend.tests.test_vault_client_id.TestVaultCredentialsClientId" name="test_03_get_credentials_filtered_by_client_id" time="0.144" /><testcase classname="backend.tests.test_vault_client_id.TestVaultCredentialsClientId" name="test_04_get_all_credentials_with_client_name_enriched" time="0.054" /><testcase classname="backend.tests.test_vault_client_id.TestVaultCredentialsClientId" name="test_05_update_credential_with_valid_client_id" time="0.192" /><testcase classname="backend.tests.test_vault_client_id.TestVaultCredentialsClientId" name="test_06_update_credential_with_invalid_client_id" time="0.142" /><testcase classname="backend.tests.test_vault_client_id.TestVaultCredentialsClientId" name="test_07_delete_credential" time="0.138" /><testcase classname="backend.tests.test_vault_client_id.TestVaultCredentialsClientId" name="test_08_create_credential_with_invalid_client_id" time="0.048" /><testcase classname="backend.tests.test_vault_client_id.TestConnectorSNMPv3Fields" name="test_09_create_managed_device_with_snmpv3" time="0.101" /><testcase classname="backend.tests.test_vault_client_id.TestConnectorSNMPv3Fields" name="test_10_get_managed_devices_admin_auth" time="0.148" /><testcase classname="backend.tests.test_vault_client_id.TestConnectorSNMPv3Fields" name="test_11_fetch_devices_returns_snmpv3_fields" time="0.175" /><testcase classname="backend.tests.test_vault_client_id.TestConnectorVaultCredentialsFiltering" name="test_12_connector_vault_credentials_requires_hmac" time="0.047" /></testsuite></testsuites>