<?xml version="1.0" encoding="utf-8"?><testsuites name="pytest tests"><testsuite name="pytest" errors="0" failures="0" skipped="0" tests="19" time="8.921" timestamp="2026-03-22T22:50:54.851724+00:00" hostname="agent-env-7c5e6d46-4fb5-464b-bab3-c5202f5fc61d"><testcase classname="backend.tests.test_admin_user_management.TestAdminAuthentication" name="test_admin_login" time="0.286" /><testcase classname="backend.tests.test_admin_user_management.TestAdminAuthentication" name="test_non_admin_login" time="0.163" /><testcase classname="backend.tests.test_admin_user_management.TestAdminUserListEndpoint" name="test_list_users_as_admin" time="0.368" /><testcase classname="backend.tests.test_admin_user_management.TestAdminUserListEndpoint" name="test_list_users_as_non_admin_forbidden" time="0.437" /><testcase classname="backend.tests.test_admin_user_management.TestAdminUserCRUD" name="test_create_user_with_operator_role" time="0.453" /><testcase classname="backend.tests.test_admin_user_management.TestAdminUserCRUD" name="test_create_user_with_viewer_role" time="0.427" /><testcase classname="backend.tests.test_admin_user_management.TestAdminUserCRUD" name="test_create_user_with_admin_role" time="0.554" /><testcase classname="backend.tests.test_admin_user_management.TestAdminUserCRUD" name="test_create_user_invalid_role" time="0.254" /><testcase classname="backend.tests.test_admin_user_management.TestAdminUserCRUD" name="test_create_user_duplicate_email" time="0.275" /><testcase classname="backend.tests.test_admin_user_management.TestAdminUserCRUD" name="test_update_user_role" time="0.526" /><testcase classname="backend.tests.test_admin_user_management.TestAdminUserCRUD" name="test_update_user_name" time="0.571" /><testcase classname="backend.tests.test_admin_user_management.TestAdminUserCRUD" name="test_delete_user" time="0.609" /><testcase classname="backend.tests.test_admin_user_management.TestAdminUserCRUD" name="test_delete_nonexistent_user" time="0.396" /><testcase classname="backend.tests.test_admin_user_management.TestAdmin2FAManagement" name="test_reset_2fa_for_user" time="0.711" /><testcase classname="backend.tests.test_admin_user_management.TestAdmin2FAManagement" name="test_force_setup_2fa_returns_qr_code" time="0.614" /><testcase classname="backend.tests.test_admin_user_management.TestAdmin2FAManagement" name="test_confirm_2fa_with_invalid_code" time="0.725" /><testcase classname="backend.tests.test_admin_user_management.TestAdmin2FAManagement" name="test_confirm_2fa_without_setup" time="0.543" /><testcase classname="backend.tests.test_admin_user_management.TestAccessControl" name="test_unauthenticated_access_denied" time="0.110" /><testcase classname="backend.tests.test_admin_user_management.TestAccessControl" name="test_non_admin_create_user_forbidden" time="0.766" /></testsuite></testsuites>