<?xml version="1.0" encoding="utf-8"?><testsuites name="pytest tests"><testsuite name="pytest" errors="0" failures="0" skipped="0" tests="17" time="1.281" timestamp="2026-03-30T20:55:30.701036+00:00" hostname="agent-env-9e7b2117-a1fb-4373-abe7-a60400334c9c"><testcase classname="backend.tests.test_tv_dashboard_improved.TestTvDashboardApiNoAuth" name="test_tv_dashboard_no_auth_required" time="0.176" /><testcase classname="backend.tests.test_tv_dashboard_improved.TestTvDashboardResponseStructure" name="test_response_has_all_required_keys" time="0.125" /><testcase classname="backend.tests.test_tv_dashboard_improved.TestTvDashboardResponseStructure" name="test_global_stats_structure" time="0.000" /><testcase classname="backend.tests.test_tv_dashboard_improved.TestOfflineDevicesEnriched" name="test_offline_devices_is_array" time="0.121" /><testcase classname="backend.tests.test_tv_dashboard_improved.TestOfflineDevicesEnriched" name="test_offline_device_has_required_fields" time="0.000" /><testcase classname="backend.tests.test_tv_dashboard_improved.TestAlertsEnriched" name="test_alerts_is_array" time="0.122" /><testcase classname="backend.tests.test_tv_dashboard_improved.TestAlertsEnriched" name="test_alert_has_enriched_fields" time="0.000" /><testcase classname="backend.tests.test_tv_dashboard_improved.TestIncidentsEnriched" name="test_incidents_is_array" time="0.135" /><testcase classname="backend.tests.test_tv_dashboard_improved.TestIncidentsEnriched" name="test_incident_has_required_fields" time="0.000" /><testcase classname="backend.tests.test_tv_dashboard_improved.TestConnectorsEnriched" name="test_connectors_is_array" time="0.117" /><testcase classname="backend.tests.test_tv_dashboard_improved.TestConnectorsEnriched" name="test_connector_has_required_fields" time="0.000" /><testcase classname="backend.tests.test_tv_dashboard_improved.TestTickerEnriched" name="test_ticker_is_array" time="0.134" /><testcase classname="backend.tests.test_tv_dashboard_improved.TestTickerEnriched" name="test_ticker_event_has_required_fields" time="0.000" /><testcase classname="backend.tests.test_tv_dashboard_improved.TestLowTonerData" name="test_low_toner_is_array" time="0.127" /><testcase classname="backend.tests.test_tv_dashboard_improved.TestLowTonerData" name="test_low_toner_has_required_fields" time="0.000" /><testcase classname="backend.tests.test_tv_dashboard_improved.TestClientSummaries" name="test_clients_is_array" time="0.118" /><testcase classname="backend.tests.test_tv_dashboard_improved.TestClientSummaries" name="test_client_has_required_fields" time="0.000" /></testsuite></testsuites>