<?xml version="1.0" encoding="utf-8"?><testsuites name="pytest tests"><testsuite name="pytest" errors="0" failures="0" skipped="0" tests="36" time="8.325" timestamp="2026-03-30T15:14:30.642233+00:00" hostname="agent-env-9e7b2117-a1fb-4373-abe7-a60400334c9c"><testcase classname="tests.test_iteration_31.TestPDFReports" name="test_list_available_reports" time="0.463" /><testcase classname="tests.test_iteration_31.TestPDFReports" name="test_generate_pdf_report" time="0.142" /><testcase classname="tests.test_iteration_31.TestPDFReports" name="test_generate_report_invalid_client" time="0.154" /><testcase classname="tests.test_iteration_31.TestDeviceInventory" name="test_get_inventory" time="0.107" /><testcase classname="tests.test_iteration_31.TestDeviceInventory" name="test_inventory_search_filter" time="0.124" /><testcase classname="tests.test_iteration_31.TestDeviceInventory" name="test_inventory_type_filter" time="0.114" /><testcase classname="tests.test_iteration_31.TestDeviceInventory" name="test_inventory_status_filter" time="0.133" /><testcase classname="tests.test_iteration_31.TestDeviceInventory" name="test_inventory_sorting" time="0.182" /><testcase classname="tests.test_iteration_31.TestIncidentManagement" name="test_list_incidents_empty_or_existing" time="0.126" /><testcase classname="tests.test_iteration_31.TestIncidentManagement" name="test_create_incident" time="0.123" /><testcase classname="tests.test_iteration_31.TestIncidentManagement" name="test_get_incident_detail" time="0.158" /><testcase classname="tests.test_iteration_31.TestIncidentManagement" name="test_update_incident_status" time="0.113" /><testcase classname="tests.test_iteration_31.TestIncidentManagement" name="test_update_incident_priority" time="0.126" /><testcase classname="tests.test_iteration_31.TestIncidentManagement" name="test_add_incident_note" time="0.115" /><testcase classname="tests.test_iteration_31.TestIncidentManagement" name="test_incident_stats" time="0.123" /><testcase classname="tests.test_iteration_31.TestIncidentManagement" name="test_delete_incident" time="0.262" /><testcase classname="tests.test_iteration_31.TestPortMonitor" name="test_get_common_ports" time="0.111" /><testcase classname="tests.test_iteration_31.TestPortMonitor" name="test_get_monitored_services_empty_or_existing" time="0.106" /><testcase classname="tests.test_iteration_31.TestPortMonitor" name="test_add_service_monitor" time="0.194" /><testcase classname="tests.test_iteration_31.TestPortMonitor" name="test_check_all_ports" time="3.113" /><testcase classname="tests.test_iteration_31.TestPortMonitor" name="test_remove_service_monitor" time="0.140" /><testcase classname="tests.test_iteration_31.TestPublicDashboard" name="test_get_public_dashboard_no_auth" time="0.121" /><testcase classname="tests.test_iteration_31.TestPublicDashboard" name="test_public_dashboard_shows_devices" time="0.129" /><testcase classname="tests.test_iteration_31.TestPublicDashboard" name="test_public_dashboard_shows_sla" time="0.141" /><testcase classname="tests.test_iteration_31.TestPublicDashboard" name="test_public_dashboard_shows_alerts" time="0.119" /><testcase classname="tests.test_iteration_31.TestPublicDashboard" name="test_public_dashboard_invalid_token" time="0.114" /><testcase classname="tests.test_iteration_31.TestPublicDashboard" name="test_get_dashboard_config" time="0.128" /><testcase classname="tests.test_iteration_31.TestNotificationTemplates" name="test_get_notification_templates" time="0.110" /><testcase classname="tests.test_iteration_31.TestNotificationTemplates" name="test_create_notification_template" time="0.128" /><testcase classname="tests.test_iteration_31.TestNotificationTemplates" name="test_update_notification_template" time="0.139" /><testcase classname="tests.test_iteration_31.TestNotificationTemplates" name="test_delete_notification_template" time="0.113" /><testcase classname="tests.test_iteration_31.TestNotificationTemplates" name="test_test_notification_mocked" time="0.132" /><testcase classname="tests.test_iteration_31.TestEscalationRules" name="test_get_escalation_rules" time="0.123" /><testcase classname="tests.test_iteration_31.TestDashboardWidgets" name="test_sla_metrics" time="0.119" /><testcase classname="tests.test_iteration_31.TestDashboardWidgets" name="test_changes_metrics" time="0.151" /><testcase classname="tests.test_iteration_31.TestDashboardWidgets" name="test_heatmap_metrics" time="0.173" /></testsuite></testsuites>