<?xml version="1.0" encoding="utf-8"?><testsuites name="pytest tests"><testsuite name="pytest" errors="0" failures="0" skipped="0" tests="10" time="2.477" timestamp="2026-03-22T19:06:43.978373+00:00" hostname="agent-env-50d89354-75e6-4066-98b3-3b1e3f6f71ea"><testcase classname="backend.tests.test_new_features.TestHealthAndBasicEndpoints" name="test_health_endpoint" time="0.168" /><testcase classname="backend.tests.test_new_features.TestHealthAndBasicEndpoints" name="test_pwa_manifest" time="0.141" /><testcase classname="backend.tests.test_new_features.TestHealthAndBasicEndpoints" name="test_connector_zip_download" time="0.107" /><testcase classname="backend.tests.test_new_features.TestAuthenticatedEndpoints" name="test_connector_status_endpoint" time="0.294" /><testcase classname="backend.tests.test_new_features.TestAuthenticatedEndpoints" name="test_stats_summary_endpoint" time="0.261" /><testcase classname="backend.tests.test_new_features.TestAuthenticatedEndpoints" name="test_login_flow" time="0.304" /><testcase classname="backend.tests.test_new_features.TestAuthenticatedEndpoints" name="test_alerts_endpoint" time="0.274" /><testcase classname="backend.tests.test_new_features.TestAuthenticatedEndpoints" name="test_clients_endpoint" time="0.267" /><testcase classname="backend.tests.test_new_features.TestAuthenticatedEndpoints" name="test_devices_endpoint" time="0.257" /><testcase classname="backend.tests.test_new_features.TestAuthenticatedEndpoints" name="test_stats_trends_endpoint" time="0.302" /></testsuite></testsuites>