<?xml version="1.0" encoding="utf-8"?><testsuites name="pytest tests"><testsuite name="pytest" errors="0" failures="0" skipped="0" tests="18" time="3.330" timestamp="2026-03-21T12:28:27.216649+00:00" hostname="agent-env-647fbfba-1ac6-4507-a5c5-1e0eefbe4d18"><testcase classname="tests.test_enterprise_endpoints.TestHealthAndAuth" name="test_health_endpoint" time="0.123" /><testcase classname="tests.test_enterprise_endpoints.TestHealthAndAuth" name="test_login_with_admin_credentials" time="0.163" /><testcase classname="tests.test_enterprise_endpoints.TestHealthAndAuth" name="test_register_new_user" time="0.138" /><testcase classname="tests.test_enterprise_endpoints.TestRBACEndpoints" name="test_get_roles" time="0.260" /><testcase classname="tests.test_enterprise_endpoints.TestRBACEndpoints" name="test_get_users" time="0.112" /><testcase classname="tests.test_enterprise_endpoints.TestSLAEndpoints" name="test_get_sla_configs" time="0.095" /><testcase classname="tests.test_enterprise_endpoints.TestSLAEndpoints" name="test_get_sla_stats" time="0.103" /><testcase classname="tests.test_enterprise_endpoints.TestSLAEndpoints" name="test_get_sla_breaches" time="0.098" /><testcase classname="tests.test_enterprise_endpoints.TestMaintenanceEndpoints" name="test_get_maintenance_windows" time="0.111" /><testcase classname="tests.test_enterprise_endpoints.TestMaintenanceEndpoints" name="test_get_active_maintenance" time="0.112" /><testcase classname="tests.test_enterprise_endpoints.TestMaintenanceEndpoints" name="test_create_and_delete_maintenance_window" time="0.218" /><testcase classname="tests.test_enterprise_endpoints.TestReportsEndpoints" name="test_download_alerts_csv" time="0.119" /><testcase classname="tests.test_enterprise_endpoints.TestReportsEndpoints" name="test_download_sla_pdf" time="0.118" /><testcase classname="tests.test_enterprise_endpoints.TestClientsCRUD" name="test_create_get_delete_client" time="0.457" /><testcase classname="tests.test_enterprise_endpoints.TestDevicesCRUD" name="test_create_get_delete_device" time="0.516" /><testcase classname="tests.test_enterprise_endpoints.TestAlertsCRUD" name="test_get_alerts_with_filters" time="0.304" /><testcase classname="tests.test_enterprise_endpoints.TestStatsEndpoints" name="test_get_stats_summary" time="0.103" /><testcase classname="tests.test_enterprise_endpoints.TestStatsEndpoints" name="test_get_alert_trends" time="0.104" /></testsuite></testsuites>