<?xml version="1.0" encoding="utf-8"?><testsuites name="pytest tests"><testsuite name="pytest" errors="0" failures="0" skipped="0" tests="12" time="2.152" timestamp="2026-04-13T15:53:22.168360+00:00" hostname="agent-env-9e7b2117-a1fb-4373-abe7-a60400334c9c"><testcase classname="backend.tests.test_snmpv3_feature.TestSNMPv3UpdateEndpoint" name="test_update_snmp_to_v3_with_usm_credentials" time="0.345" /><testcase classname="backend.tests.test_snmpv3_feature.TestSNMPv3UpdateEndpoint" name="test_update_snmp_to_v3_authNoPriv" time="0.185" /><testcase classname="backend.tests.test_snmpv3_feature.TestSNMPv3UpdateEndpoint" name="test_update_snmp_to_v2c_clears_v3_fields" time="0.114" /><testcase classname="backend.tests.test_snmpv3_feature.TestSNMPv3UpdateEndpoint" name="test_update_snmp_to_v1" time="0.137" /><testcase classname="backend.tests.test_snmpv3_feature.TestSNMPv3UpdateEndpoint" name="test_update_snmp_requires_auth" time="0.120" /><testcase classname="backend.tests.test_snmpv3_feature.TestSNMPv3UpdateEndpoint" name="test_update_snmp_invalid_device_returns_404" time="0.125" /><testcase classname="backend.tests.test_snmpv3_feature.TestManagedDevicesListEndpoint" name="test_get_managed_devices_returns_snmp_fields" time="0.175" /><testcase classname="backend.tests.test_snmpv3_feature.TestManagedDevicesListEndpoint" name="test_get_managed_devices_requires_auth_or_api_key" time="0.127" /><testcase classname="backend.tests.test_snmpv3_feature.TestManagedDeviceCreateEndpoint" name="test_create_device_with_snmpv3_fields" time="0.140" /><testcase classname="backend.tests.test_snmpv3_feature.TestManagedDeviceCreateEndpoint" name="test_create_device_with_v2c_default" time="0.122" /><testcase classname="backend.tests.test_snmpv3_feature.TestSNMPv3FieldsInModel" name="test_all_v3_fields_accepted" time="0.379" /><testcase classname="backend.tests.test_snmpv3_feature.TestSNMPv3Cleanup" name="test_revert_device_to_v2c" time="0.118" /></testsuite></testsuites>