<?xml version="1.0" encoding="utf-8"?><testsuites name="pytest tests"><testsuite name="pytest" errors="0" failures="0" skipped="0" tests="21" time="2.855" timestamp="2026-04-18T19:52:48.703015+00:00" hostname="agent-env-9e7b2117-a1fb-4373-abe7-a60400334c9c"><testcase classname="backend.tests.test_webpush_vapid.TestWebPushVAPID" name="test_get_vapid_public_key_returns_200" time="0.310" /><testcase classname="backend.tests.test_webpush_vapid.TestWebPushVAPID" name="test_subscribe_with_valid_subscription" time="0.107" /><testcase classname="backend.tests.test_webpush_vapid.TestWebPushVAPID" name="test_subscribe_idempotency" time="0.269" /><testcase classname="backend.tests.test_webpush_vapid.TestWebPushVAPID" name="test_subscribe_without_auth_returns_401_or_403" time="0.160" /><testcase classname="backend.tests.test_webpush_vapid.TestWebPushVAPID" name="test_subscribe_with_invalid_payload_returns_400" time="0.104" /><testcase classname="backend.tests.test_webpush_vapid.TestWebPushVAPID" name="test_push_status_returns_configured_and_count" time="0.110" /><testcase classname="backend.tests.test_webpush_vapid.TestWebPushVAPID" name="test_push_status_without_auth_returns_401_or_403" time="0.212" /><testcase classname="backend.tests.test_webpush_vapid.TestWebPushVAPID" name="test_unsubscribe_existing_endpoint" time="0.206" /><testcase classname="backend.tests.test_webpush_vapid.TestWebPushVAPID" name="test_unsubscribe_nonexistent_endpoint" time="0.116" /><testcase classname="backend.tests.test_webpush_vapid.TestWebPushVAPID" name="test_send_test_push_no_subscriptions" time="0.196" /><testcase classname="backend.tests.test_webpush_vapid.TestWebPushVAPID" name="test_send_test_push_with_fake_subscription" time="0.175" /><testcase classname="backend.tests.test_webpush_vapid.TestAlertCreationWithPush" name="test_create_critical_alert_with_no_subscriptions" time="0.107" /><testcase classname="backend.tests.test_webpush_vapid.TestRegressionRouters" name="test_auth_login_still_works" time="0.167" /><testcase classname="backend.tests.test_webpush_vapid.TestRegressionRouters" name="test_alerts_endpoint_still_works" time="0.055" /><testcase classname="backend.tests.test_webpush_vapid.TestRegressionRouters" name="test_stats_summary_still_works" time="0.052" /><testcase classname="backend.tests.test_webpush_vapid.TestRegressionRouters" name="test_health_endpoint_works" time="0.151" /><testcase classname="backend.tests.test_webpush_vapid.TestRegressionRouters" name="test_clients_endpoint_works" time="0.062" /><testcase classname="backend.tests.test_webpush_vapid.TestRegressionRouters" name="test_ingestion_syslog_endpoint_exists" time="0.077" /><testcase classname="backend.tests.test_webpush_vapid.TestRegressionRouters" name="test_external_monitor_endpoint_exists" time="0.053" /><testcase classname="backend.tests.test_webpush_vapid.TestRegressionRouters" name="test_printers_endpoint_exists" time="0.050" /><testcase classname="backend.tests.test_webpush_vapid.TestRegressionRouters" name="test_backup_status_endpoint_exists" time="0.055" /></testsuite></testsuites>