<?xml version="1.0" encoding="utf-8"?><testsuites name="pytest tests"><testsuite name="pytest" errors="0" failures="0" skipped="0" tests="8" time="1.114" timestamp="2026-08-19T13:54:56.256305+00:00" hostname="agent-env-344330e7-878f-40bc-ab90-879dd5211fdc"><testcase classname="tests.test_nebula_firewall_ports_iter125.TestZyxelDevicesEndpoint" name="test_auth_required" time="0.262" /><testcase classname="tests.test_nebula_firewall_ports_iter125.TestZyxelDevicesEndpoint" name="test_shape" time="0.585" /><testcase classname="tests.test_nebula_firewall_ports_iter125.TestZyxelDevicesEndpoint" name="test_no_mongo_id" time="0.000" /><testcase classname="tests.test_nebula_firewall_ports_iter125.TestZyxelDevicesEndpoint" name="test_firewall_present" time="0.000" /><testcase classname="tests.test_nebula_firewall_ports_iter125.TestZyxelDevicesEndpoint" name="test_firewall_fields" time="0.000" /><testcase classname="tests.test_nebula_firewall_ports_iter125.TestZyxelDevicesEndpoint" name="test_firewall_ports_real" time="0.000" /><testcase classname="tests.test_nebula_firewall_ports_iter125.TestZyxelDevicesEndpoint" name="test_ports_status_mix" time="0.000" /><testcase classname="tests.test_nebula_firewall_ports_iter125.TestZyxelDevicesEndpoint" name="test_other_client_no_firewall_ok" time="0.129" /></testsuite></testsuites>