<?xml version="1.0" encoding="utf-8"?><testsuites name="pytest tests"><testsuite name="pytest" errors="0" failures="0" skipped="0" tests="7" time="1.581" timestamp="2026-05-03T10:44:57.399288+00:00" hostname="agent-env-258f9f30-d445-4e1e-ac0d-fbcfecaf2431"><testcase classname="backend.tests.test_mac_trunk_correlation.TestMacTrunkCorrelation" name="test_mac_fdb_trunk_when_peer_is_managed_switch_with_bidirectional_fdb" time="0.526" /><testcase classname="backend.tests.test_mac_trunk_correlation.TestMacTrunkCorrelation" name="test_mac_managed_when_peer_is_managed_non_switch_nas" time="0.164" /><testcase classname="backend.tests.test_mac_trunk_correlation.TestMacTrunkCorrelation" name="test_lldp_takes_priority_over_mac" time="0.168" /><testcase classname="backend.tests.test_mac_trunk_correlation.TestMacTrunkCorrelation" name="test_mac_oui_for_unmanaged_known_vendor" time="0.161" /><testcase classname="backend.tests.test_mac_trunk_correlation.TestMacTrunkCorrelation" name="test_mac_unknown_for_unmanaged_unknown_oui" time="0.160" /><testcase classname="backend.tests.test_mac_trunk_correlation.TestMacTrunkCorrelation" name="test_response_totals_and_status_ok" time="0.145" /><testcase classname="backend.tests.test_mac_trunk_correlation.TestMacTrunkCorrelation" name="test_no_n_plus_1_query_explosion" time="0.120" /></testsuite></testsuites>