<?xml version="1.0" encoding="utf-8"?><testsuites name="pytest tests"><testsuite name="pytest" errors="0" failures="0" skipped="0" tests="21" time="2.518" timestamp="2026-03-30T08:18:43.033231+00:00" hostname="agent-env-9e7b2117-a1fb-4373-abe7-a60400334c9c"><testcase classname="backend.tests.test_topology_enterprise.TestTopologyHierarchy" name="test_topology_returns_correct_layers" time="0.287" /><testcase classname="backend.tests.test_topology_enterprise.TestTopologyHierarchy" name="test_internet_node_at_layer_0" time="0.109" /><testcase classname="backend.tests.test_topology_enterprise.TestTopologyHierarchy" name="test_zyxel_firewall_at_layer_1" time="0.121" /><testcase classname="backend.tests.test_topology_enterprise.TestTopologyHierarchy" name="test_hpe_core_switch_at_layer_2" time="0.112" /><testcase classname="backend.tests.test_topology_enterprise.TestTopologyHierarchy" name="test_netgear_distribution_at_layer_3" time="0.100" /><testcase classname="backend.tests.test_topology_enterprise.TestTopologyHierarchy" name="test_access_switches_at_layer_4" time="0.102" /><testcase classname="backend.tests.test_topology_enterprise.TestTopologyHierarchy" name="test_ilo_management_at_layer_5" time="0.114" /><testcase classname="backend.tests.test_topology_enterprise.TestLLDPEdges" name="test_lldp_count_in_topology" time="0.100" /><testcase classname="backend.tests.test_topology_enterprise.TestLLDPEdges" name="test_lldp_edge_zyxel_to_hpe" time="0.098" /><testcase classname="backend.tests.test_topology_enterprise.TestLLDPEdges" name="test_lldp_edge_hpe_to_netgear_armadio" time="0.109" /><testcase classname="backend.tests.test_topology_enterprise.TestLLDPEdges" name="test_get_lldp_raw_data" time="0.107" /><testcase classname="backend.tests.test_topology_enterprise.TestMACEdges" name="test_mac_connections_count_in_topology" time="0.116" /><testcase classname="backend.tests.test_topology_enterprise.TestMACEdges" name="test_mac_edge_port_9_10g" time="0.104" /><testcase classname="backend.tests.test_topology_enterprise.TestMACEdges" name="test_mac_edge_port_10_10g" time="0.106" /><testcase classname="backend.tests.test_topology_enterprise.TestInferredEdges" name="test_inferred_edge_for_192_168_1_6" time="0.113" /><testcase classname="backend.tests.test_topology_enterprise.TestInferredEdges" name="test_inferred_edge_for_192_168_1_7" time="0.106" /><testcase classname="backend.tests.test_topology_enterprise.TestLayoutManagement" name="test_save_layout" time="0.108" /><testcase classname="backend.tests.test_topology_enterprise.TestLayoutManagement" name="test_topology_has_custom_layout_after_save" time="0.098" /><testcase classname="backend.tests.test_topology_enterprise.TestLayoutManagement" name="test_reset_layout" time="0.100" /><testcase classname="backend.tests.test_topology_enterprise.TestLayoutManagement" name="test_topology_no_custom_layout_after_reset" time="0.103" /><testcase classname="backend.tests.test_topology_enterprise.TestHealthScore" name="test_health_score_present" time="0.118" /></testsuite></testsuites>