<?xml version="1.0" encoding="utf-8"?><testsuites name="pytest tests"><testsuite name="pytest" errors="2" failures="0" skipped="0" tests="17" time="5.135" timestamp="2026-03-30T21:40:28.465026+00:00" hostname="agent-env-9e7b2117-a1fb-4373-abe7-a60400334c9c"><testcase classname="backend.tests.test_remote_va_scan.TestRemoteVAScan" name="test_request_scan_endpoint_exists" time="0.447" /><testcase classname="backend.tests.test_remote_va_scan.TestRemoteVAScan" name="test_request_scan_returns_scan_id" time="0.252" /><testcase classname="backend.tests.test_remote_va_scan.TestRemoteVAScan" name="test_request_scan_404_for_invalid_client" time="0.263" /><testcase classname="backend.tests.test_remote_va_scan.TestRemoteVAScan" name="test_request_scan_requires_auth" time="0.326" /><testcase classname="backend.tests.test_remote_va_scan.TestRemoteVAScan" name="test_scan_status_endpoint_exists" time="0.270" /><testcase classname="backend.tests.test_remote_va_scan.TestRemoteVAScan" name="test_scan_status_returns_valid_status" time="0.257" /><testcase classname="backend.tests.test_remote_va_scan.TestRemoteVAScan" name="test_scan_status_requires_auth" time="0.315" /><testcase classname="backend.tests.test_remote_va_scan.TestRemoteVAScan" name="test_update_scan_status_endpoint_exists" time="0.350" /><testcase classname="backend.tests.test_remote_va_scan.TestRemoteVAScan" name="test_update_scan_status_requires_scan_id" time="0.331" /><testcase classname="backend.tests.test_remote_va_scan.TestRemoteVAScan" name="test_update_scan_status_accepts_progress" time="0.333" /><testcase classname="backend.tests.test_remote_va_scan.TestRemoteVAScan" name="test_process_scan_results_endpoint_exists" time="0.306" /><testcase classname="backend.tests.test_remote_va_scan.TestRemoteVAScan" name="test_process_scan_results_requires_client_id" time="0.364" /><testcase classname="backend.tests.test_remote_va_scan.TestRemoteVAScan" name="test_process_scan_results_returns_summary" time="0.337" /><testcase classname="backend.tests.test_remote_va_scan.TestRemoteVAScan" name="test_connector_managed_devices_endpoint_exists" time="0.376" /><testcase classname="backend.tests.test_remote_va_scan.TestRemoteVAScan" name="test_connector_managed_devices_requires_api_key" time="0.278" /><testcase classname="backend.tests.test_remote_va_scan.TestRemoteVAScan" name="test_heartbeat_returns_pending_commands" time="0.107"><error message="failed on setup with &quot;AssertionError: Login failed: {&quot;error&quot;:&quot;Rate limit exceeded: 10 per 1 minute&quot;}&#10;assert 429 == 200&#10; +  where 429 = &lt;Response [429]&gt;.status_code&quot;">backend/tests/test_remote_va_scan.py:28: in setup
    assert login_response.status_code == 200, f"Login failed: {login_response.text}"
E   AssertionError: Login failed: {"error":"Rate limit exceeded: 10 per 1 minute"}
E   assert 429 == 200
E    +  where 429 = &lt;Response [429]&gt;.status_code</error></testcase><testcase classname="backend.tests.test_remote_va_scan.TestRemoteVAScan" name="test_full_remote_scan_flow" time="0.129"><error message="failed on setup with &quot;AssertionError: Login failed: {&quot;error&quot;:&quot;Rate limit exceeded: 10 per 1 minute&quot;}&#10;assert 429 == 200&#10; +  where 429 = &lt;Response [429]&gt;.status_code&quot;">backend/tests/test_remote_va_scan.py:28: in setup
    assert login_response.status_code == 200, f"Login failed: {login_response.text}"
E   AssertionError: Login failed: {"error":"Rate limit exceeded: 10 per 1 minute"}
E   assert 429 == 200
E    +  where 429 = &lt;Response [429]&gt;.status_code</error></testcase></testsuite></testsuites>