<?xml version="1.0" encoding="utf-8"?><testsuites name="pytest tests"><testsuite name="pytest" errors="0" failures="0" skipped="0" tests="22" time="2.421" timestamp="2026-05-02T21:11:22.208297+00:00" hostname="agent-env-258f9f30-d445-4e1e-ac0d-fbcfecaf2431"><testcase classname="tests.test_bmc_auto_discovery.TestNetworkDiscoveryBMCPersistence" name="test_network_discovery_with_bmc_returns_ok" time="0.444" /><testcase classname="tests.test_bmc_auto_discovery.TestNetworkDiscoveryBMCPersistence" name="test_bmc_candidates_persisted_in_network_discovery" time="0.001" /><testcase classname="tests.test_bmc_auto_discovery.TestNetworkDiscoveryBMCPersistence" name="test_bmc_candidates_upserted_per_ip" time="0.001" /><testcase classname="tests.test_bmc_auto_discovery.TestNetworkDiscoveryBMCPersistence" name="test_discovered_endpoints_enriched_with_bmc" time="0.001" /><testcase classname="tests.test_bmc_auto_discovery.TestNetworkDiscoveryBMCPersistence" name="test_idempotent_upsert_no_duplicates" time="0.122" /><testcase classname="tests.test_bmc_auto_discovery.TestBMCCandidatesAdminAPI" name="test_list_requires_jwt" time="0.107" /><testcase classname="tests.test_bmc_auto_discovery.TestBMCCandidatesAdminAPI" name="test_list_returns_items_enriched" time="0.121" /><testcase classname="tests.test_bmc_auto_discovery.TestBMCCandidatesAdminAPI" name="test_dismiss_hides_candidate" time="0.240" /><testcase classname="tests.test_bmc_auto_discovery.TestBMCCandidatesAdminAPI" name="test_dismiss_unknown_returns_404" time="0.110" /><testcase classname="tests.test_bmc_auto_discovery.TestBMCCandidatesAdminAPI" name="test_import_creates_device" time="0.133" /><testcase classname="tests.test_bmc_auto_discovery.TestBMCCandidatesAdminAPI" name="test_reimport_returns_already_exists" time="0.109" /><testcase classname="tests.test_bmc_auto_discovery.TestBMCCandidatesAdminAPI" name="test_import_unknown_returns_404" time="0.123" /><testcase classname="tests.test_bmc_auto_discovery.TestGuessEndpointTypeBMC" name="test_bmc_kind_ilo_classifies_as_server" time="0.419" /><testcase classname="tests.test_bmc_auto_discovery.TestGuessEndpointTypeBMC" name="test_bmc_kind_idrac_classifies_as_server" time="0.000" /><testcase classname="tests.test_bmc_auto_discovery.TestGuessEndpointTypeBMC" name="test_bmc_kind_ipmi_classifies_as_server" time="0.000" /><testcase classname="tests.test_bmc_auto_discovery.TestGuessEndpointTypeBMC" name="test_bmc_kind_xcc_classifies_as_server" time="0.000" /><testcase classname="tests.test_bmc_auto_discovery.TestGuessEndpointTypeBMC" name="test_bmc_kind_redfish_generic_classifies_as_server" time="0.000" /><testcase classname="tests.test_bmc_auto_discovery.TestGuessEndpointTypeBMC" name="test_bmc_kind_takes_priority_over_other_signals" time="0.000" /><testcase classname="tests.test_bmc_auto_discovery.TestGuessEndpointTypeBMC" name="test_no_bmc_kind_falls_back_to_v3_6_13_behavior" time="0.000" /><testcase classname="tests.test_bmc_auto_discovery.TestGuessEndpointTypeBMC" name="test_empty_bmc_kind_with_443_only_not_server" time="0.000" /><testcase classname="tests.test_bmc_auto_discovery.TestLegacyPayloadRegression" name="test_legacy_payload_no_bmc_candidates" time="0.112" /><testcase classname="tests.test_bmc_auto_discovery.TestLegacyPayloadRegression" name="test_completely_minimal_payload" time="0.222" /></testsuite></testsuites>