<?xml version="1.0" encoding="utf-8"?><testsuites name="pytest tests"><testsuite name="pytest" errors="0" failures="5" skipped="0" tests="28" time="130.822" timestamp="2026-04-22T20:59:56.230481+00:00" hostname="agent-env-9e7b2117-a1fb-4373-abe7-a60400334c9c"><testcase classname="backend.tests.test_vendor_specific_alerts.TestVendorAlertSetup" name="test_connector_device_report_endpoint_exists" time="0.572" /><testcase classname="backend.tests.test_vendor_specific_alerts.TestVendorAlertSetup" name="test_vendor_details_endpoint_exists" time="0.549" /><testcase classname="backend.tests.test_vendor_specific_alerts.TestSynologyAlerts" name="test_synology_raid_degraded_alert" time="1.175" /><testcase classname="backend.tests.test_vendor_specific_alerts.TestSynologyAlerts" name="test_synology_raid_crashed_alert" time="1.724" /><testcase classname="backend.tests.test_vendor_specific_alerts.TestSynologyAlerts" name="test_synology_disk_crashed_alert" time="1.859" /><testcase classname="backend.tests.test_vendor_specific_alerts.TestSynologyAlerts" name="test_synology_disk_temperature_alert" time="2.224" /><testcase classname="backend.tests.test_vendor_specific_alerts.TestAPCUPSAlerts" name="test_ups_battery_low_alert" time="1.658" /><testcase classname="backend.tests.test_vendor_specific_alerts.TestAPCUPSAlerts" name="test_ups_on_battery_alert" time="2.709" /><testcase classname="backend.tests.test_vendor_specific_alerts.TestAPCUPSAlerts" name="test_ups_charge_critical_alert" time="2.771" /><testcase classname="backend.tests.test_vendor_specific_alerts.TestAPCUPSAlerts" name="test_ups_runtime_critical_alert" time="3.083" /><testcase classname="backend.tests.test_vendor_specific_alerts.TestFortinetAlerts" name="test_fortinet_vpn_tunnel_down_alert" time="70.186" /><testcase classname="backend.tests.test_vendor_specific_alerts.TestFortinetAlerts" name="test_fortinet_ha_out_of_sync_alert" time="3.455" /><testcase classname="backend.tests.test_vendor_specific_alerts.TestHPEComwareAlerts" name="test_hpe_comware_cpu_critical_alert" time="2.317" /><testcase classname="backend.tests.test_vendor_specific_alerts.TestHPEComwareAlerts" name="test_hpe_comware_fan_fault_alert" time="4.010" /><testcase classname="backend.tests.test_vendor_specific_alerts.TestHPEComwareAlerts" name="test_hpe_comware_psu_fault_alert" time="5.703" /><testcase classname="backend.tests.test_vendor_specific_alerts.TestMikroTikAlerts" name="test_mikrotik_psu_fault_alert" time="2.732" /><testcase classname="backend.tests.test_vendor_specific_alerts.TestMikroTikAlerts" name="test_mikrotik_temperature_critical_celsius" time="5.054" /><testcase classname="backend.tests.test_vendor_specific_alerts.TestMikroTikAlerts" name="test_mikrotik_temperature_critical_decicelsius" time="4.871" /><testcase classname="backend.tests.test_vendor_specific_alerts.TestCiscoIOSAlerts" name="test_cisco_temperature_critical_alert" time="3.028" /><testcase classname="backend.tests.test_vendor_specific_alerts.TestCiscoIOSAlerts" name="test_cisco_cpu_critical_alert" time="5.258" /><testcase classname="backend.tests.test_vendor_specific_alerts.TestQNAPAlerts" name="test_qnap_smart_error_alert" time="1.077"><failure message="AssertionError: Expected QNAP SMART ERROR alert, got: []&#10;assert 0 &gt; 0&#10; +  where 0 = len([])">backend/tests/test_vendor_specific_alerts.py:550: in test_qnap_smart_error_alert
    assert len(error_alerts) &gt; 0, f"Expected QNAP SMART ERROR alert, got: {alerts}"
E   AssertionError: Expected QNAP SMART ERROR alert, got: []
E   assert 0 &gt; 0
E    +  where 0 = len([])</failure></testcase><testcase classname="backend.tests.test_vendor_specific_alerts.TestQNAPAlerts" name="test_qnap_smart_warning_alert" time="1.210"><failure message="AssertionError: Expected QNAP SMART WARNING alert, got: []&#10;assert 0 &gt; 0&#10; +  where 0 = len([])">backend/tests/test_vendor_specific_alerts.py:569: in test_qnap_smart_warning_alert
    assert len(warning_alerts) &gt; 0, f"Expected QNAP SMART WARNING alert, got: {alerts}"
E   AssertionError: Expected QNAP SMART WARNING alert, got: []
E   assert 0 &gt; 0
E    +  where 0 = len([])</failure></testcase><testcase classname="backend.tests.test_vendor_specific_alerts.TestZyxelAlerts" name="test_zyxel_cpu_critical_alert" time="1.108"><failure message="AssertionError: Expected Zyxel CPU alert, got: []&#10;assert 0 &gt; 0&#10; +  where 0 = len([])">backend/tests/test_vendor_specific_alerts.py:595: in test_zyxel_cpu_critical_alert
    assert len(alerts) &gt; 0, f"Expected Zyxel CPU alert, got: {alerts}"
E   AssertionError: Expected Zyxel CPU alert, got: []
E   assert 0 &gt; 0
E    +  where 0 = len([])</failure></testcase><testcase classname="backend.tests.test_vendor_specific_alerts.TestVendorDetailsEndpoint" name="test_vendor_details_returns_vendor_metrics" time="0.987"><failure message="AssertionError: vendor-details failed: {&quot;detail&quot;:&quot;Invalid token&quot;}&#10;assert 401 == 200&#10; +  where 401 = &lt;Response [401]&gt;.status_code">backend/tests/test_vendor_specific_alerts.py:631: in test_vendor_details_returns_vendor_metrics
    assert resp.status_code == 200, f"vendor-details failed: {resp.text}"
E   AssertionError: vendor-details failed: {"detail":"Invalid token"}
E   assert 401 == 200
E    +  where 401 = &lt;Response [401]&gt;.status_code</failure></testcase><testcase classname="backend.tests.test_vendor_specific_alerts.TestVendorDetailsEndpoint" name="test_vendor_details_returns_profile_info" time="0.384" /><testcase classname="backend.tests.test_vendor_specific_alerts.TestRegressionDeviceReport" name="test_device_report_without_vendor_metrics" time="0.342" /><testcase classname="backend.tests.test_vendor_specific_alerts.TestRegressionDeviceReport" name="test_devices_endpoint_works" time="0.329"><failure message="AssertionError: devices endpoint failed: {&quot;detail&quot;:&quot;Invalid token&quot;}&#10;assert 401 == 200&#10; +  where 401 = &lt;Response [401]&gt;.status_code">backend/tests/test_vendor_specific_alerts.py:702: in test_devices_endpoint_works
    assert resp.status_code == 200, f"devices endpoint failed: {resp.text}"
E   AssertionError: devices endpoint failed: {"detail":"Invalid token"}
E   assert 401 == 200
E    +  where 401 = &lt;Response [401]&gt;.status_code</failure></testcase><testcase classname="backend.tests.test_vendor_specific_alerts.TestConnectorDownloadEndpoint" name="test_connector_zip_accessible" time="0.271" /></testsuite></testsuites>