<?xml version="1.0" encoding="utf-8"?><testsuites name="pytest tests"><testsuite name="pytest" errors="0" failures="0" skipped="0" tests="23" time="5.509" timestamp="2026-04-21T18:01:15.762673+00:00" hostname="agent-env-9e7b2117-a1fb-4373-abe7-a60400334c9c"><testcase classname="backend.tests.test_runbook_automatch.TestSeedDefaults" name="test_seed_defaults_admin_first_call" time="0.537" /><testcase classname="backend.tests.test_runbook_automatch.TestSeedDefaults" name="test_seed_defaults_idempotent" time="0.121" /><testcase classname="backend.tests.test_runbook_automatch.TestSeedDefaults" name="test_seed_defaults_viewer_forbidden" time="0.299" /><testcase classname="backend.tests.test_runbook_automatch.TestListRunbooks" name="test_list_runbooks_returns_items" time="0.153" /><testcase classname="backend.tests.test_runbook_automatch.TestListRunbooks" name="test_runbooks_have_new_fields" time="0.132" /><testcase classname="backend.tests.test_runbook_automatch.TestMatchAlert" name="test_match_alert_with_existing_alert" time="0.339" /><testcase classname="backend.tests.test_runbook_automatch.TestMatchAlert" name="test_match_alert_scoring_structure" time="0.282" /><testcase classname="backend.tests.test_runbook_automatch.TestMatchAlert" name="test_match_alert_not_found" time="0.126" /><testcase classname="backend.tests.test_runbook_automatch.TestRunbookCRUDRegression" name="test_create_runbook" time="0.268" /><testcase classname="backend.tests.test_runbook_automatch.TestRunbookCRUDRegression" name="test_get_runbook_by_id" time="0.409" /><testcase classname="backend.tests.test_runbook_automatch.TestRunbookCRUDRegression" name="test_update_runbook" time="0.572" /><testcase classname="backend.tests.test_runbook_automatch.TestRunbookCRUDRegression" name="test_delete_runbook" time="0.436" /><testcase classname="backend.tests.test_runbook_automatch.TestRunbookCRUDRegression" name="test_viewer_cannot_create_runbook" time="0.119" /><testcase classname="backend.tests.test_runbook_automatch.TestSeedRunbookContent" name="test_synology_disk_degraded_runbook" time="0.143" /><testcase classname="backend.tests.test_runbook_automatch.TestSeedRunbookContent" name="test_fortinet_vpn_down_runbook" time="0.129" /><testcase classname="backend.tests.test_runbook_automatch.TestSeedRunbookContent" name="test_apc_ups_on_battery_runbook" time="0.161" /><testcase classname="backend.tests.test_runbook_automatch.TestSeedRunbookContent" name="test_hp_switch_port_down_runbook" time="0.149" /><testcase classname="backend.tests.test_runbook_automatch.TestSeedRunbookContent" name="test_unifi_ap_offline_runbook" time="0.130" /><testcase classname="backend.tests.test_runbook_automatch.TestSeedRunbookContent" name="test_ilo_fan_critical_runbook" time="0.147" /><testcase classname="backend.tests.test_runbook_automatch.TestSeedRunbookContent" name="test_device_offline_generic_runbook" time="0.113" /><testcase classname="backend.tests.test_runbook_automatch.TestSeedRunbookContent" name="test_all_8_seed_runbooks_present" time="0.120" /><testcase classname="backend.tests.test_runbook_automatch.TestScoringAlgorithm" name="test_keyword_match_scoring" time="0.259" /><testcase classname="backend.tests.test_runbook_automatch.TestScoringAlgorithm" name="test_severity_match_scoring" time="0.263" /></testsuite></testsuites>