<?xml version="1.0" encoding="utf-8"?><testsuites name="pytest tests"><testsuite name="pytest" errors="0" failures="0" skipped="0" tests="14" time="3.213" timestamp="2026-03-27T12:53:50.301192+00:00" hostname="agent-env-9e7b2117-a1fb-4373-abe7-a60400334c9c"><testcase classname="tests.test_security_hardening.TestSecurityHeaders" name="test_security_headers_on_health_endpoint" time="0.162" /><testcase classname="tests.test_security_hardening.TestSecurityHeaders" name="test_security_headers_on_auth_endpoint" time="0.116" /><testcase classname="tests.test_security_hardening.TestCORSHeaders" name="test_cors_headers_present" time="0.069" /><testcase classname="tests.test_security_hardening.TestLoginAndRefreshToken" name="test_login_returns_token_and_refresh_token" time="0.164" /><testcase classname="tests.test_security_hardening.TestLoginAndRefreshToken" name="test_refresh_token_rotation" time="0.250" /><testcase classname="tests.test_security_hardening.TestLoginAndRefreshToken" name="test_refresh_rejects_revoked_token" time="0.348" /><testcase classname="tests.test_security_hardening.TestLoginAndRefreshToken" name="test_refresh_rejects_invalid_token" time="0.112" /><testcase classname="tests.test_security_hardening.TestLogoutTokenRevocation" name="test_logout_revokes_tokens" time="0.363" /><testcase classname="tests.test_security_hardening.TestAccountLockout" name="test_account_lockout_after_5_failed_attempts" time="0.903" /><testcase classname="tests.test_security_hardening.TestNoSQLInjectionProtection" name="test_nosql_injection_in_email_rejected" time="0.098" /><testcase classname="tests.test_security_hardening.TestNoSQLInjectionProtection" name="test_nosql_injection_operator_in_body_rejected" time="0.113" /><testcase classname="tests.test_security_hardening.TestInputSanitization" name="test_device_report_blocks_dollar_operator_keys" time="0.117" /><testcase classname="tests.test_security_hardening.TestInputSanitization" name="test_device_report_blocks_nested_operators" time="0.104" /><testcase classname="tests.test_security_hardening.TestWebSocketAuthentication" name="test_websocket_accepts_token_parameter" time="0.155" /></testsuite></testsuites>