<?xml version="1.0" encoding="utf-8"?><testsuites name="pytest tests"><testsuite name="pytest" errors="0" failures="0" skipped="0" tests="25" time="4.548" timestamp="2026-04-13T15:33:07.233991+00:00" hostname="agent-env-9e7b2117-a1fb-4373-abe7-a60400334c9c"><testcase classname="tests.test_security_21_protections.TestSecurityStatus21Protections" name="test_security_status_returns_21_protections" time="0.317" /><testcase classname="tests.test_security_21_protections.TestSecurityStatus21Protections" name="test_security_status_has_new_protections" time="0.134" /><testcase classname="tests.test_security_21_protections.TestSecurityStatus21Protections" name="test_security_status_requires_auth" time="0.126" /><testcase classname="tests.test_security_21_protections.TestIPWhitelist" name="test_get_ip_whitelist" time="0.128" /><testcase classname="tests.test_security_21_protections.TestIPWhitelist" name="test_update_ip_whitelist" time="0.515" /><testcase classname="tests.test_security_21_protections.TestIPWhitelist" name="test_ip_whitelist_requires_auth" time="0.126" /><testcase classname="tests.test_security_21_protections.TestSessionManagement" name="test_get_sessions" time="0.112" /><testcase classname="tests.test_security_21_protections.TestSessionManagement" name="test_sessions_requires_auth" time="0.110" /><testcase classname="tests.test_security_21_protections.TestSessionManagement" name="test_kill_session_invalid_id" time="0.151" /><testcase classname="tests.test_security_21_protections.TestPasswordPolicy" name="test_get_password_policy" time="0.244" /><testcase classname="tests.test_security_21_protections.TestPasswordPolicy" name="test_update_password_policy" time="0.432" /><testcase classname="tests.test_security_21_protections.TestPasswordPolicy" name="test_password_policy_requires_auth" time="0.134" /><testcase classname="tests.test_security_21_protections.TestAPIKeys" name="test_get_api_keys" time="0.116" /><testcase classname="tests.test_security_21_protections.TestAPIKeys" name="test_api_keys_requires_auth" time="0.110" /><testcase classname="tests.test_security_21_protections.TestSuspiciousLogins" name="test_get_suspicious_logins" time="0.130" /><testcase classname="tests.test_security_21_protections.TestSuspiciousLogins" name="test_suspicious_logins_with_hours_param" time="0.129" /><testcase classname="tests.test_security_21_protections.TestSuspiciousLogins" name="test_suspicious_logins_requires_auth" time="0.115" /><testcase classname="tests.test_security_21_protections.TestSIEMExport" name="test_export_audit_logs_json" time="0.486" /><testcase classname="tests.test_security_21_protections.TestSIEMExport" name="test_export_audit_logs_csv" time="0.162" /><testcase classname="tests.test_security_21_protections.TestSIEMExport" name="test_siem_export_requires_auth" time="0.114" /><testcase classname="tests.test_security_21_protections.TestSecurityHeaders" name="test_security_headers_present" time="0.124" /><testcase classname="tests.test_security_21_protections.TestSecurityHeaders" name="test_cache_control_on_auth_endpoints" time="0.160" /><testcase classname="tests.test_security_21_protections.TestMiddleware" name="test_body_size_limit_header_check" time="0.112" /><testcase classname="tests.test_security_21_protections.TestMiddleware" name="test_origin_verify_allows_no_origin" time="0.100" /><testcase classname="tests.test_security_21_protections.TestMiddleware" name="test_origin_verify_blocks_invalid_origin" time="0.102" /></testsuite></testsuites>