<?xml version="1.0" encoding="utf-8"?><testsuites name="pytest tests"><testsuite name="pytest" errors="0" failures="0" skipped="0" tests="13" time="6.447" timestamp="2026-03-27T12:22:47.102075+00:00" hostname="agent-env-9e7b2117-a1fb-4373-abe7-a60400334c9c"><testcase classname="tests.test_extended_snmp_metrics.TestExtendedSNMPMetrics" name="test_device_poll_status_returns_extended_fields" time="0.475" /><testcase classname="tests.test_extended_snmp_metrics.TestExtendedSNMPMetrics" name="test_device_poll_status_requires_auth" time="0.366" /><testcase classname="tests.test_extended_snmp_metrics.TestExtendedSNMPMetrics" name="test_device_report_accepts_extended_metrics_hpe_switch" time="0.605" /><testcase classname="tests.test_extended_snmp_metrics.TestExtendedSNMPMetrics" name="test_device_report_accepts_hpe_ilo_hardware_data" time="0.574" /><testcase classname="tests.test_extended_snmp_metrics.TestExtendedSNMPMetrics" name="test_device_report_requires_api_key" time="0.367" /><testcase classname="tests.test_extended_snmp_metrics.TestExtendedSNMPMetrics" name="test_device_report_rejects_invalid_api_key" time="0.362" /><testcase classname="tests.test_extended_snmp_metrics.TestExtendedSNMPMetrics" name="test_device_metrics_history_endpoint" time="1.089" /><testcase classname="tests.test_extended_snmp_metrics.TestExtendedSNMPMetrics" name="test_device_metrics_requires_auth" time="0.376" /><testcase classname="tests.test_extended_snmp_metrics.TestExtendedSNMPMetrics" name="test_device_metrics_returns_empty_for_unknown_device" time="0.339" /><testcase classname="tests.test_extended_snmp_metrics.TestExtendedSNMPMetrics" name="test_device_report_with_null_extended_fields" time="0.584" /><testcase classname="tests.test_extended_snmp_metrics.TestExtendedSNMPMetrics" name="test_device_report_updates_existing_device" time="0.671" /><testcase classname="tests.test_extended_snmp_metrics.TestExistingDeviceData" name="test_existing_snmp_device_data" time="0.255" /><testcase classname="tests.test_extended_snmp_metrics.TestExistingDeviceData" name="test_existing_ping_device_data" time="0.258" /></testsuite></testsuites>