<?xml version="1.0" encoding="utf-8"?><testsuites name="pytest tests"><testsuite name="pytest" errors="0" failures="2" skipped="0" tests="20" time="4.662" timestamp="2026-04-22T21:43:06.112133+00:00" hostname="agent-env-9e7b2117-a1fb-4373-abe7-a60400334c9c"><testcase classname="backend.tests.test_metrics_syslog_traps.TestMetricHistory" name="test_metrics_endpoint_exists" time="0.430" /><testcase classname="backend.tests.test_metrics_syslog_traps.TestMetricHistory" name="test_metrics_with_seeded_data" time="0.119" /><testcase classname="backend.tests.test_metrics_syslog_traps.TestMetricHistory" name="test_metrics_different_periods" time="0.666" /><testcase classname="backend.tests.test_metrics_syslog_traps.TestMetricHistory" name="test_metrics_different_metrics" time="0.339" /><testcase classname="backend.tests.test_metrics_syslog_traps.TestMetricHistory" name="test_metrics_requires_auth" time="0.115" /><testcase classname="backend.tests.test_metrics_syslog_traps.TestSyslogViewer" name="test_syslog_endpoint_exists" time="0.269" /><testcase classname="backend.tests.test_metrics_syslog_traps.TestSyslogViewer" name="test_syslog_with_device_filter" time="0.132" /><testcase classname="backend.tests.test_metrics_syslog_traps.TestSyslogViewer" name="test_syslog_severity_filter" time="0.118" /><testcase classname="backend.tests.test_metrics_syslog_traps.TestSyslogViewer" name="test_syslog_requires_auth" time="0.175" /><testcase classname="backend.tests.test_metrics_syslog_traps.TestSnmpTraps" name="test_traps_endpoint_exists" time="0.371" /><testcase classname="backend.tests.test_metrics_syslog_traps.TestSnmpTraps" name="test_traps_with_device_filter" time="0.127" /><testcase classname="backend.tests.test_metrics_syslog_traps.TestSnmpTraps" name="test_traps_requires_auth" time="0.109" /><testcase classname="backend.tests.test_metrics_syslog_traps.TestSyslogIngestion" name="test_syslog_ingestion_with_client_id" time="0.477" /><testcase classname="backend.tests.test_metrics_syslog_traps.TestSyslogIngestion" name="test_syslog_ingestion_requires_client_id_or_api_key" time="0.112" /><testcase classname="backend.tests.test_metrics_syslog_traps.TestSnmpIngestion" name="test_snmp_ingestion_with_client_id" time="0.398" /><testcase classname="backend.tests.test_metrics_syslog_traps.TestBatchEndpoints" name="test_syslog_batch_requires_api_key" time="0.112"><failure message="AssertionError: Expected 401/403 without API key, got 500&#10;assert 500 in [401, 403]&#10; +  where 500 = &lt;Response [500]&gt;.status_code">backend/tests/test_metrics_syslog_traps.py:334: in test_syslog_batch_requires_api_key
    assert response.status_code in [401, 403], f"Expected 401/403 without API key, got {response.status_code}"
E   AssertionError: Expected 401/403 without API key, got 500
E   assert 500 in [401, 403]
E    +  where 500 = &lt;Response [500]&gt;.status_code</failure></testcase><testcase classname="backend.tests.test_metrics_syslog_traps.TestBatchEndpoints" name="test_syslog_batch_with_api_key" time="0.118" /><testcase classname="backend.tests.test_metrics_syslog_traps.TestBatchEndpoints" name="test_snmp_trap_batch_requires_api_key" time="0.112"><failure message="AssertionError: Expected 401/403 without API key, got 500&#10;assert 500 in [401, 403]&#10; +  where 500 = &lt;Response [500]&gt;.status_code">backend/tests/test_metrics_syslog_traps.py:372: in test_snmp_trap_batch_requires_api_key
    assert response.status_code in [401, 403], f"Expected 401/403 without API key, got {response.status_code}"
E   AssertionError: Expected 401/403 without API key, got 500
E   assert 500 in [401, 403]
E    +  where 500 = &lt;Response [500]&gt;.status_code</failure></testcase><testcase classname="backend.tests.test_metrics_syslog_traps.TestBatchEndpoints" name="test_snmp_trap_batch_with_api_key" time="0.118" /><testcase classname="backend.tests.test_metrics_syslog_traps.TestRecordMetricsIntegration" name="test_device_report_endpoint_exists" time="0.143" /></testsuite></testsuites>