<?xml version="1.0" encoding="utf-8"?><testsuites name="pytest tests"><testsuite name="pytest" errors="0" failures="0" skipped="0" tests="10" time="4.811" timestamp="2026-04-13T14:55:45.623915+00:00" hostname="agent-env-9e7b2117-a1fb-4373-abe7-a60400334c9c"><testcase classname="backend.tests.test_soc_ai.TestAIAnalyzeEndpoint" name="test_analyze_without_auth_returns_401_or_403" time="0.204" /><testcase classname="backend.tests.test_soc_ai.TestAIAnalyzeEndpoint" name="test_analyze_endpoint_accessible_with_auth" time="2.461" /><testcase classname="backend.tests.test_soc_ai.TestAIAnalyzeEndpoint" name="test_analyze_with_question" time="1.208" /><testcase classname="backend.tests.test_soc_ai.TestAIHistoryEndpoint" name="test_history_without_auth_returns_401_or_403" time="0.148" /><testcase classname="backend.tests.test_soc_ai.TestAIHistoryEndpoint" name="test_history_returns_list" time="0.114" /><testcase classname="backend.tests.test_soc_ai.TestAIHistoryEndpoint" name="test_history_has_at_least_one_record" time="0.140" /><testcase classname="backend.tests.test_soc_ai.TestAIHistoryEndpoint" name="test_history_record_structure" time="0.114" /><testcase classname="backend.tests.test_soc_ai.TestAIHistoryEndpoint" name="test_history_result_has_valid_status" time="0.118" /><testcase classname="backend.tests.test_soc_ai.TestAIHistoryEndpoint" name="test_history_result_has_valid_risk_score" time="0.119" /><testcase classname="backend.tests.test_soc_ai.TestAIContextBuilding" name="test_context_snapshot_in_history" time="0.118" /></testsuite></testsuites>