<?xml version="1.0" encoding="utf-8"?><testsuites name="pytest tests"><testsuite name="pytest" errors="0" failures="0" skipped="0" tests="15" time="1.177" timestamp="2026-03-30T10:06:29.061185+00:00" hostname="agent-env-9e7b2117-a1fb-4373-abe7-a60400334c9c"><testcase classname="tests.test_enterprise_topology.TestDeviceDetailEndpoint" name="test_device_detail_returns_device_info" time="0.359" /><testcase classname="tests.test_enterprise_topology.TestDeviceDetailEndpoint" name="test_device_detail_returns_alerts" time="0.046" /><testcase classname="tests.test_enterprise_topology.TestDeviceDetailEndpoint" name="test_device_detail_returns_connected_endpoints" time="0.044" /><testcase classname="tests.test_enterprise_topology.TestDeviceDetailEndpoint" name="test_device_detail_returns_lldp_neighbors" time="0.046" /><testcase classname="tests.test_enterprise_topology.TestDeviceDetailEndpoint" name="test_device_detail_returns_port_speeds" time="0.044" /><testcase classname="tests.test_enterprise_topology.TestDeviceDetailEndpoint" name="test_device_detail_returns_mac_connections" time="0.055" /><testcase classname="tests.test_enterprise_topology.TestDeviceDetailEndpoint" name="test_device_detail_404_for_unknown_device" time="0.044" /><testcase classname="tests.test_enterprise_topology.TestAlertsSummaryEndpoint" name="test_alerts_summary_returns_client_id" time="0.043" /><testcase classname="tests.test_enterprise_topology.TestAlertsSummaryEndpoint" name="test_alerts_summary_returns_alerts_map" time="0.083" /><testcase classname="tests.test_enterprise_topology.TestTopologyEndpoint" name="test_topology_returns_discovered_endpoints_count" time="0.049" /><testcase classname="tests.test_enterprise_topology.TestTopologyEndpoint" name="test_topology_returns_nodes_with_health" time="0.047" /><testcase classname="tests.test_enterprise_topology.TestTopologyEndpoint" name="test_topology_nodes_count_matches_expected" time="0.047" /><testcase classname="tests.test_enterprise_topology.TestDeviceDetailForDifferentDevices" name="test_device_detail_for_firewall" time="0.046" /><testcase classname="tests.test_enterprise_topology.TestDeviceDetailForDifferentDevices" name="test_device_detail_for_core_switch" time="0.044" /><testcase classname="tests.test_enterprise_topology.TestDeviceDetailForDifferentDevices" name="test_device_detail_for_access_switch" time="0.048" /></testsuite></testsuites>