<?xml version="1.0" encoding="utf-8"?><testsuites name="pytest tests"><testsuite name="pytest" errors="0" failures="0" skipped="0" tests="9" time="2.441" timestamp="2026-03-27T16:51:27.948916+00:00" hostname="agent-env-9e7b2117-a1fb-4373-abe7-a60400334c9c"><testcase classname="backend.tests.test_zyxel_firewall.TestZyxelDeviceReport" name="test_device_report_accepts_zyxel_firewall_data" time="0.227" /><testcase classname="backend.tests.test_zyxel_firewall.TestZyxelDeviceReport" name="test_device_report_requires_api_key" time="0.124" /><testcase classname="backend.tests.test_zyxel_firewall.TestZyxelDeviceReport" name="test_device_report_rejects_invalid_api_key" time="0.111" /><testcase classname="backend.tests.test_zyxel_firewall.TestZyxelDataStorage" name="test_firewall_data_stored_in_poll_status" time="0.424" /><testcase classname="backend.tests.test_zyxel_firewall.TestZyxelMetricsHistory" name="test_metrics_history_includes_firewall_metrics" time="0.743" /><testcase classname="backend.tests.test_zyxel_firewall.TestZyxelMetricsHistory" name="test_metrics_history_returns_active_sessions_and_vpn" time="0.130" /><testcase classname="backend.tests.test_zyxel_firewall.TestZyxelAlertThresholds" name="test_high_sessions_data_accepted" time="0.227" /><testcase classname="backend.tests.test_zyxel_firewall.TestZyxelAlertThresholds" name="test_high_flash_usage_data_accepted" time="0.223" /><testcase classname="backend.tests.test_zyxel_firewall.TestLoginFlow" name="test_login_with_admin_credentials" time="0.162" /></testsuite></testsuites>