<?xml version="1.0" encoding="utf-8"?><testsuites name="pytest tests"><testsuite name="pytest" errors="0" failures="0" skipped="0" tests="16" time="23.900" timestamp="2026-04-21T16:28:13.777424+00:00" hostname="agent-env-9e7b2117-a1fb-4373-abe7-a60400334c9c"><testcase classname="backend.tests.test_web_console_v4.TestWebConsoleV4Auth" name="test_request_session_requires_auth" time="0.173" /><testcase classname="backend.tests.test_web_console_v4.TestWebConsoleV4Auth" name="test_sessions_requires_auth" time="0.124" /><testcase classname="backend.tests.test_web_console_v4.TestRequestSession" name="test_request_session_missing_device_ip" time="0.341" /><testcase classname="backend.tests.test_web_console_v4.TestRequestSession" name="test_request_session_empty_device_ip" time="0.133" /><testcase classname="backend.tests.test_web_console_v4.TestRequestSession" name="test_request_session_nonexistent_device" time="0.135" /><testcase classname="backend.tests.test_web_console_v4.TestRequestSession" name="test_request_session_valid_device" time="0.115" /><testcase classname="backend.tests.test_web_console_v4.TestProxyEndpoint" name="test_proxy_invalid_token" time="0.127" /><testcase classname="backend.tests.test_web_console_v4.TestProxyEndpoint" name="test_proxy_expired_token" time="0.133" /><testcase classname="backend.tests.test_web_console_v4.TestProxyEndpoint" name="test_proxy_httpbin_get_json" time="0.360" /><testcase classname="backend.tests.test_web_console_v4.TestProxyEndpoint" name="test_proxy_httpbin_html_base_injection" time="0.468" /><testcase classname="backend.tests.test_web_console_v4.TestProxyEndpoint" name="test_proxy_httpbin_redirect_rewrite" time="0.230" /><testcase classname="backend.tests.test_web_console_v4.TestProxyEndpoint" name="test_proxy_unreachable_device" time="20.132" /><testcase classname="backend.tests.test_web_console_v4.TestSessionsAdmin" name="test_list_sessions_admin" time="0.384" /><testcase classname="backend.tests.test_web_console_v4.TestSessionsAdmin" name="test_revoke_session_nonexistent" time="0.121" /><testcase classname="backend.tests.test_web_console_v4.TestSessionsAdmin" name="test_revoke_session_viewer_forbidden" time="0.274" /><testcase classname="backend.tests.test_web_console_v4.TestEndToEndFlow" name="test_full_flow_with_httpbin" time="0.551" /></testsuite></testsuites>