<?xml version="1.0" encoding="utf-8"?><testsuites name="pytest tests"><testsuite name="pytest" errors="0" failures="0" skipped="0" tests="9" time="2.744" timestamp="2026-03-24T22:17:48.383761+00:00" hostname="agent-env-9e7b2117-a1fb-4373-abe7-a60400334c9c"><testcase classname="backend.tests.test_ping_http_monitoring.TestPingHTTPMonitoring" name="test_01_connector_status_shows_online" time="0.310" /><testcase classname="backend.tests.test_ping_http_monitoring.TestPingHTTPMonitoring" name="test_02_add_managed_device_with_ping_type" time="0.267" /><testcase classname="backend.tests.test_ping_http_monitoring.TestPingHTTPMonitoring" name="test_03_fetch_devices_returns_monitor_type_and_http_port" time="0.332" /><testcase classname="backend.tests.test_ping_http_monitoring.TestPingHTTPMonitoring" name="test_04_device_report_accepts_ping_data" time="0.312" /><testcase classname="backend.tests.test_ping_http_monitoring.TestPingHTTPMonitoring" name="test_05_device_poll_status_returns_ping_fields" time="0.357" /><testcase classname="backend.tests.test_ping_http_monitoring.TestPingHTTPMonitoring" name="test_06_update_info_shows_version" time="0.288" /><testcase classname="backend.tests.test_ping_http_monitoring.TestPingHTTPMonitoring" name="test_07_add_snmp_device_still_works" time="0.345" /><testcase classname="backend.tests.test_ping_http_monitoring.TestPingHTTPMonitoring" name="test_08_cleanup_test_device" time="0.253" /><testcase classname="backend.tests.test_ping_http_monitoring.TestConnectorStatusEndpoint" name="test_connector_status_endpoint" time="0.214" /></testsuite></testsuites>