<?xml version="1.0" encoding="utf-8"?><testsuites name="pytest tests"><testsuite name="pytest" errors="0" failures="0" skipped="0" tests="12" time="3.056" timestamp="2026-03-29T10:09:05.593143+00:00" hostname="agent-env-9e7b2117-a1fb-4373-abe7-a60400334c9c"><testcase classname="backend.tests.test_lldp_feature.TestLLDPConnectorEndpoint" name="test_lldp_report_requires_api_key" time="0.204" /><testcase classname="backend.tests.test_lldp_feature.TestLLDPConnectorEndpoint" name="test_lldp_report_invalid_api_key" time="0.105" /><testcase classname="backend.tests.test_lldp_feature.TestLLDPConnectorEndpoint" name="test_lldp_report_success" time="0.122" /><testcase classname="backend.tests.test_lldp_feature.TestLLDPConnectorEndpoint" name="test_lldp_report_empty_neighbors" time="0.251" /><testcase classname="backend.tests.test_lldp_feature.TestLLDPGetEndpoint" name="test_get_lldp_requires_auth" time="0.140" /><testcase classname="backend.tests.test_lldp_feature.TestLLDPGetEndpoint" name="test_get_lldp_success" time="0.345" /><testcase classname="backend.tests.test_lldp_feature.TestTopologyWithLLDP" name="test_topology_includes_lldp_count" time="0.202" /><testcase classname="backend.tests.test_lldp_feature.TestTopologyWithLLDP" name="test_topology_has_lldp_edges" time="0.304" /><testcase classname="backend.tests.test_lldp_feature.TestTopologyWithLLDP" name="test_lldp_edges_replace_inferred" time="0.531" /><testcase classname="backend.tests.test_lldp_feature.TestTopologyLayoutRegression" name="test_save_layout_still_works" time="0.191" /><testcase classname="backend.tests.test_lldp_feature.TestTopologyLayoutRegression" name="test_delete_layout_still_works" time="0.102" /><testcase classname="backend.tests.test_lldp_feature.TestTopologyLayoutRegression" name="test_has_custom_layout_flag" time="0.493" /></testsuite></testsuites>