<?xml version="1.0" encoding="utf-8"?><testsuites name="pytest tests"><testsuite name="pytest" errors="0" failures="0" skipped="0" tests="11" time="2.813" timestamp="2026-04-13T15:14:11.807345+00:00" hostname="agent-env-9e7b2117-a1fb-4373-abe7-a60400334c9c"><testcase classname="tests.test_security_hardening.TestSecurityHeaders" name="test_health_endpoint_has_security_headers" time="0.191" /><testcase classname="tests.test_security_hardening.TestRateLimitHeaders" name="test_rate_limit_headers_present" time="0.128" /><testcase classname="tests.test_security_hardening.TestSecurityStatusEndpoint" name="test_security_status_requires_auth" time="0.148" /><testcase classname="tests.test_security_hardening.TestSecurityStatusEndpoint" name="test_security_status_returns_11_protections" time="0.326" /><testcase classname="tests.test_security_hardening.TestAuditLogsEndpoint" name="test_audit_logs_requires_auth" time="0.132" /><testcase classname="tests.test_security_hardening.TestAuditLogsEndpoint" name="test_audit_logs_works_with_admin" time="0.274" /><testcase classname="tests.test_security_hardening.TestBlockedIPsEndpoint" name="test_blocked_ips_requires_auth" time="0.119" /><testcase classname="tests.test_security_hardening.TestBlockedIPsEndpoint" name="test_blocked_ips_works_with_admin" time="0.827" /><testcase classname="tests.test_security_hardening.TestCacheControlHeaders" name="test_auth_endpoints_no_cache" time="0.157" /><testcase classname="tests.test_security_hardening.TestCacheControlHeaders" name="test_api_endpoints_private_cache" time="0.304" /><testcase classname="tests.test_security_hardening.TestAdminLogin" name="test_admin_login_success" time="0.155" /></testsuite></testsuites>