<?xml version="1.0" encoding="utf-8"?><testsuites name="pytest tests"><testsuite name="pytest" errors="0" failures="0" skipped="0" tests="14" time="4.943" timestamp="2026-03-30T17:54:12.698598+00:00" hostname="agent-env-9e7b2117-a1fb-4373-abe7-a60400334c9c"><testcase classname="backend.tests.test_printers.TestPrinterAPIs" name="test_printer_dashboard_returns_correct_structure" time="0.380" /><testcase classname="backend.tests.test_printers.TestPrinterAPIs" name="test_printer_dashboard_has_demo_data" time="0.309" /><testcase classname="backend.tests.test_printers.TestPrinterAPIs" name="test_printer_dashboard_low_toner_alerts" time="0.292" /><testcase classname="backend.tests.test_printers.TestPrinterAPIs" name="test_printer_dashboard_total_pages" time="0.400" /><testcase classname="backend.tests.test_printers.TestPrinterAPIs" name="test_list_printers_returns_all" time="0.281" /><testcase classname="backend.tests.test_printers.TestPrinterAPIs" name="test_list_printers_sorted_by_name" time="0.275" /><testcase classname="backend.tests.test_printers.TestPrinterAPIs" name="test_get_printer_detail" time="0.296" /><testcase classname="backend.tests.test_printers.TestPrinterAPIs" name="test_get_printer_detail_supplies" time="0.303" /><testcase classname="backend.tests.test_printers.TestPrinterAPIs" name="test_get_printer_detail_not_found" time="0.307" /><testcase classname="backend.tests.test_printers.TestPrinterAPIs" name="test_seed_demo_printers" time="0.315" /><testcase classname="backend.tests.test_printers.TestPrinterAPIs" name="test_process_poll_without_auth" time="0.370" /><testcase classname="backend.tests.test_printers.TestPrinterAPIs" name="test_process_poll_calculates_level_pct" time="0.394" /><testcase classname="backend.tests.test_printers.TestPrinterAPIs" name="test_process_poll_detects_color" time="0.437" /><testcase classname="backend.tests.test_printers.TestPrinterAPIs" name="test_process_poll_requires_client_id_and_device_ip" time="0.453" /></testsuite></testsuites>