<?xml version="1.0" encoding="utf-8"?><testsuites name="pytest tests"><testsuite name="pytest" errors="0" failures="0" skipped="0" tests="13" time="4.165" timestamp="2026-04-13T14:27:50.666336+00:00" hostname="agent-env-9e7b2117-a1fb-4373-abe7-a60400334c9c"><testcase classname="backend.tests.test_backup_monitoring.TestBackupProcessStatus" name="test_process_status_with_valid_api_key" time="0.221" /><testcase classname="backend.tests.test_backup_monitoring.TestBackupProcessStatus" name="test_process_status_without_api_key" time="0.136" /><testcase classname="backend.tests.test_backup_monitoring.TestBackupProcessStatus" name="test_process_status_with_invalid_api_key" time="0.119" /><testcase classname="backend.tests.test_backup_monitoring.TestBackupDashboard" name="test_dashboard_returns_data" time="0.317" /><testcase classname="backend.tests.test_backup_monitoring.TestBackupDashboard" name="test_dashboard_requires_auth" time="0.119" /><testcase classname="backend.tests.test_backup_monitoring.TestBackupHistory" name="test_history_returns_data" time="0.111" /><testcase classname="backend.tests.test_backup_monitoring.TestBackupHistory" name="test_history_with_different_days" time="0.417" /><testcase classname="backend.tests.test_backup_monitoring.TestBackupVmDetail" name="test_vm_detail_for_exchange04" time="0.154" /><testcase classname="backend.tests.test_backup_monitoring.TestBackupVmDetail" name="test_vm_detail_not_found" time="0.124" /><testcase classname="backend.tests.test_backup_monitoring.TestBackupSummaryAll" name="test_summary_all_returns_data" time="0.153" /><testcase classname="backend.tests.test_backup_monitoring.TestAutoAlertGeneration" name="test_alert_created_for_failed_backup" time="0.763" /><testcase classname="backend.tests.test_backup_monitoring.TestAutoResolve" name="test_alert_resolved_when_backup_succeeds" time="1.343" /><testcase classname="backend.tests.test_backup_monitoring.TestExchange04Alert" name="test_exchange04_has_backup_failure_alert" time="0.117" /></testsuite></testsuites>