<?xml version="1.0" encoding="utf-8"?><testsuites name="pytest tests"><testsuite name="pytest" errors="0" failures="0" skipped="0" tests="15" time="2.633" timestamp="2026-04-21T17:10:58.120004+00:00" hostname="agent-env-9e7b2117-a1fb-4373-abe7-a60400334c9c"><testcase classname="tests.test_hardware_health_matrix.TestTvDashboardHardwareHealth" name="test_tv_dashboard_returns_200" time="0.161" /><testcase classname="tests.test_hardware_health_matrix.TestTvDashboardHardwareHealth" name="test_tv_dashboard_has_clients_array" time="0.138" /><testcase classname="tests.test_hardware_health_matrix.TestTvDashboardHardwareHealth" name="test_tv_dashboard_client_has_hardware_health_field" time="0.154" /><testcase classname="tests.test_hardware_health_matrix.TestTvDashboardHardwareHealth" name="test_tv_dashboard_client_has_ilo_server_count" time="0.124" /><testcase classname="tests.test_hardware_health_matrix.TestTvDashboardHardwareHealth" name="test_tv_dashboard_no_ilo_means_null_health" time="0.123" /><testcase classname="tests.test_hardware_health_matrix.TestClientHardwareHealthEndpoint" name="test_hardware_health_endpoint_returns_200" time="0.140" /><testcase classname="tests.test_hardware_health_matrix.TestClientHardwareHealthEndpoint" name="test_hardware_health_response_structure" time="0.145" /><testcase classname="tests.test_hardware_health_matrix.TestClientHardwareHealthEndpoint" name="test_hardware_health_subsystems_structure" time="0.114" /><testcase classname="tests.test_hardware_health_matrix.TestClientHardwareHealthEndpoint" name="test_hardware_health_per_device_structure" time="0.121" /><testcase classname="tests.test_hardware_health_matrix.TestClientHardwareHealthEndpoint" name="test_hardware_health_nonexistent_client" time="0.133" /><testcase classname="tests.test_hardware_health_matrix.TestRedfishMetricsSubsystems" name="test_redfish_metrics_requires_auth" time="0.206" /><testcase classname="tests.test_hardware_health_matrix.TestRedfishMetricsSubsystems" name="test_redfish_metrics_with_auth" time="0.295" /><testcase classname="tests.test_hardware_health_matrix.TestRedfishMetricsSubsystems" name="test_redfish_metrics_response_structure" time="0.306" /><testcase classname="tests.test_hardware_health_matrix.TestWebConsoleV4Regression" name="test_console_v4_request_session_valid" time="0.271" /><testcase classname="tests.test_hardware_health_matrix.TestWebConsoleV4Regression" name="test_console_v4_proxy_invalid_token" time="0.128" /></testsuite></testsuites>