<?xml version="1.0" encoding="utf-8"?><testsuites name="pytest tests"><testsuite name="pytest" errors="0" failures="0" skipped="0" tests="12" time="2.439" timestamp="2026-03-24T22:36:26.005447+00:00" hostname="agent-env-9e7b2117-a1fb-4373-abe7-a60400334c9c"><testcase classname="backend.tests.test_auto_discovery.TestAutoDiscoveryBackend" name="test_login_admin" time="0.309" /><testcase classname="backend.tests.test_auto_discovery.TestAutoDiscoveryBackend" name="test_start_discovery_creates_pending_request" time="0.378" /><testcase classname="backend.tests.test_auto_discovery.TestAutoDiscoveryBackend" name="test_discovery_status_shows_pending_or_in_progress" time="0.155" /><testcase classname="backend.tests.test_auto_discovery.TestAutoDiscoveryBackend" name="test_discovery_check_with_api_key_returns_scan_requested" time="0.476" /><testcase classname="backend.tests.test_auto_discovery.TestAutoDiscoveryBackend" name="test_submit_discovery_results_with_api_key" time="0.117" /><testcase classname="backend.tests.test_auto_discovery.TestAutoDiscoveryBackend" name="test_get_discovery_results_returns_devices_with_managed_ips" time="0.103" /><testcase classname="backend.tests.test_auto_discovery.TestAutoDiscoveryBackend" name="test_discovery_status_shows_completed" time="0.152" /><testcase classname="backend.tests.test_auto_discovery.TestAutoDiscoveryBackend" name="test_add_discovered_device_to_monitoring" time="0.216" /><testcase classname="backend.tests.test_auto_discovery.TestAutoDiscoveryBackend" name="test_cleanup_test_device" time="0.117" /><testcase classname="backend.tests.test_auto_discovery.TestDiscoveryAPIKeyValidation" name="test_discovery_check_requires_api_key" time="0.117" /><testcase classname="backend.tests.test_auto_discovery.TestDiscoveryAPIKeyValidation" name="test_discovery_results_requires_api_key" time="0.123" /><testcase classname="backend.tests.test_auto_discovery.TestDiscoveryAPIKeyValidation" name="test_invalid_api_key_rejected" time="0.106" /></testsuite></testsuites>