<?xml version="1.0" encoding="utf-8"?><testsuites name="pytest tests"><testsuite name="pytest" errors="0" failures="0" skipped="0" tests="28" time="4.730" timestamp="2026-04-21T17:39:36.625887+00:00" hostname="agent-env-9e7b2117-a1fb-4373-abe7-a60400334c9c"><testcase classname="backend.tests.test_device_profiles.TestDeviceProfilesList" name="test_list_profiles_requires_auth" time="0.223" /><testcase classname="backend.tests.test_device_profiles.TestDeviceProfilesList" name="test_list_profiles_returns_10_profiles" time="0.327" /><testcase classname="backend.tests.test_device_profiles.TestDeviceProfilesList" name="test_list_profiles_has_all_expected_keys" time="0.116" /><testcase classname="backend.tests.test_device_profiles.TestDeviceProfilesList" name="test_profile_structure" time="0.163" /><testcase classname="backend.tests.test_device_profiles.TestDeviceProfileSingle" name="test_get_synology_profile" time="0.108" /><testcase classname="backend.tests.test_device_profiles.TestDeviceProfileSingle" name="test_get_hp_procurve_profile" time="0.133" /><testcase classname="backend.tests.test_device_profiles.TestDeviceProfileSingle" name="test_get_nonexistent_profile_returns_404" time="0.207" /><testcase classname="backend.tests.test_device_profiles.TestFingerprintMatching" name="test_fingerprint_synology_by_oid" time="0.152" /><testcase classname="backend.tests.test_device_profiles.TestFingerprintMatching" name="test_fingerprint_hp_by_sysdescr" time="0.133" /><testcase classname="backend.tests.test_device_profiles.TestFingerprintMatching" name="test_fingerprint_fortinet_by_oid" time="0.133" /><testcase classname="backend.tests.test_device_profiles.TestFingerprintMatching" name="test_fingerprint_no_match" time="0.145" /><testcase classname="backend.tests.test_device_profiles.TestFingerprintMatching" name="test_fingerprint_cisco_by_oid" time="0.140" /><testcase classname="backend.tests.test_device_profiles.TestFingerprintMatching" name="test_fingerprint_qnap_by_oid" time="0.125" /><testcase classname="backend.tests.test_device_profiles.TestProfileOverride" name="test_override_requires_admin" time="0.268" /><testcase classname="backend.tests.test_device_profiles.TestProfileOverride" name="test_override_nonexistent_profile_returns_404" time="0.158" /><testcase classname="backend.tests.test_device_profiles.TestProfileOverride" name="test_save_and_verify_override" time="0.248" /><testcase classname="backend.tests.test_device_profiles.TestProfileOverride" name="test_delete_override" time="0.359" /><testcase classname="backend.tests.test_device_profiles.TestApplyProfile" name="test_apply_requires_profile_or_match" time="0.115" /><testcase classname="backend.tests.test_device_profiles.TestApplyProfile" name="test_apply_nonexistent_profile_returns_404" time="0.119" /><testcase classname="backend.tests.test_device_profiles.TestApplyProfile" name="test_apply_requires_device_ip" time="0.139" /><testcase classname="backend.tests.test_device_profiles.TestVendorsList" name="test_list_vendors_returns_10_items" time="0.181" /><testcase classname="backend.tests.test_device_profiles.TestVendorsList" name="test_vendor_item_structure" time="0.156" /><testcase classname="backend.tests.test_device_profiles.TestConnectorAutoClassify" name="test_connector_device_report_endpoint_exists" time="0.124" /><testcase classname="backend.tests.test_device_profiles.TestProfileSpecificDetails" name="test_synology_has_api_endpoints" time="0.122" /><testcase classname="backend.tests.test_device_profiles.TestProfileSpecificDetails" name="test_fortinet_has_api_endpoints" time="0.125" /><testcase classname="backend.tests.test_device_profiles.TestProfileSpecificDetails" name="test_apc_ups_has_battery_oids" time="0.125" /><testcase classname="backend.tests.test_device_profiles.TestProfileSpecificDetails" name="test_dell_idrac_has_redfish_endpoints" time="0.126" /><testcase classname="backend.tests.test_device_profiles.TestProfileSpecificDetails" name="test_generic_snmp_is_fallback" time="0.161" /></testsuite></testsuites>