<?xml version="1.0" encoding="utf-8"?><testsuites name="pytest tests"><testsuite name="pytest" errors="0" failures="0" skipped="0" tests="22" time="5.992" timestamp="2026-03-27T17:11:08.954924+00:00" hostname="agent-env-9e7b2117-a1fb-4373-abe7-a60400334c9c"><testcase classname="tests.test_vault.TestVaultAuth" name="test_login_admin_success" time="0.236" /><testcase classname="tests.test_vault.TestVaultAuth" name="test_vault_list_requires_auth" time="0.113" /><testcase classname="tests.test_vault.TestVaultAuth" name="test_vault_create_requires_auth" time="0.111" /><testcase classname="tests.test_vault.TestVaultCRUD" name="test_create_credential_returns_id" time="0.478" /><testcase classname="tests.test_vault.TestVaultCRUD" name="test_list_credentials_returns_masked_passwords" time="0.353" /><testcase classname="tests.test_vault.TestVaultCRUD" name="test_get_credential_returns_decrypted" time="0.360" /><testcase classname="tests.test_vault.TestVaultCRUD" name="test_update_credential" time="0.463" /><testcase classname="tests.test_vault.TestVaultCRUD" name="test_delete_credential" time="0.366" /><testcase classname="tests.test_vault.TestVaultCRUD" name="test_get_nonexistent_credential_returns_404" time="0.127" /><testcase classname="tests.test_vault.TestVaultCRUD" name="test_delete_nonexistent_credential_returns_404" time="0.102" /><testcase classname="tests.test_vault.TestVaultAccessControl" name="test_non_admin_cannot_list_credentials" time="0.255" /><testcase classname="tests.test_vault.TestVaultAccessControl" name="test_non_admin_cannot_create_credential" time="0.116" /><testcase classname="tests.test_vault.TestVaultAccessControl" name="test_non_admin_cannot_get_credential" time="0.111" /><testcase classname="tests.test_vault.TestVaultAccessControl" name="test_non_admin_cannot_update_credential" time="0.119" /><testcase classname="tests.test_vault.TestVaultAccessControl" name="test_non_admin_cannot_delete_credential" time="0.129" /><testcase classname="tests.test_vault.TestVaultCredentialTypes" name="test_create_credential_type[ilo]" time="0.471" /><testcase classname="tests.test_vault.TestVaultCredentialTypes" name="test_create_credential_type[ssh]" time="0.351" /><testcase classname="tests.test_vault.TestVaultCredentialTypes" name="test_create_credential_type[snmp]" time="0.368" /><testcase classname="tests.test_vault.TestVaultCredentialTypes" name="test_create_credential_type[web]" time="0.351" /><testcase classname="tests.test_vault.TestVaultCredentialTypes" name="test_create_credential_type[vpn]" time="0.363" /><testcase classname="tests.test_vault.TestVaultCredentialTypes" name="test_create_credential_type[other]" time="0.310" /><testcase classname="tests.test_vault.TestExistingVaultCredentials" name="test_list_existing_credentials" time="0.248" /></testsuite></testsuites>