<?xml version="1.0" encoding="utf-8"?><testsuites name="pytest tests"><testsuite name="pytest" errors="0" failures="0" skipped="0" tests="22" time="6.482" timestamp="2026-03-27T17:27:54.593415+00:00" hostname="agent-env-9e7b2117-a1fb-4373-abe7-a60400334c9c"><testcase classname="tests.test_vault.TestVaultAuth" name="test_login_admin_success" time="0.203" /><testcase classname="tests.test_vault.TestVaultAuth" name="test_vault_list_requires_auth" time="0.115" /><testcase classname="tests.test_vault.TestVaultAuth" name="test_vault_create_requires_auth" time="0.107" /><testcase classname="tests.test_vault.TestVaultCRUD" name="test_create_credential_returns_id" time="0.420" /><testcase classname="tests.test_vault.TestVaultCRUD" name="test_list_credentials_returns_masked_passwords" time="0.798" /><testcase classname="tests.test_vault.TestVaultCRUD" name="test_get_credential_returns_decrypted" time="0.347" /><testcase classname="tests.test_vault.TestVaultCRUD" name="test_update_credential" time="0.486" /><testcase classname="tests.test_vault.TestVaultCRUD" name="test_delete_credential" time="0.375" /><testcase classname="tests.test_vault.TestVaultCRUD" name="test_get_nonexistent_credential_returns_404" time="0.119" /><testcase classname="tests.test_vault.TestVaultCRUD" name="test_delete_nonexistent_credential_returns_404" time="0.153" /><testcase classname="tests.test_vault.TestVaultAccessControl" name="test_non_admin_cannot_list_credentials" time="0.284" /><testcase classname="tests.test_vault.TestVaultAccessControl" name="test_non_admin_cannot_create_credential" time="0.114" /><testcase classname="tests.test_vault.TestVaultAccessControl" name="test_non_admin_cannot_get_credential" time="0.113" /><testcase classname="tests.test_vault.TestVaultAccessControl" name="test_non_admin_cannot_update_credential" time="0.123" /><testcase classname="tests.test_vault.TestVaultAccessControl" name="test_non_admin_cannot_delete_credential" time="0.111" /><testcase classname="tests.test_vault.TestVaultCredentialTypes" name="test_create_credential_type[ilo]" time="0.514" /><testcase classname="tests.test_vault.TestVaultCredentialTypes" name="test_create_credential_type[ssh]" time="0.382" /><testcase classname="tests.test_vault.TestVaultCredentialTypes" name="test_create_credential_type[snmp]" time="0.367" /><testcase classname="tests.test_vault.TestVaultCredentialTypes" name="test_create_credential_type[web]" time="0.371" /><testcase classname="tests.test_vault.TestVaultCredentialTypes" name="test_create_credential_type[vpn]" time="0.334" /><testcase classname="tests.test_vault.TestVaultCredentialTypes" name="test_create_credential_type[other]" time="0.322" /><testcase classname="tests.test_vault.TestExistingVaultCredentials" name="test_list_existing_credentials" time="0.262" /></testsuite></testsuites>