<?xml version="1.0" encoding="utf-8"?><testsuites name="pytest tests"><testsuite name="pytest" errors="0" failures="0" skipped="0" tests="5" time="1.974" timestamp="2026-05-02T20:36:59.779906+00:00" hostname="agent-env-258f9f30-d445-4e1e-ac0d-fbcfecaf2431"><testcase classname="tests.test_tcp_port_fingerprint.TestNetworkDiscoveryPersistence" name="test_post_with_ip_port_probes_returns_ok_and_persists" time="0.539" /><testcase classname="tests.test_tcp_port_fingerprint.TestDiscoveredEndpointsListeningPorts" name="test_listening_ports_populated_on_endpoints" time="0.163" /><testcase classname="tests.test_tcp_port_fingerprint.TestTopologyNodesListeningPorts" name="test_topology_nodes_have_listening_ports_and_correct_type" time="0.330" /><testcase classname="tests.test_tcp_port_fingerprint.TestGuessEndpointTypeDirect" name="test_guess_endpoint_type_port_fingerprints" time="0.481" /><testcase classname="tests.test_tcp_port_fingerprint.TestLegacyPayloadRegression" name="test_legacy_payload_without_ip_port_probes" time="0.301" /></testsuite></testsuites>