<?xml version="1.0" encoding="utf-8"?><testsuites name="pytest tests"><testsuite name="pytest" errors="0" failures="0" skipped="0" tests="6" time="1.864" timestamp="2026-03-27T17:28:55.166090+00:00" hostname="agent-env-9e7b2117-a1fb-4373-abe7-a60400334c9c"><testcase classname="tests.test_connector_vault.TestConnectorVaultEndpoint" name="test_connector_vault_requires_api_key" time="0.816" /><testcase classname="tests.test_connector_vault.TestConnectorVaultEndpoint" name="test_connector_vault_invalid_api_key" time="0.098" /><testcase classname="tests.test_connector_vault.TestConnectorVaultEndpoint" name="test_connector_vault_returns_decrypted_credentials" time="0.109" /><testcase classname="tests.test_connector_vault.TestConnectorVaultEndpoint" name="test_connector_vault_returns_existing_credentials" time="0.133" /><testcase classname="tests.test_connector_vault.TestConnectorVaultEndpoint" name="test_connector_vault_create_and_fetch" time="0.511" /><testcase classname="tests.test_connector_vault.TestVaultPersistenceAfterRestart" name="test_existing_credentials_decrypt_correctly" time="0.129" /></testsuite></testsuites>