<?xml version="1.0" encoding="utf-8"?><testsuites name="pytest tests"><testsuite name="pytest" errors="0" failures="0" skipped="0" tests="12" time="4.297" timestamp="2026-03-29T09:33:27.181741+00:00" hostname="agent-env-9e7b2117-a1fb-4373-abe7-a60400334c9c"><testcase classname="backend.tests.test_topology.TestTopologyEndpoint" name="test_topology_endpoint_returns_200" time="0.441" /><testcase classname="backend.tests.test_topology.TestTopologyEndpoint" name="test_topology_has_required_fields" time="0.348" /><testcase classname="backend.tests.test_topology.TestTopologyEndpoint" name="test_topology_has_9_nodes" time="0.358" /><testcase classname="backend.tests.test_topology.TestTopologyEndpoint" name="test_topology_has_8_edges" time="0.351" /><testcase classname="backend.tests.test_topology.TestTopologyEndpoint" name="test_topology_has_4_layers" time="0.336" /><testcase classname="backend.tests.test_topology.TestTopologyEndpoint" name="test_topology_health_score" time="0.346" /><testcase classname="backend.tests.test_topology.TestTopologyEndpoint" name="test_topology_device_types" time="0.338" /><testcase classname="backend.tests.test_topology.TestTopologyEndpoint" name="test_topology_edge_types" time="0.340" /><testcase classname="backend.tests.test_topology.TestTopologyEndpoint" name="test_topology_node_roles" time="0.348" /><testcase classname="backend.tests.test_topology.TestTopologyEndpoint" name="test_topology_all_devices_reachable" time="0.335" /><testcase classname="backend.tests.test_topology.TestTopologyEndpoint" name="test_topology_requires_auth" time="0.347" /><testcase classname="backend.tests.test_topology.TestTopologyEndpoint" name="test_topology_invalid_client_returns_empty" time="0.339" /></testsuite></testsuites>