<?xml version="1.0" encoding="utf-8"?><testsuites name="pytest tests"><testsuite name="pytest" errors="0" failures="0" skipped="0" tests="24" time="3.575" timestamp="2026-04-13T13:54:06.148190+00:00" hostname="agent-env-9e7b2117-a1fb-4373-abe7-a60400334c9c"><testcase classname="backend.tests.test_advanced_features.TestTrendsAPI" name="test_trends_requires_auth" time="0.128" /><testcase classname="backend.tests.test_advanced_features.TestTrendsAPI" name="test_trends_returns_data" time="0.264" /><testcase classname="backend.tests.test_advanced_features.TestThresholdsAPI" name="test_thresholds_requires_auth" time="0.106" /><testcase classname="backend.tests.test_advanced_features.TestThresholdsAPI" name="test_get_thresholds_returns_data" time="0.122" /><testcase classname="backend.tests.test_advanced_features.TestThresholdsAPI" name="test_update_thresholds" time="0.221" /><testcase classname="backend.tests.test_advanced_features.TestMaintenanceAPI" name="test_maintenance_requires_auth" time="0.102" /><testcase classname="backend.tests.test_advanced_features.TestMaintenanceAPI" name="test_get_maintenance_windows" time="0.110" /><testcase classname="backend.tests.test_advanced_features.TestMaintenanceAPI" name="test_create_maintenance_window" time="0.119" /><testcase classname="backend.tests.test_advanced_features.TestMaintenanceAPI" name="test_update_maintenance_window" time="0.216" /><testcase classname="backend.tests.test_advanced_features.TestMaintenanceAPI" name="test_delete_maintenance_window" time="0.231" /><testcase classname="backend.tests.test_advanced_features.TestMaintenanceAPI" name="test_active_maintenance_check" time="0.181" /><testcase classname="backend.tests.test_advanced_features.TestCorrelationAPI" name="test_correlation_requires_auth" time="0.106" /><testcase classname="backend.tests.test_advanced_features.TestCorrelationAPI" name="test_correlation_returns_analysis" time="0.110" /><testcase classname="backend.tests.test_advanced_features.TestBandwidthAPI" name="test_bandwidth_summary_requires_auth" time="0.106" /><testcase classname="backend.tests.test_advanced_features.TestBandwidthAPI" name="test_bandwidth_summary" time="0.123" /><testcase classname="backend.tests.test_advanced_features.TestBandwidthAPI" name="test_bandwidth_history" time="0.230" /><testcase classname="backend.tests.test_advanced_features.TestBandwidthAPI" name="test_bandwidth_process_poll" time="0.128" /><testcase classname="backend.tests.test_advanced_features.TestDiscoveryAPI" name="test_discovery_approve_requires_auth" time="0.143" /><testcase classname="backend.tests.test_advanced_features.TestDiscoveryAPI" name="test_discovery_approve_validation" time="0.109" /><testcase classname="backend.tests.test_advanced_features.TestDiscoveryAPI" name="test_discovery_approve_device" time="0.141" /><testcase classname="backend.tests.test_advanced_features.TestDiscoveryAPI" name="test_discovery_dismiss" time="0.139" /><testcase classname="backend.tests.test_advanced_features.TestClientPortalAPI" name="test_portal_no_auth_required" time="0.127" /><testcase classname="backend.tests.test_advanced_features.TestClientPortalAPI" name="test_portal_returns_client_data" time="0.107" /><testcase classname="backend.tests.test_advanced_features.TestClientPortalAPI" name="test_portal_invalid_client" time="0.115" /></testsuite></testsuites>