<?xml version="1.0" encoding="utf-8"?><testsuites name="pytest tests"><testsuite name="pytest" errors="0" failures="0" skipped="0" tests="12" time="2.195" timestamp="2026-03-24T21:15:08.595208+00:00" hostname="agent-env-9e7b2117-a1fb-4373-abe7-a60400334c9c"><testcase classname="backend.tests.test_connector_endpoints.TestHealthEndpoint" name="test_health_returns_healthy" time="0.228" /><testcase classname="backend.tests.test_connector_endpoints.TestAuthLogin" name="test_admin_login_success" time="0.159" /><testcase classname="backend.tests.test_connector_endpoints.TestConnectorStatus" name="test_connector_status_returns_list" time="0.290" /><testcase classname="backend.tests.test_connector_endpoints.TestConnectorUpdateInfo" name="test_update_info_returns_version_1_7_1" time="0.277" /><testcase classname="backend.tests.test_connector_endpoints.TestConnectorUpdateCheck" name="test_update_check_with_api_key" time="0.108" /><testcase classname="backend.tests.test_connector_endpoints.TestConnectorUpdateCheck" name="test_update_check_without_api_key" time="0.102" /><testcase classname="backend.tests.test_connector_endpoints.TestConnectorHeartbeat" name="test_heartbeat_with_api_key" time="0.115" /><testcase classname="backend.tests.test_connector_endpoints.TestConnectorHeartbeat" name="test_heartbeat_without_api_key_fails" time="0.118" /><testcase classname="backend.tests.test_connector_endpoints.TestConnectorDownload" name="test_download_specific_version" time="0.111" /><testcase classname="backend.tests.test_connector_endpoints.TestConnectorDownload" name="test_download_nonexistent_file_returns_404" time="0.113" /><testcase classname="backend.tests.test_connector_endpoints.TestPublicDownload" name="test_public_download_works" time="0.123" /><testcase classname="backend.tests.test_connector_endpoints.TestCleanup" name="test_cleanup_test_connector" time="0.262" /></testsuite></testsuites>