<?xml version="1.0" encoding="utf-8"?><testsuites name="pytest tests"><testsuite name="pytest" errors="0" failures="0" skipped="0" tests="9" time="7.042" timestamp="2026-04-14T07:32:47.386634+00:00" hostname="agent-env-9e7b2117-a1fb-4373-abe7-a60400334c9c"><testcase classname="backend.tests.test_external_monitor.TestExternalMonitorTargets" name="test_get_targets_list" time="0.433" /><testcase classname="backend.tests.test_external_monitor.TestExternalMonitorTargets" name="test_get_targets_by_client" time="0.115" /><testcase classname="backend.tests.test_external_monitor.TestExternalMonitorTargets" name="test_create_target_and_delete" time="0.443" /><testcase classname="backend.tests.test_external_monitor.TestExternalMonitorTargets" name="test_create_target_validation" time="0.116" /><testcase classname="backend.tests.test_external_monitor.TestExternalMonitorStatus" name="test_get_all_status" time="0.100" /><testcase classname="backend.tests.test_external_monitor.TestExternalMonitorStatus" name="test_get_client_status" time="0.108" /><testcase classname="backend.tests.test_external_monitor.TestExternalMonitorProbe" name="test_probe_now" time="5.283" /><testcase classname="backend.tests.test_external_monitor.TestTvDashboardWanIntegration" name="test_tv_dashboard_has_wan_data" time="0.107" /><testcase classname="backend.tests.test_external_monitor.TestExternalMonitorHistory" name="test_get_probe_history" time="0.208" /></testsuite></testsuites>