<?xml version="1.0" encoding="utf-8"?><testsuites name="pytest tests"><testsuite name="pytest" errors="0" failures="0" skipped="0" tests="23" time="3.040" timestamp="2026-04-21T20:15:13.395458+00:00" hostname="agent-env-9e7b2117-a1fb-4373-abe7-a60400334c9c"><testcase classname="backend.tests.test_hpe_ilo_stale_fallback.TestDeviceProfiles" name="test_device_profiles_count_is_13" time="0.480" /><testcase classname="backend.tests.test_hpe_ilo_stale_fallback.TestDeviceProfiles" name="test_hpe_ilo_profile_exists" time="0.120" /><testcase classname="backend.tests.test_hpe_ilo_stale_fallback.TestDeviceProfiles" name="test_hpe_ilo_profile_family_is_server_oob" time="0.125" /><testcase classname="backend.tests.test_hpe_ilo_stale_fallback.TestDeviceProfiles" name="test_hpe_ilo_has_44_oids" time="0.124" /><testcase classname="backend.tests.test_hpe_ilo_stale_fallback.TestDeviceProfiles" name="test_hpe_ilo_has_17_api_endpoints" time="0.116" /><testcase classname="backend.tests.test_hpe_ilo_stale_fallback.TestDeviceProfiles" name="test_hpe_ilo_has_generations_metadata" time="0.120" /><testcase classname="backend.tests.test_hpe_ilo_stale_fallback.TestFingerprintAPI" name="test_fingerprint_by_sysobjectid_hp_enterprise" time="0.120" /><testcase classname="backend.tests.test_hpe_ilo_stale_fallback.TestFingerprintAPI" name="test_fingerprint_by_sysdescr_ilo5_gen10" time="0.145" /><testcase classname="backend.tests.test_hpe_ilo_stale_fallback.TestFingerprintAPI" name="test_fingerprint_by_sysdescr_ilo6_gen11" time="0.127" /><testcase classname="backend.tests.test_hpe_ilo_stale_fallback.TestFingerprintAPI" name="test_fingerprint_hp_pattern_not_dell_idrac" time="0.137" /><testcase classname="backend.tests.test_hpe_ilo_stale_fallback.TestStaleFallbackLogic" name="test_keep_if_empty_logic_prev_full_new_empty" time="0.000" /><testcase classname="backend.tests.test_hpe_ilo_stale_fallback.TestStaleFallbackLogic" name="test_keep_if_empty_logic_prev_empty_new_full" time="0.000" /><testcase classname="backend.tests.test_hpe_ilo_stale_fallback.TestStaleFallbackLogic" name="test_keep_if_empty_logic_both_empty" time="0.000" /><testcase classname="backend.tests.test_hpe_ilo_stale_fallback.TestRunbookIloFanCritical" name="test_seed_runbooks_first" time="0.137" /><testcase classname="backend.tests.test_hpe_ilo_stale_fallback.TestRunbookIloFanCritical" name="test_ilo_fan_critical_runbook_exists" time="0.133" /><testcase classname="backend.tests.test_hpe_ilo_stale_fallback.TestRunbookIloFanCritical" name="test_ilo_fan_critical_has_hpe_ilo_profile_key" time="0.154" /><testcase classname="backend.tests.test_hpe_ilo_stale_fallback.TestRunbookIloFanCritical" name="test_ilo_fan_critical_has_capability_match" time="0.131" /><testcase classname="backend.tests.test_hpe_ilo_stale_fallback.TestRunbookMatchScoring" name="test_create_test_alert_for_ilo_device" time="0.000" /><testcase classname="backend.tests.test_hpe_ilo_stale_fallback.TestRunbookMatchScoring" name="test_runbook_match_includes_profile_bonus" time="0.260" /><testcase classname="backend.tests.test_hpe_ilo_stale_fallback.TestIloHealthEndpoint" name="test_ilo_health_endpoint_exists" time="0.136" /><testcase classname="backend.tests.test_hpe_ilo_stale_fallback.TestRegressionWebConsoleV4" name="test_web_proxy_endpoint_exists" time="0.132" /><testcase classname="backend.tests.test_hpe_ilo_stale_fallback.TestRegressionDeviceProfilesLibrary" name="test_profiles_include_all_vendors" time="0.127" /><testcase classname="backend.tests.test_hpe_ilo_stale_fallback.TestRegressionHardwareHealthMatrix" name="test_hardware_health_endpoint" time="0.126" /></testsuite></testsuites>