<?xml version="1.0" encoding="utf-8"?><testsuites name="pytest tests"><testsuite name="pytest" errors="0" failures="0" skipped="0" tests="37" time="8.119" timestamp="2026-04-21T12:02:29.658379+00:00" hostname="agent-env-9e7b2117-a1fb-4373-abe7-a60400334c9c"><testcase classname="backend.tests.test_enterprise_noc_modules.TestRemediationScripts" name="test_list_scripts_returns_builtins" time="0.349" /><testcase classname="backend.tests.test_enterprise_noc_modules.TestRemediationScripts" name="test_create_custom_script" time="0.118" /><testcase classname="backend.tests.test_enterprise_noc_modules.TestRemediationScripts" name="test_builtin_script_not_modifiable" time="0.269" /><testcase classname="backend.tests.test_enterprise_noc_modules.TestRemediationScripts" name="test_builtin_script_not_deletable" time="0.274" /><testcase classname="backend.tests.test_enterprise_noc_modules.TestRemediationRules" name="test_list_rules" time="0.111" /><testcase classname="backend.tests.test_enterprise_noc_modules.TestRemediationRules" name="test_create_rule_with_valid_script" time="0.235" /><testcase classname="backend.tests.test_enterprise_noc_modules.TestRemediationRules" name="test_create_rule_with_invalid_script_fails" time="0.124" /><testcase classname="backend.tests.test_enterprise_noc_modules.TestRemediationRules" name="test_update_rule" time="0.337" /><testcase classname="backend.tests.test_enterprise_noc_modules.TestRemediationRules" name="test_delete_rule" time="0.374" /><testcase classname="backend.tests.test_enterprise_noc_modules.TestRemediationExecutions" name="test_list_executions" time="0.110" /><testcase classname="backend.tests.test_enterprise_noc_modules.TestRemediationExecutions" name="test_approve_nonexistent_execution" time="0.114" /><testcase classname="backend.tests.test_enterprise_noc_modules.TestRemediationExecutions" name="test_reject_nonexistent_execution" time="0.149" /><testcase classname="backend.tests.test_enterprise_noc_modules.TestRemediationStats" name="test_get_stats" time="0.110" /><testcase classname="backend.tests.test_enterprise_noc_modules.TestRemediationTrigger" name="test_manual_trigger_with_invalid_script" time="0.118" /><testcase classname="backend.tests.test_enterprise_noc_modules.TestLifecycleRecords" name="test_list_records" time="0.118" /><testcase classname="backend.tests.test_enterprise_noc_modules.TestLifecycleRecords" name="test_upsert_record" time="0.121" /><testcase classname="backend.tests.test_enterprise_noc_modules.TestLifecycleRecords" name="test_get_single_record" time="0.217" /><testcase classname="backend.tests.test_enterprise_noc_modules.TestLifecycleRecords" name="test_delete_record" time="0.263" /><testcase classname="backend.tests.test_enterprise_noc_modules.TestLifecycleRiskCalculation" name="test_expired_warranty_high_risk" time="0.227" /><testcase classname="backend.tests.test_enterprise_noc_modules.TestLifecycleRiskCalculation" name="test_eosl_reached_high_risk" time="0.223" /><testcase classname="backend.tests.test_enterprise_noc_modules.TestLifecycleDashboard" name="test_dashboard_stats" time="0.122" /><testcase classname="backend.tests.test_enterprise_noc_modules.TestLifecycleDashboard" name="test_expiring_warranties" time="0.118" /><testcase classname="backend.tests.test_enterprise_noc_modules.TestLifecycleCsvImport" name="test_csv_import" time="0.116" /><testcase classname="backend.tests.test_enterprise_noc_modules.TestIntelligenceTriage" name="test_triage_nonexistent_alert" time="0.105" /><testcase classname="backend.tests.test_enterprise_noc_modules.TestIntelligenceTriage" name="test_triage_bulk" time="0.138" /><testcase classname="backend.tests.test_enterprise_noc_modules.TestIntelligenceTriage" name="test_triage_stats" time="0.110" /><testcase classname="backend.tests.test_enterprise_noc_modules.TestIntelligencePatchCompliance" name="test_upsert_patch_status" time="0.125" /><testcase classname="backend.tests.test_enterprise_noc_modules.TestIntelligencePatchCompliance" name="test_list_patch_status" time="0.116" /><testcase classname="backend.tests.test_enterprise_noc_modules.TestIntelligencePatchCompliance" name="test_patch_compliance_percentage" time="0.124" /><testcase classname="backend.tests.test_enterprise_noc_modules.TestIntelligencePredictive" name="test_predictive_overview" time="0.138" /><testcase classname="backend.tests.test_enterprise_noc_modules.TestIntelligencePredictive" name="test_predictive_single_device" time="0.142" /><testcase classname="backend.tests.test_enterprise_noc_modules.TestRBACRemediation" name="test_viewer_cannot_create_script" time="0.306" /><testcase classname="backend.tests.test_enterprise_noc_modules.TestRBACRemediation" name="test_viewer_cannot_create_rule" time="0.105" /><testcase classname="backend.tests.test_enterprise_noc_modules.TestRBACLifecycle" name="test_viewer_cannot_delete_record" time="0.182" /><testcase classname="backend.tests.test_enterprise_noc_modules.TestRBACIntelligence" name="test_viewer_cannot_bulk_triage" time="0.114" /><testcase classname="backend.tests.test_enterprise_noc_modules.TestRemediationEvaluatorIntegration" name="test_alert_creation_does_not_crash_evaluator" time="0.420" /><testcase classname="backend.tests.test_enterprise_noc_modules.TestCleanup" name="test_cleanup_test_data" time="1.573" /></testsuite></testsuites>