<?xml version="1.0" encoding="utf-8"?><testsuites name="pytest tests"><testsuite name="pytest" errors="0" failures="0" skipped="0" tests="12" time="2.593" timestamp="2026-03-27T15:57:52.776580+00:00" hostname="agent-env-9e7b2117-a1fb-4373-abe7-a60400334c9c"><testcase classname="tests.test_security_audit_dashboard.TestSecurityDashboardEndpoint" name="test_security_dashboard_requires_auth" time="0.244" /><testcase classname="tests.test_security_audit_dashboard.TestSecurityDashboardEndpoint" name="test_security_dashboard_admin_access" time="0.339" /><testcase classname="tests.test_security_audit_dashboard.TestSecurityDashboardEndpoint" name="test_security_dashboard_non_admin_forbidden" time="0.761" /><testcase classname="tests.test_security_audit_dashboard.TestSecurityDashboardEndpoint" name="test_security_dashboard_response_structure" time="0.164" /><testcase classname="tests.test_security_audit_dashboard.TestSecurityDashboardEndpoint" name="test_security_dashboard_stats_fields" time="0.128" /><testcase classname="tests.test_security_audit_dashboard.TestSecurityDashboardEndpoint" name="test_security_dashboard_failed_logins_structure" time="0.134" /><testcase classname="tests.test_security_audit_dashboard.TestSecurityDashboardEndpoint" name="test_security_dashboard_suspicious_ips_structure" time="0.108" /><testcase classname="tests.test_security_audit_dashboard.TestSecurityDashboardEndpoint" name="test_security_dashboard_timeline_structure" time="0.127" /><testcase classname="tests.test_security_audit_dashboard.TestSecurityDashboardEndpoint" name="test_security_dashboard_critical_events_structure" time="0.119" /><testcase classname="tests.test_security_audit_dashboard.TestSecurityDashboardEndpoint" name="test_security_dashboard_locked_accounts_structure" time="0.113" /><testcase classname="tests.test_security_audit_dashboard.TestSecurityDashboardDataIntegrity" name="test_stats_values_are_numeric" time="0.124" /><testcase classname="tests.test_security_audit_dashboard.TestSecurityDashboardDataIntegrity" name="test_twofa_coverage_format" time="0.120" /></testsuite></testsuites>