<?xml version="1.0" encoding="utf-8"?><testsuites name="pytest tests"><testsuite name="pytest" errors="0" failures="0" skipped="0" tests="27" time="14.226" timestamp="2026-03-27T17:48:13.789924+00:00" hostname="agent-env-9e7b2117-a1fb-4373-abe7-a60400334c9c"><testcase classname="backend.tests.test_redfish_failover.TestVaultCredentialsWithExternalUrl" name="test_list_credentials_returns_masked_passwords" time="0.421" /><testcase classname="backend.tests.test_redfish_failover.TestVaultCredentialsWithExternalUrl" name="test_get_existing_ilo_credential_decrypted" time="0.165" /><testcase classname="backend.tests.test_redfish_failover.TestVaultCredentialsWithExternalUrl" name="test_create_credential_with_external_url" time="0.388" /><testcase classname="backend.tests.test_redfish_failover.TestVaultCredentialsWithExternalUrl" name="test_get_nonexistent_credential_returns_404" time="0.107" /><testcase classname="backend.tests.test_redfish_failover.TestDirectPollToggle" name="test_enable_direct_poll" time="0.129" /><testcase classname="backend.tests.test_redfish_failover.TestDirectPollToggle" name="test_disable_direct_poll" time="0.113" /><testcase classname="backend.tests.test_redfish_failover.TestDirectPollToggle" name="test_set_external_url_via_direct_poll" time="0.159" /><testcase classname="backend.tests.test_redfish_failover.TestDirectPollToggle" name="test_direct_poll_nonexistent_credential_returns_404" time="0.117" /><testcase classname="backend.tests.test_redfish_failover.TestDirectPollToggle" name="test_direct_poll_empty_body_returns_400" time="0.144" /><testcase classname="backend.tests.test_redfish_failover.TestRedfishFailoverStatus" name="test_get_failover_status" time="0.121" /><testcase classname="backend.tests.test_redfish_failover.TestRedfishFailoverStatus" name="test_failover_status_requires_admin" time="0.281" /><testcase classname="backend.tests.test_redfish_failover.TestRedfishTestConnection" name="test_test_connection_returns_error_gracefully" time="10.143" /><testcase classname="backend.tests.test_redfish_failover.TestRedfishTestConnection" name="test_test_connection_missing_url_returns_400" time="0.147" /><testcase classname="backend.tests.test_redfish_failover.TestRedfishTestConnection" name="test_test_connection_requires_admin" time="0.104" /><testcase classname="backend.tests.test_redfish_failover.TestRedfishPollNow" name="test_trigger_manual_poll" time="0.117" /><testcase classname="backend.tests.test_redfish_failover.TestRedfishPollNow" name="test_poll_now_requires_admin" time="0.122" /><testcase classname="backend.tests.test_redfish_failover.TestConnectorVaultCredentials" name="test_connector_fetches_credentials_with_api_key" time="0.112" /><testcase classname="backend.tests.test_redfish_failover.TestConnectorVaultCredentials" name="test_connector_requires_api_key" time="0.112" /><testcase classname="backend.tests.test_redfish_failover.TestConnectorVaultCredentials" name="test_connector_rejects_invalid_api_key" time="0.150" /><testcase classname="backend.tests.test_redfish_failover.TestRoleBasedAccess" name="test_vault_list_requires_admin" time="0.110" /><testcase classname="backend.tests.test_redfish_failover.TestRoleBasedAccess" name="test_vault_get_requires_admin" time="0.178" /><testcase classname="backend.tests.test_redfish_failover.TestRoleBasedAccess" name="test_vault_create_requires_admin" time="0.105" /><testcase classname="backend.tests.test_redfish_failover.TestRoleBasedAccess" name="test_vault_update_requires_admin" time="0.108" /><testcase classname="backend.tests.test_redfish_failover.TestRoleBasedAccess" name="test_vault_delete_requires_admin" time="0.125" /><testcase classname="backend.tests.test_redfish_failover.TestRoleBasedAccess" name="test_direct_poll_requires_admin" time="0.105" /><testcase classname="backend.tests.test_redfish_failover.TestEncryptionKeyPersistence" name="test_existing_credentials_decrypt_correctly" time="0.123" /><testcase classname="backend.tests.test_redfish_failover.TestEncryptionKeyPersistence" name="test_existing_snmp_credential_decrypts" time="0.123" /></testsuite></testsuites>