<?xml version="1.0" encoding="utf-8"?><testsuites name="pytest tests"><testsuite name="pytest" errors="4" failures="0" skipped="0" tests="24" time="7.116" timestamp="2026-03-30T21:17:01.376821+00:00" hostname="agent-env-9e7b2117-a1fb-4373-abe7-a60400334c9c"><testcase classname="backend.tests.test_vulnerability_assessment.TestVulnerabilityAssessment" name="test_dashboard_returns_200" time="0.301" /><testcase classname="backend.tests.test_vulnerability_assessment.TestVulnerabilityAssessment" name="test_dashboard_has_required_fields" time="0.300" /><testcase classname="backend.tests.test_vulnerability_assessment.TestVulnerabilityAssessment" name="test_dashboard_overall_score_valid" time="0.353" /><testcase classname="backend.tests.test_vulnerability_assessment.TestVulnerabilityAssessment" name="test_dashboard_risk_level_valid" time="0.303" /><testcase classname="backend.tests.test_vulnerability_assessment.TestVulnerabilityAssessment" name="test_dashboard_severity_counts_structure" time="0.329" /><testcase classname="backend.tests.test_vulnerability_assessment.TestVulnerabilityAssessment" name="test_dashboard_devices_array" time="0.345" /><testcase classname="backend.tests.test_vulnerability_assessment.TestVulnerabilityAssessment" name="test_dashboard_vulnerabilities_array" time="0.268" /><testcase classname="backend.tests.test_vulnerability_assessment.TestVulnerabilityAssessment" name="test_dashboard_remediation_summary" time="0.272" /><testcase classname="backend.tests.test_vulnerability_assessment.TestVulnerabilityAssessment" name="test_dashboard_vulnerabilities_sorted_by_severity" time="0.298" /><testcase classname="backend.tests.test_vulnerability_assessment.TestVulnerabilityAssessment" name="test_device_detail_returns_200" time="0.376" /><testcase classname="backend.tests.test_vulnerability_assessment.TestVulnerabilityAssessment" name="test_device_detail_has_required_fields" time="0.322" /><testcase classname="backend.tests.test_vulnerability_assessment.TestVulnerabilityAssessment" name="test_device_detail_404_for_invalid_ip" time="0.474" /><testcase classname="backend.tests.test_vulnerability_assessment.TestVulnerabilityAssessment" name="test_run_scan_returns_200" time="0.324" /><testcase classname="backend.tests.test_vulnerability_assessment.TestVulnerabilityAssessment" name="test_run_scan_returns_scan_result" time="0.247" /><testcase classname="backend.tests.test_vulnerability_assessment.TestVulnerabilityAssessment" name="test_run_scan_404_for_invalid_client" time="0.317" /><testcase classname="backend.tests.test_vulnerability_assessment.TestVulnerabilityAssessment" name="test_history_returns_200" time="0.387" /><testcase classname="backend.tests.test_vulnerability_assessment.TestVulnerabilityAssessment" name="test_history_returns_array" time="0.296" /><testcase classname="backend.tests.test_vulnerability_assessment.TestVulnerabilityAssessment" name="test_history_scan_has_required_fields" time="0.350" /><testcase classname="backend.tests.test_vulnerability_assessment.TestVulnerabilityAssessment" name="test_detects_risky_ports" time="0.277" /><testcase classname="backend.tests.test_vulnerability_assessment.TestVulnerabilityAssessment" name="test_detects_default_snmp_community" time="0.310" /><testcase classname="backend.tests.test_vulnerability_assessment.TestVulnerabilityAssessment" name="test_detects_http_without_https" time="0.120"><error message="failed on setup with &quot;AssertionError: Login failed: {&quot;error&quot;:&quot;Rate limit exceeded: 10 per 1 minute&quot;}&#10;assert 429 == 200&#10; +  where 429 = &lt;Response [429]&gt;.status_code&quot;">backend/tests/test_vulnerability_assessment.py:26: in setup
    assert login_response.status_code == 200, f"Login failed: {login_response.text}"
E   AssertionError: Login failed: {"error":"Rate limit exceeded: 10 per 1 minute"}
E   assert 429 == 200
E    +  where 429 = &lt;Response [429]&gt;.status_code</error></testcase><testcase classname="backend.tests.test_vulnerability_assessment.TestVulnerabilityAssessment" name="test_detects_weak_protocols" time="0.123"><error message="failed on setup with &quot;AssertionError: Login failed: {&quot;error&quot;:&quot;Rate limit exceeded: 10 per 1 minute&quot;}&#10;assert 429 == 200&#10; +  where 429 = &lt;Response [429]&gt;.status_code&quot;">backend/tests/test_vulnerability_assessment.py:26: in setup
    assert login_response.status_code == 200, f"Login failed: {login_response.text}"
E   AssertionError: Login failed: {"error":"Rate limit exceeded: 10 per 1 minute"}
E   assert 429 == 200
E    +  where 429 = &lt;Response [429]&gt;.status_code</error></testcase><testcase classname="backend.tests.test_vulnerability_assessment.TestVulnerabilityAssessment" name="test_dashboard_requires_auth" time="0.142"><error message="failed on setup with &quot;AssertionError: Login failed: {&quot;error&quot;:&quot;Rate limit exceeded: 10 per 1 minute&quot;}&#10;assert 429 == 200&#10; +  where 429 = &lt;Response [429]&gt;.status_code&quot;">backend/tests/test_vulnerability_assessment.py:26: in setup
    assert login_response.status_code == 200, f"Login failed: {login_response.text}"
E   AssertionError: Login failed: {"error":"Rate limit exceeded: 10 per 1 minute"}
E   assert 429 == 200
E    +  where 429 = &lt;Response [429]&gt;.status_code</error></testcase><testcase classname="backend.tests.test_vulnerability_assessment.TestVulnerabilityAssessment" name="test_run_scan_requires_auth" time="0.103"><error message="failed on setup with &quot;AssertionError: Login failed: {&quot;error&quot;:&quot;Rate limit exceeded: 10 per 1 minute&quot;}&#10;assert 429 == 200&#10; +  where 429 = &lt;Response [429]&gt;.status_code&quot;">backend/tests/test_vulnerability_assessment.py:26: in setup
    assert login_response.status_code == 200, f"Login failed: {login_response.text}"
E   AssertionError: Login failed: {"error":"Rate limit exceeded: 10 per 1 minute"}
E   assert 429 == 200
E    +  where 429 = &lt;Response [429]&gt;.status_code</error></testcase></testsuite></testsuites>