<?xml version="1.0" encoding="utf-8"?><testsuites name="pytest tests"><testsuite name="pytest" errors="0" failures="0" skipped="0" tests="9" time="3.536" timestamp="2026-03-29T09:58:25.823805+00:00" hostname="agent-env-9e7b2117-a1fb-4373-abe7-a60400334c9c"><testcase classname="backend.tests.test_topology_layout.TestTopologyLayoutEndpoints" name="test_get_topology_returns_200" time="0.266" /><testcase classname="backend.tests.test_topology_layout.TestTopologyLayoutEndpoints" name="test_get_topology_has_required_fields" time="0.247" /><testcase classname="backend.tests.test_topology_layout.TestTopologyLayoutEndpoints" name="test_get_topology_health_score" time="0.336" /><testcase classname="backend.tests.test_topology_layout.TestTopologyLayoutEndpoints" name="test_save_layout_returns_200" time="0.397" /><testcase classname="backend.tests.test_topology_layout.TestTopologyLayoutEndpoints" name="test_after_save_has_custom_layout_true" time="0.453" /><testcase classname="backend.tests.test_topology_layout.TestTopologyLayoutEndpoints" name="test_reset_layout_returns_200" time="0.242" /><testcase classname="backend.tests.test_topology_layout.TestTopologyLayoutEndpoints" name="test_after_reset_has_custom_layout_false" time="0.346" /><testcase classname="backend.tests.test_topology_layout.TestTopologyLayoutEndpoints" name="test_topology_requires_auth" time="0.427" /><testcase classname="backend.tests.test_topology_layout.TestTopologyLayoutEndpoints" name="test_full_save_reset_cycle" time="0.772" /></testsuite></testsuites>