<?xml version="1.0" encoding="utf-8"?><testsuites name="pytest tests"><testsuite name="pytest" errors="0" failures="0" skipped="0" tests="12" time="2.011" timestamp="2026-03-30T11:27:34.261664+00:00" hostname="agent-env-9e7b2117-a1fb-4373-abe7-a60400334c9c"><testcase classname="backend.tests.test_iteration_30.TestNetgearNameAbbreviation" name="test_topology_has_abbreviated_netgear_names" time="0.389" /><testcase classname="backend.tests.test_iteration_30.TestMacEnrichment" name="test_topology_nodes_have_mac_field" time="0.111" /><testcase classname="backend.tests.test_iteration_30.TestDeviceDetailEndpoint" name="test_device_detail_returns_switch_info" time="0.155" /><testcase classname="backend.tests.test_iteration_30.TestDeviceDetailEndpoint" name="test_device_detail_returns_port_speeds" time="0.160" /><testcase classname="backend.tests.test_iteration_30.TestDeviceDetailEndpoint" name="test_device_detail_returns_connected_endpoints" time="0.112" /><testcase classname="backend.tests.test_iteration_30.TestDeviceDetailEndpoint" name="test_device_detail_returns_lldp_neighbors" time="0.123" /><testcase classname="backend.tests.test_iteration_30.TestDeviceDetailEndpoint" name="test_device_detail_404_for_unknown_device" time="0.098" /><testcase classname="backend.tests.test_iteration_30.TestAddToMonitoring" name="test_add_to_monitoring_duplicate_returns_409" time="0.106" /><testcase classname="backend.tests.test_iteration_30.TestAddToMonitoring" name="test_add_to_monitoring_missing_fields_returns_400" time="0.135" /><testcase classname="backend.tests.test_iteration_30.TestAddToMonitoring" name="test_add_new_endpoint_to_monitoring" time="0.255" /><testcase classname="backend.tests.test_iteration_30.TestTopologyDiscoveredEndpoints" name="test_topology_has_discovered_endpoints" time="0.115" /><testcase classname="backend.tests.test_iteration_30.TestTopologyDiscoveredEndpoints" name="test_discovered_endpoints_have_required_fields" time="0.111" /></testsuite></testsuites>