<?xml version="1.0" encoding="utf-8"?><testsuites name="pytest tests"><testsuite name="pytest" errors="0" failures="0" skipped="0" tests="19" time="2.932" timestamp="2026-05-03T11:41:43.944225+00:00" hostname="agent-env-258f9f30-d445-4e1e-ac0d-fbcfecaf2431"><testcase classname="backend.tests.test_manual_mac_binding.TestMacBindingCreateValidation" name="test_post_missing_name" time="0.436" /><testcase classname="backend.tests.test_manual_mac_binding.TestMacBindingCreateValidation" name="test_post_missing_ip" time="0.156" /><testcase classname="backend.tests.test_manual_mac_binding.TestMacBindingCreateValidation" name="test_post_invalid_mac" time="0.139" /><testcase classname="backend.tests.test_manual_mac_binding.TestMacBindingCreateValidation" name="test_post_invalid_ip" time="0.097" /><testcase classname="backend.tests.test_manual_mac_binding.TestMacBindingCreateAndUpdate" name="test_create_with_also_create_managed_device" time="0.150" /><testcase classname="backend.tests.test_manual_mac_binding.TestMacBindingCreateAndUpdate" name="test_update_same_mac_no_duplicate" time="0.154" /><testcase classname="backend.tests.test_manual_mac_binding.TestMacBindingCreateAndUpdate" name="test_post_lowercase_mac_normalized_to_upper" time="0.107" /><testcase classname="backend.tests.test_manual_mac_binding.TestMacBindingList" name="test_list_all_no_filter" time="0.144" /><testcase classname="backend.tests.test_manual_mac_binding.TestMacBindingList" name="test_list_filtered_by_client_id" time="0.108" /><testcase classname="backend.tests.test_manual_mac_binding.TestMacBindingList" name="test_list_filtered_unknown_client_returns_empty" time="0.119" /><testcase classname="backend.tests.test_manual_mac_binding.TestSwitchPortsManualBindingPriority" name="test_top_level_device_name_and_client_id" time="0.104" /><testcase classname="backend.tests.test_manual_mac_binding.TestSwitchPortsManualBindingPriority" name="test_port_with_manual_binding_match_source_mac_manual" time="0.147" /><testcase classname="backend.tests.test_manual_mac_binding.TestSwitchPortsManualBindingPriority" name="test_lldp_wins_over_manual_binding_on_same_port" time="0.212" /><testcase classname="backend.tests.test_manual_mac_binding.TestSwitchPortsManualBindingPriority" name="test_regression_mac_oui_unchanged_without_binding" time="0.152" /><testcase classname="backend.tests.test_manual_mac_binding.TestSwitchPortsManualBindingPriority" name="test_regression_mac_unknown_unchanged_without_binding" time="0.116" /><testcase classname="backend.tests.test_manual_mac_binding.TestSwitchPortsManualBindingPriority" name="test_regression_mac_managed_unchanged_without_binding" time="0.103" /><testcase classname="backend.tests.test_manual_mac_binding.TestMacBindingDelete" name="test_delete_existing_unsets_endpoint_overrides" time="0.110" /><testcase classname="backend.tests.test_manual_mac_binding.TestMacBindingDelete" name="test_delete_nonexistent_returns_404" time="0.105" /><testcase classname="backend.tests.test_manual_mac_binding.TestMacBindingDelete" name="test_after_delete_port_falls_back_to_default_neighbor" time="0.119" /></testsuite></testsuites>