<?xml version="1.0" encoding="utf-8"?><testsuites name="pytest tests"><testsuite name="pytest" errors="0" failures="0" skipped="0" tests="19" time="4.860" timestamp="2026-03-27T18:24:32.401924+00:00" hostname="agent-env-9e7b2117-a1fb-4373-abe7-a60400334c9c"><testcase classname="tests.test_advanced_ping_metrics.TestDeviceReportWithAdvancedPingMetrics" name="test_device_report_with_ping_stats" time="0.336" /><testcase classname="tests.test_advanced_ping_metrics.TestDeviceReportWithAdvancedPingMetrics" name="test_device_report_with_open_ports" time="0.114" /><testcase classname="tests.test_advanced_ping_metrics.TestDeviceReportWithAdvancedPingMetrics" name="test_device_report_with_http_details" time="0.134" /><testcase classname="tests.test_advanced_ping_metrics.TestDeviceReportWithAdvancedPingMetrics" name="test_device_report_with_all_advanced_fields" time="0.195" /><testcase classname="tests.test_advanced_ping_metrics.TestDeviceReportWithAdvancedPingMetrics" name="test_device_report_requires_api_key" time="0.111" /><testcase classname="tests.test_advanced_ping_metrics.TestDeviceReportWithAdvancedPingMetrics" name="test_device_report_invalid_api_key" time="0.115" /><testcase classname="tests.test_advanced_ping_metrics.TestDevicePollStatusRetrieval" name="test_get_device_poll_status_includes_ping_stats" time="0.263" /><testcase classname="tests.test_advanced_ping_metrics.TestDeviceMetricsHistory" name="test_metrics_history_stores_ping_data" time="0.398" /><testcase classname="tests.test_advanced_ping_metrics.TestResetUpdateStatus" name="test_reset_update_status_requires_admin" time="0.555" /><testcase classname="tests.test_advanced_ping_metrics.TestResetUpdateStatus" name="test_reset_update_status_admin_success" time="0.213" /><testcase classname="tests.test_advanced_ping_metrics.TestResetUpdateStatus" name="test_reset_update_status_not_found" time="0.115" /><testcase classname="tests.test_advanced_ping_metrics.TestVaultRegression" name="test_vault_credentials_list" time="0.293" /><testcase classname="tests.test_advanced_ping_metrics.TestVaultRegression" name="test_vault_requires_admin" time="0.272" /><testcase classname="tests.test_advanced_ping_metrics.TestVaultRegression" name="test_connector_vault_credentials" time="0.114" /><testcase classname="tests.test_advanced_ping_metrics.TestRedfishFailoverRegression" name="test_redfish_failover_status" time="0.270" /><testcase classname="tests.test_advanced_ping_metrics.TestPowerControlRegression" name="test_power_action_requires_admin" time="0.287" /><testcase classname="tests.test_advanced_ping_metrics.TestPowerControlRegression" name="test_power_state_requires_admin" time="0.108" /><testcase classname="tests.test_advanced_ping_metrics.TestPowerControlRegression" name="test_wake_on_lan_requires_admin" time="0.114" /><testcase classname="tests.test_advanced_ping_metrics.TestCleanup" name="test_cleanup_test_devices" time="0.778" /></testsuite></testsuites>