<?xml version="1.0" encoding="utf-8"?><testsuites name="pytest tests"><testsuite name="pytest" errors="0" failures="2" skipped="1" tests="17" time="7.343" timestamp="2026-03-27T16:34:49.770695+00:00" hostname="agent-env-9e7b2117-a1fb-4373-abe7-a60400334c9c"><testcase classname="backend.tests.test_ip_blocking.TestIPBlockingSystem" name="test_get_blocked_ips_returns_active_and_history" time="0.480" /><testcase classname="backend.tests.test_ip_blocking.TestIPBlockingSystem" name="test_block_ip_success" time="0.415" /><testcase classname="backend.tests.test_ip_blocking.TestIPBlockingSystem" name="test_block_ip_permanent" time="0.476" /><testcase classname="backend.tests.test_ip_blocking.TestIPBlockingSystem" name="test_block_ip_requires_ip" time="0.384" /><testcase classname="backend.tests.test_ip_blocking.TestIPBlockingSystem" name="test_unblock_ip_success" time="0.466" /><testcase classname="backend.tests.test_ip_blocking.TestIPBlockingSystem" name="test_unblock_ip_requires_ip" time="0.434" /><testcase classname="backend.tests.test_ip_blocking.TestIPBlockingSystem" name="test_get_ip_block_config_returns_defaults" time="0.370" /><testcase classname="backend.tests.test_ip_blocking.TestIPBlockingSystem" name="test_save_ip_block_config" time="0.538" /><testcase classname="backend.tests.test_ip_blocking.TestIPBlockingSystem" name="test_whitelisted_ip_cannot_be_blocked" time="0.849" /><testcase classname="backend.tests.test_ip_blocking.TestIPBlockingSystem" name="test_security_dashboard_includes_blocked_ips_stat" time="0.365" /><testcase classname="backend.tests.test_ip_blocking.TestIPBlockingNonAdmin" name="test_non_admin_gets_403_on_blocked_ips" time="0.424" /><testcase classname="backend.tests.test_ip_blocking.TestIPBlockingNonAdmin" name="test_non_admin_gets_403_on_block_ip" time="0.529" /><testcase classname="backend.tests.test_ip_blocking.TestIPBlockingNonAdmin" name="test_non_admin_gets_403_on_unblock_ip" time="0.446" /><testcase classname="backend.tests.test_ip_blocking.TestIPBlockingNonAdmin" name="test_non_admin_gets_403_on_ip_block_config" time="0.443" /><testcase classname="backend.tests.test_ip_blocking.TestIPBlockingNonAdmin" name="test_non_admin_gets_403_on_save_config" time="0.387"><skipped type="pytest.skip" message="Operator user not available">/app/backend/tests/test_ip_blocking.py:347: Operator user not available</skipped></testcase><testcase classname="backend.tests.test_ip_blocking.TestLoginAfterIPBlockMiddleware" name="test_login_works_correctly" time="0.124"><failure message="AssertionError: Login should work, got 429: {&quot;error&quot;:&quot;Rate limit exceeded: 10 per 1 minute&quot;}&#10;assert 429 == 200&#10; +  where 429 = &lt;Response [429]&gt;.status_code">backend/tests/test_ip_blocking.py:369: in test_login_works_correctly
    assert resp.status_code == 200, f"Login should work, got {resp.status_code}: {resp.text}"
E   AssertionError: Login should work, got 429: {"error":"Rate limit exceeded: 10 per 1 minute"}
E   assert 429 == 200
E    +  where 429 = &lt;Response [429]&gt;.status_code</failure></testcase><testcase classname="backend.tests.test_ip_blocking.TestLoginAfterIPBlockMiddleware" name="test_invalid_login_returns_401" time="0.111"><failure message="AssertionError: Invalid login should return 401, got 429: {&quot;error&quot;:&quot;Rate limit exceeded: 10 per 1 minute&quot;}&#10;assert 429 == 401&#10; +  where 429 = &lt;Response [429]&gt;.status_code">backend/tests/test_ip_blocking.py:385: in test_invalid_login_returns_401
    assert resp.status_code == 401, f"Invalid login should return 401, got {resp.status_code}: {resp.text}"
E   AssertionError: Invalid login should return 401, got 429: {"error":"Rate limit exceeded: 10 per 1 minute"}
E   assert 429 == 401
E    +  where 429 = &lt;Response [429]&gt;.status_code</failure></testcase></testsuite></testsuites>