<?xml version="1.0" encoding="utf-8"?><testsuites name="pytest tests"><testsuite name="pytest" errors="0" failures="1" skipped="0" tests="11" time="2.378" timestamp="2026-03-30T21:53:02.439061+00:00" hostname="agent-env-9e7b2117-a1fb-4373-abe7-a60400334c9c"><testcase classname="backend.tests.test_va_pdf_report.TestVAPDFReportEndpoint" name="test_report_requires_authentication" time="0.232"><failure message="AssertionError: Expected 401, got 403&#10;assert 403 == 401&#10; +  where 403 = &lt;Response [403]&gt;.status_code">backend/tests/test_va_pdf_report.py:44: in test_report_requires_authentication
    assert response.status_code == 401, f"Expected 401, got {response.status_code}"
E   AssertionError: Expected 401, got 403
E   assert 403 == 401
E    +  where 403 = &lt;Response [403]&gt;.status_code</failure></testcase><testcase classname="backend.tests.test_va_pdf_report.TestVAPDFReportEndpoint" name="test_report_returns_pdf" time="0.409" /><testcase classname="backend.tests.test_va_pdf_report.TestVAPDFReportEndpoint" name="test_report_has_content_disposition" time="0.265" /><testcase classname="backend.tests.test_va_pdf_report.TestVAPDFReportEndpoint" name="test_report_pdf_content_valid" time="0.252" /><testcase classname="backend.tests.test_va_pdf_report.TestVAPDFReportEndpoint" name="test_report_pdf_has_reasonable_size" time="0.237" /><testcase classname="backend.tests.test_va_pdf_report.TestVAPDFReportEndpoint" name="test_report_invalid_client_returns_404" time="0.117" /><testcase classname="backend.tests.test_va_pdf_report.TestVADashboardStillWorks" name="test_dashboard_endpoint" time="0.126" /><testcase classname="backend.tests.test_va_pdf_report.TestVADashboardStillWorks" name="test_history_endpoint" time="0.151" /><testcase classname="backend.tests.test_va_pdf_report.TestVADashboardStillWorks" name="test_device_endpoint" time="0.278" /><testcase classname="backend.tests.test_va_pdf_report.TestVADashboardStillWorks" name="test_request_scan_endpoint_exists" time="0.114" /><testcase classname="backend.tests.test_va_pdf_report.TestVADashboardStillWorks" name="test_scan_status_endpoint" time="0.123" /></testsuite></testsuites>