<?xml version="1.0" encoding="utf-8"?><testsuites name="pytest tests"><testsuite name="pytest" errors="0" failures="0" skipped="0" tests="16" time="2.864" timestamp="2026-03-28T09:57:15.385824+00:00" hostname="agent-env-9e7b2117-a1fb-4373-abe7-a60400334c9c"><testcase classname="tests.test_refactoring_validation.TestHealthAndRoot" name="test_health_endpoint" time="0.173" /><testcase classname="tests.test_refactoring_validation.TestHealthAndRoot" name="test_root_endpoint" time="0.100" /><testcase classname="tests.test_refactoring_validation.TestAuthentication" name="test_login_valid_credentials" time="0.140" /><testcase classname="tests.test_refactoring_validation.TestAuthentication" name="test_login_invalid_credentials" time="0.127" /><testcase classname="tests.test_refactoring_validation.TestAuthentication" name="test_get_current_user" time="0.235" /><testcase classname="tests.test_refactoring_validation.TestAuthentication" name="test_auth_without_token" time="0.099" /><testcase classname="tests.test_refactoring_validation.TestClients" name="test_list_clients" time="0.236" /><testcase classname="tests.test_refactoring_validation.TestDevices" name="test_list_devices" time="0.240" /><testcase classname="tests.test_refactoring_validation.TestAlerts" name="test_list_alerts" time="0.259" /><testcase classname="tests.test_refactoring_validation.TestAlerts" name="test_stats_summary" time="0.098" /><testcase classname="tests.test_refactoring_validation.TestConnector" name="test_connector_status" time="0.247" /><testcase classname="tests.test_refactoring_validation.TestConnector" name="test_device_poll_status" time="0.104" /><testcase classname="tests.test_refactoring_validation.TestConnector" name="test_connector_update_info" time="0.094" /><testcase classname="tests.test_refactoring_validation.TestSettings" name="test_notification_settings" time="0.251" /><testcase classname="tests.test_refactoring_validation.TestAudit" name="test_audit_logs" time="0.253" /><testcase classname="tests.test_refactoring_validation.TestSecurityHeaders" name="test_security_headers_present" time="0.101" /></testsuite></testsuites>