<?xml version="1.0" encoding="utf-8"?><testsuites name="pytest tests"><testsuite name="pytest" errors="0" failures="0" skipped="0" tests="13" time="5.222" timestamp="2026-03-27T10:51:04.548494+00:00" hostname="agent-env-9e7b2117-a1fb-4373-abe7-a60400334c9c"><testcase classname="backend.tests.test_web_proxy.TestAuthentication" name="test_admin_login" time="0.251" /><testcase classname="backend.tests.test_web_proxy.TestWebProxyEndpoints" name="test_create_web_proxy_request_success" time="0.303" /><testcase classname="backend.tests.test_web_proxy.TestWebProxyEndpoints" name="test_create_web_proxy_request_non_managed_device" time="0.247" /><testcase classname="backend.tests.test_web_proxy.TestWebProxyEndpoints" name="test_get_pending_requests_with_api_key" time="0.350" /><testcase classname="backend.tests.test_web_proxy.TestWebProxyEndpoints" name="test_get_pending_requests_without_api_key" time="0.251" /><testcase classname="backend.tests.test_web_proxy.TestWebProxyEndpoints" name="test_submit_web_proxy_response" time="0.481" /><testcase classname="backend.tests.test_web_proxy.TestWebProxyEndpoints" name="test_get_web_proxy_response" time="0.547" /><testcase classname="backend.tests.test_web_proxy.TestWebProxySecurity" name="test_viewer_cannot_create_web_proxy_request" time="0.626" /><testcase classname="backend.tests.test_web_proxy.TestWebProxySecurity" name="test_operator_can_create_web_proxy_request" time="0.611" /><testcase classname="backend.tests.test_web_proxy.TestMonitorTypeSwitching" name="test_change_monitor_type_to_ping" time="0.230" /><testcase classname="backend.tests.test_web_proxy.TestMonitorTypeSwitching" name="test_change_monitor_type_to_snmp" time="0.283" /><testcase classname="backend.tests.test_web_proxy.TestMonitorTypeSwitching" name="test_verify_monitor_type_persisted" time="0.364" /><testcase classname="backend.tests.test_web_proxy.TestCleanup" name="test_cleanup_test_users" time="0.562" /></testsuite></testsuites>