<?xml version="1.0" encoding="utf-8"?><testsuites name="pytest tests"><testsuite name="pytest" errors="0" failures="0" skipped="0" tests="28" time="7.441" timestamp="2026-03-27T17:30:29.642979+00:00" hostname="agent-env-9e7b2117-a1fb-4373-abe7-a60400334c9c"><testcase classname="tests.test_vault.TestVaultAuth" name="test_login_admin_success" time="0.232" /><testcase classname="tests.test_vault.TestVaultAuth" name="test_vault_list_requires_auth" time="0.100" /><testcase classname="tests.test_vault.TestVaultAuth" name="test_vault_create_requires_auth" time="0.129" /><testcase classname="tests.test_vault.TestVaultCRUD" name="test_create_credential_returns_id" time="0.443" /><testcase classname="tests.test_vault.TestVaultCRUD" name="test_list_credentials_returns_masked_passwords" time="0.517" /><testcase classname="tests.test_vault.TestVaultCRUD" name="test_get_credential_returns_decrypted" time="0.381" /><testcase classname="tests.test_vault.TestVaultCRUD" name="test_update_credential" time="0.489" /><testcase classname="tests.test_vault.TestVaultCRUD" name="test_delete_credential" time="0.341" /><testcase classname="tests.test_vault.TestVaultCRUD" name="test_get_nonexistent_credential_returns_404" time="0.108" /><testcase classname="tests.test_vault.TestVaultCRUD" name="test_delete_nonexistent_credential_returns_404" time="0.103" /><testcase classname="tests.test_vault.TestVaultAccessControl" name="test_non_admin_cannot_list_credentials" time="0.293" /><testcase classname="tests.test_vault.TestVaultAccessControl" name="test_non_admin_cannot_create_credential" time="0.129" /><testcase classname="tests.test_vault.TestVaultAccessControl" name="test_non_admin_cannot_get_credential" time="0.114" /><testcase classname="tests.test_vault.TestVaultAccessControl" name="test_non_admin_cannot_update_credential" time="0.119" /><testcase classname="tests.test_vault.TestVaultAccessControl" name="test_non_admin_cannot_delete_credential" time="0.115" /><testcase classname="tests.test_vault.TestVaultCredentialTypes" name="test_create_credential_type[ilo]" time="0.559" /><testcase classname="tests.test_vault.TestVaultCredentialTypes" name="test_create_credential_type[ssh]" time="0.339" /><testcase classname="tests.test_vault.TestVaultCredentialTypes" name="test_create_credential_type[snmp]" time="0.353" /><testcase classname="tests.test_vault.TestVaultCredentialTypes" name="test_create_credential_type[web]" time="0.363" /><testcase classname="tests.test_vault.TestVaultCredentialTypes" name="test_create_credential_type[vpn]" time="0.323" /><testcase classname="tests.test_vault.TestVaultCredentialTypes" name="test_create_credential_type[other]" time="0.367" /><testcase classname="tests.test_vault.TestExistingVaultCredentials" name="test_list_existing_credentials" time="0.331" /><testcase classname="tests.test_connector_vault.TestConnectorVaultEndpoint" name="test_connector_vault_requires_api_key" time="0.123" /><testcase classname="tests.test_connector_vault.TestConnectorVaultEndpoint" name="test_connector_vault_invalid_api_key" time="0.112" /><testcase classname="tests.test_connector_vault.TestConnectorVaultEndpoint" name="test_connector_vault_returns_decrypted_credentials" time="0.110" /><testcase classname="tests.test_connector_vault.TestConnectorVaultEndpoint" name="test_connector_vault_returns_existing_credentials" time="0.112" /><testcase classname="tests.test_connector_vault.TestConnectorVaultEndpoint" name="test_connector_vault_create_and_fetch" time="0.559" /><testcase classname="tests.test_connector_vault.TestVaultPersistenceAfterRestart" name="test_existing_credentials_decrypt_correctly" time="0.108" /></testsuite></testsuites>