<?xml version="1.0" encoding="utf-8"?><testsuites name="pytest tests"><testsuite name="pytest" errors="0" failures="0" skipped="0" tests="19" time="3.171" timestamp="2026-03-27T17:58:27.187452+00:00" hostname="agent-env-9e7b2117-a1fb-4373-abe7-a60400334c9c"><testcase classname="tests.test_power_control_wol.TestPowerAction" name="test_power_action_returns_error_gracefully" time="0.372" /><testcase classname="tests.test_power_control_wol.TestPowerAction" name="test_power_action_requires_action_field" time="0.117" /><testcase classname="tests.test_power_control_wol.TestPowerAction" name="test_power_action_returns_403_for_non_admin" time="0.297" /><testcase classname="tests.test_power_control_wol.TestPowerAction" name="test_power_action_returns_404_for_no_ilo_credential" time="0.128" /><testcase classname="tests.test_power_control_wol.TestPowerState" name="test_power_state_returns_error_gracefully" time="0.139" /><testcase classname="tests.test_power_control_wol.TestPowerState" name="test_power_state_returns_403_for_non_admin" time="0.108" /><testcase classname="tests.test_power_control_wol.TestPowerState" name="test_power_state_returns_404_for_no_ilo_credential" time="0.161" /><testcase classname="tests.test_power_control_wol.TestWakeOnLAN" name="test_wol_queues_command_successfully" time="0.122" /><testcase classname="tests.test_power_control_wol.TestWakeOnLAN" name="test_wol_validates_mac_format" time="0.153" /><testcase classname="tests.test_power_control_wol.TestWakeOnLAN" name="test_wol_validates_empty_mac" time="0.111" /><testcase classname="tests.test_power_control_wol.TestWakeOnLAN" name="test_wol_returns_403_for_non_admin" time="0.098" /><testcase classname="tests.test_power_control_wol.TestPendingCommands" name="test_pending_commands_with_valid_api_key" time="0.360" /><testcase classname="tests.test_power_control_wol.TestPendingCommands" name="test_pending_commands_returns_401_without_api_key" time="0.114" /><testcase classname="tests.test_power_control_wol.TestPendingCommands" name="test_pending_commands_returns_401_for_invalid_api_key" time="0.113" /><testcase classname="tests.test_power_control_wol.TestHeartbeatWithPendingCommands" name="test_heartbeat_includes_pending_commands" time="0.249" /><testcase classname="tests.test_power_control_wol.TestVaultRegression" name="test_vault_credentials_list" time="0.108" /><testcase classname="tests.test_power_control_wol.TestVaultRegression" name="test_vault_credentials_returns_403_for_non_admin" time="0.105" /><testcase classname="tests.test_power_control_wol.TestVaultRegression" name="test_redfish_failover_status" time="0.131" /><testcase classname="tests.test_power_control_wol.TestVaultRegression" name="test_connector_vault_credentials" time="0.112" /></testsuite></testsuites>