<?xml version="1.0" encoding="utf-8"?><testsuites name="pytest tests"><testsuite name="pytest" errors="0" failures="0" skipped="0" tests="18" time="0.552" timestamp="2026-03-30T08:50:02.608490+00:00" hostname="agent-env-9e7b2117-a1fb-4373-abe7-a60400334c9c"><testcase classname="backend.tests.test_discovered_endpoints.TestDiscoveredEndpointsCount" name="test_topology_returns_20_nodes" time="0.277" /><testcase classname="backend.tests.test_discovered_endpoints.TestDiscoveredEndpointsCount" name="test_discovered_endpoints_count" time="0.000" /><testcase classname="backend.tests.test_discovered_endpoints.TestDiscoveredEndpointsCount" name="test_discovered_endpoints_count_field" time="0.000" /><testcase classname="backend.tests.test_discovered_endpoints.TestDiscoveredEndpointAttributes" name="test_endpoints_have_required_fields" time="0.000" /><testcase classname="backend.tests.test_discovered_endpoints.TestEndpointsUnderSwitch4" name="test_switch_4_has_correct_endpoints" time="0.000" /><testcase classname="backend.tests.test_discovered_endpoints.TestEndpointsUnderSwitch5" name="test_switch_5_has_correct_endpoints" time="0.000" /><testcase classname="backend.tests.test_discovered_endpoints.TestEndpointsUnderSwitch6" name="test_switch_6_has_correct_endpoints" time="0.000" /><testcase classname="backend.tests.test_discovered_endpoints.TestEndpointsUnderSwitch7" name="test_switch_7_has_correct_endpoints" time="0.000" /><testcase classname="backend.tests.test_discovered_endpoints.TestEndpointsUnderHPECore" name="test_hpe_core_has_esxi_endpoint" time="0.000" /><testcase classname="backend.tests.test_discovered_endpoints.TestEndpointsUnderNetgearArmadio" name="test_netgear_has_wifi_ap_endpoint" time="0.000" /><testcase classname="backend.tests.test_discovered_endpoints.TestBugFix10GLabels" name="test_edges_to_switch_6_no_10g_label" time="0.000" /><testcase classname="backend.tests.test_discovered_endpoints.TestBugFix10GLabels" name="test_edges_to_switch_7_no_10g_label" time="0.000" /><testcase classname="backend.tests.test_discovered_endpoints.TestBugFix10GLabels" name="test_no_inferred_edges_with_10g_uplink" time="0.000" /><testcase classname="backend.tests.test_discovered_endpoints.TestMACTableEdgesHave10G" name="test_mac_edges_to_switch_4_have_10g" time="0.000" /><testcase classname="backend.tests.test_discovered_endpoints.TestMACTableEdgesHave10G" name="test_mac_edges_to_switch_5_have_10g" time="0.000" /><testcase classname="backend.tests.test_discovered_endpoints.TestMACDiscoveryEdges" name="test_mac_discovery_edges_have_port_labels" time="0.000" /><testcase classname="backend.tests.test_discovered_endpoints.TestLayoutEndpoints" name="test_save_layout_works" time="0.108" /><testcase classname="backend.tests.test_discovered_endpoints.TestLayoutEndpoints" name="test_delete_layout_works" time="0.108" /></testsuite></testsuites>