<?xml version="1.0" encoding="utf-8"?><testsuites name="pytest tests"><testsuite name="pytest" errors="0" failures="0" skipped="0" tests="51" time="5.884" timestamp="2026-05-07T10:55:36.257635+00:00" hostname="agent-env-d3f4f5f4-a4e4-4ce4-bade-7ac7a24e3a24"><testcase classname="backend.tests.smoke_all_routes_test" name="test_auth_me" time="0.367" /><testcase classname="backend.tests.smoke_all_routes_test" name="test_clients" time="0.069" /><testcase classname="backend.tests.smoke_all_routes_test" name="test_devices" time="0.068" /><testcase classname="backend.tests.smoke_all_routes_test" name="test_overview_clients" time="0.083" /><testcase classname="backend.tests.smoke_all_routes_test" name="test_alerts" time="0.072" /><testcase classname="backend.tests.smoke_all_routes_test" name="test_connector_list" time="0.195" /><testcase classname="backend.tests.smoke_all_routes_test" name="test_connector_discovery_results" time="0.140" /><testcase classname="backend.tests.smoke_all_routes_test" name="test_connector_force_update_fake" time="0.069" /><testcase classname="backend.tests.smoke_all_routes_test" name="test_admin_cleanup_dry_run" time="0.067" /><testcase classname="backend.tests.smoke_all_routes_test" name="test_vault" time="0.067" /><testcase classname="backend.tests.smoke_all_routes_test" name="test_runbooks" time="0.067" /><testcase classname="backend.tests.smoke_all_routes_test" name="test_device_profiles" time="0.074" /><testcase classname="backend.tests.smoke_all_routes_test" name="test_datto_scheduler" time="0.069" /><testcase classname="backend.tests.smoke_all_routes_test" name="test_datto_admin_config" time="0.065" /><testcase classname="backend.tests.smoke_all_routes_test" name="test_hornetsecurity_config" time="0.145" /><testcase classname="backend.tests.smoke_all_routes_test" name="test_hornetsecurity_vmbackup" time="0.081" /><testcase classname="backend.tests.smoke_all_routes_test" name="test_oncall" time="0.132" /><testcase classname="backend.tests.smoke_all_routes_test" name="test_cmdb_assets" time="0.065" /><testcase classname="backend.tests.smoke_all_routes_test" name="test_sla" time="0.093" /><testcase classname="backend.tests.smoke_all_routes_test" name="test_lifecycle" time="0.138" /><testcase classname="backend.tests.smoke_all_routes_test" name="test_notifications" time="0.132" /><testcase classname="backend.tests.smoke_all_routes_test" name="test_intel" time="0.201" /><testcase classname="backend.tests.smoke_all_routes_test" name="test_external_monitor" time="0.141" /><testcase classname="backend.tests.smoke_all_routes_test" name="test_admin_integrations" time="0.073" /><testcase classname="backend.tests.smoke_all_routes_test" name="test_wireguard" time="0.134" /><testcase classname="backend.tests.smoke_all_routes_test" name="test_console_v4" time="0.066" /><testcase classname="backend.tests.smoke_all_routes_test" name="test_topology" time="0.082" /><testcase classname="backend.tests.smoke_all_routes_test" name="test_switch_ports" time="0.143" /><testcase classname="backend.tests.smoke_all_routes_test" name="test_bmc_candidates" time="0.067" /><testcase classname="backend.tests.smoke_all_routes_test" name="test_mac_bindings" time="0.065" /><testcase classname="backend.tests.smoke_all_routes_test" name="test_push" time="0.129" /><testcase classname="backend.tests.smoke_all_routes_test" name="test_incidents" time="0.066" /><testcase classname="backend.tests.smoke_all_routes_test" name="test_inventory" time="0.067" /><testcase classname="backend.tests.smoke_all_routes_test" name="test_printers" time="0.075" /><testcase classname="backend.tests.smoke_all_routes_test" name="test_backup" time="0.063" /><testcase classname="backend.tests.smoke_all_routes_test" name="test_soc_ai" time="0.130" /><testcase classname="backend.tests.smoke_all_routes_test" name="test_vulnerability" time="0.082" /><testcase classname="backend.tests.smoke_all_routes_test" name="test_security_status" time="0.084" /><testcase classname="backend.tests.smoke_all_routes_test" name="test_audit" time="0.211" /><testcase classname="backend.tests.smoke_all_routes_test" name="test_firmware_catalog" time="0.067" /><testcase classname="backend.tests.smoke_all_routes_test" name="test_public_dashboard" time="0.064" /><testcase classname="backend.tests.smoke_all_routes_test" name="test_customer_portal" time="0.195" /><testcase classname="backend.tests.smoke_all_routes_test" name="test_connector_update" time="0.320" /><testcase classname="backend.tests.smoke_all_routes_test" name="test_web_proxy" time="0.068" /><testcase classname="backend.tests.smoke_all_routes_test" name="test_arp_cache" time="0.198" /><testcase classname="backend.tests.smoke_all_routes_test" name="test_syslog_trap" time="0.265" /><testcase classname="backend.tests.smoke_all_routes_test" name="test_tv_dashboard" time="0.152" /><testcase classname="backend.tests.smoke_all_routes_test" name="test_reports" time="0.199" /><testcase classname="backend.tests.smoke_all_routes_test" name="test_settings" time="0.065" /><testcase classname="backend.tests.smoke_all_routes_test" name="test_users" time="0.071" /><testcase classname="backend.tests.smoke_all_routes_test" name="test_save_summary" time="0.001" /></testsuite></testsuites>